"../../../../../../Users/Joesph/Documents/Unreal Projects/CSC462/Content/RT_Height_Field_Painter.uasset" 0
"../../../../../../Users/Joesph/Documents/Unreal Projects/CSC462/Content/Landscapes/Textures/T_ForestGround_N.uasset" 1
"../../../../../../Users/Joesph/Documents/Unreal Projects/CSC462/Content/Landscapes/Textures/T_GroundGrass_N.uasset" 2
"../../../../../../Users/Joesph/Documents/Unreal Projects/CSC462/Content/StarterContent/Materials/M_Basic_Floor.uasset" 3
"../../../../../../Users/Joesph/Documents/Unreal Projects/CSC462/Content/StarterContent/Architecture/Floor_400x400.uasset" 4
"../../../../../../Users/Joesph/Documents/Unreal Projects/CSC462/Content/StarterContent/Materials/M_Basic_Wall.uasset" 5
"../../../../../../Users/Joesph/Documents/Unreal Projects/CSC462/Content/StarterContent/Architecture/Pillar_50x500.uasset" 6
"../../../../../../Users/Joesph/Documents/Unreal Projects/CSC462/Content/StarterContent/Materials/M_AssetPlatform.uasset" 7
"../../../../../../Users/Joesph/Documents/Unreal Projects/CSC462/Content/StarterContent/Architecture/SM_AssetPlatform.uasset" 8
"../../../../../../Users/Joesph/Documents/Unreal Projects/CSC462/Content/StarterContent/Architecture/Wall_400x200.uasset" 9
"../../../../../../Users/Joesph/Documents/Unreal Projects/CSC462/Content/StarterContent/Architecture/Wall_400x300.uasset" 10
"../../../../../../Users/Joesph/Documents/Unreal Projects/CSC462/Content/StarterContent/Architecture/Wall_400x400.uasset" 11
"../../../../../../Users/Joesph/Documents/Unreal Projects/CSC462/Content/StarterContent/Architecture/Wall_500x500.uasset" 12
"../../../../../../Users/Joesph/Documents/Unreal Projects/CSC462/Content/StarterContent/Architecture/Wall_Door_400x300.uasset" 13
"../../../../../../Users/Joesph/Documents/Unreal Projects/CSC462/Content/StarterContent/Architecture/Wall_Door_400x400.uasset" 14
"../../../../../../Users/Joesph/Documents/Unreal Projects/CSC462/Content/StarterContent/Architecture/Wall_Window_400x300.uasset" 15
"../../../../../../Users/Joesph/Documents/Unreal Projects/CSC462/Content/StarterContent/Architecture/Wall_Window_400x400.uasset" 16
"../../../../../../Users/Joesph/Documents/Unreal Projects/CSC462/Content/StarterContent/Audio/Starter_Birds01.uasset" 17
"../../../../../../Users/Joesph/Documents/Unreal Projects/CSC462/Content/StarterContent/Audio/Starter_Wind05.uasset" 18
"../../../../../../Users/Joesph/Documents/Unreal Projects/CSC462/Content/StarterContent/Audio/Starter_Wind06.uasset" 19
"../../../../../../Users/Joesph/Documents/Unreal Projects/CSC462/Content/StarterContent/HDRI/HDRI_Epic_Courtyard_Daylight.uasset" 20
"../../../../../../Users/Joesph/Documents/Unreal Projects/CSC462/Content/StarterContent/Shapes/Shape_Cone.uasset" 21
"../../../../../../Users/Joesph/Documents/Unreal Projects/CSC462/Content/StarterContent/Shapes/Shape_Cube.uasset" 22
"../../../../../../Users/Joesph/Documents/Unreal Projects/CSC462/Content/StarterContent/Shapes/Shape_Cylinder.uasset" 23
"../../../../../../Users/Joesph/Documents/Unreal Projects/CSC462/Content/StarterContent/Shapes/Shape_NarrowCapsule.uasset" 24
"../../../../../../Users/Joesph/Documents/Unreal Projects/CSC462/Content/StarterContent/Shapes/Shape_Pipe.uasset" 25
"../../../../../../Users/Joesph/Documents/Unreal Projects/CSC462/Content/StarterContent/Shapes/Shape_Pipe_180.uasset" 26
"../../../../../../Users/Joesph/Documents/Unreal Projects/CSC462/Content/StarterContent/Shapes/Shape_Pipe_90.uasset" 27
"../../../../../../Users/Joesph/Documents/Unreal Projects/CSC462/Content/StarterContent/Shapes/Shape_Plane.uasset" 28
"../../../../../../Users/Joesph/Documents/Unreal Projects/CSC462/Content/StarterContent/Shapes/Shape_QuadPyramid.uasset" 29
"../../../../../../Users/Joesph/Documents/Unreal Projects/CSC462/Content/StarterContent/Shapes/Shape_Sphere.uasset" 30
"../../../../../../Users/Joesph/Documents/Unreal Projects/CSC462/Content/StarterContent/Shapes/Shape_Torus.uasset" 31
"../../../../../../Users/Joesph/Documents/Unreal Projects/CSC462/Content/StarterContent/Shapes/Shape_Trim.uasset" 32
"../../../../../../Users/Joesph/Documents/Unreal Projects/CSC462/Content/StarterContent/Shapes/Shape_Trim_90_In.uasset" 33
"../../../../../../Users/Joesph/Documents/Unreal Projects/CSC462/Content/StarterContent/Shapes/Shape_Trim_90_Out.uasset" 34
"../../../../../../Users/Joesph/Documents/Unreal Projects/CSC462/Content/StarterContent/Shapes/Shape_TriPyramid.uasset" 35
"../../../../../../Users/Joesph/Documents/Unreal Projects/CSC462/Content/StarterContent/Shapes/Shape_Tube.uasset" 36
"../../../../../../Users/Joesph/Documents/Unreal Projects/CSC462/Content/StarterContent/Shapes/Shape_Wedge_A.uasset" 37
"../../../../../../Users/Joesph/Documents/Unreal Projects/CSC462/Content/StarterContent/Shapes/Shape_Wedge_B.uasset" 38
"../../../../../../Users/Joesph/Documents/Unreal Projects/CSC462/Content/StarterContent/Shapes/Shape_WideCapsule.uasset" 39
"../../../../../../Users/Joesph/Documents/Unreal Projects/CSC462/Content/StarterContent/Textures/T_Brick_Clay_Beveled_D.uasset" 40
"../../../../../../Users/Joesph/Documents/Unreal Projects/CSC462/Content/StarterContent/Textures/T_Brick_Clay_Beveled_M.uasset" 41
"../../../../../../Users/Joesph/Documents/Unreal Projects/CSC462/Content/StarterContent/Textures/T_Brick_Clay_Beveled_N.uasset" 42
"../../../../../../Users/Joesph/Documents/Unreal Projects/CSC462/Content/StarterContent/Textures/T_Brick_Clay_New_D.uasset" 43
"../../../../../../Users/Joesph/Documents/Unreal Projects/CSC462/Content/StarterContent/Textures/T_Brick_Clay_New_M.uasset" 44
"../../../../../../Users/Joesph/Documents/Unreal Projects/CSC462/Content/StarterContent/Textures/T_Brick_Clay_New_N.uasset" 45
"../../../../../../Users/Joesph/Documents/Unreal Projects/CSC462/Content/StarterContent/Textures/T_Brick_Clay_Old_D.uasset" 46
"../../../../../../Users/Joesph/Documents/Unreal Projects/CSC462/Content/StarterContent/Textures/T_Brick_Clay_Old_N.uasset" 47
"../../../../../../Users/Joesph/Documents/Unreal Projects/CSC462/Content/StarterContent/Textures/T_Brick_Cut_Stone_D.uasset" 48
"../../../../../../Users/Joesph/Documents/Unreal Projects/CSC462/Content/StarterContent/Textures/T_Brick_Cut_Stone_N.uasset" 49
"../../../../../../Users/Joesph/Documents/Unreal Projects/CSC462/Content/StarterContent/Textures/T_Brick_Hewn_Stone_D.uasset" 50
"../../../../../../Users/Joesph/Documents/Unreal Projects/CSC462/Content/StarterContent/Textures/T_Brick_Hewn_Stone_M.uasset" 51
"../../../../../../Users/Joesph/Documents/Unreal Projects/CSC462/Content/StarterContent/Textures/T_Brick_Hewn_Stone_N.uasset" 52
"../../../../../../Users/Joesph/Documents/Unreal Projects/CSC462/Content/StarterContent/Textures/T_Burst_M.uasset" 53
"../../../../../../Users/Joesph/Documents/Unreal Projects/CSC462/Content/StarterContent/Textures/T_Ceramic_Tile_M.uasset" 54
"../../../../../../Users/Joesph/Documents/Unreal Projects/CSC462/Content/StarterContent/Textures/T_Ceramic_Tile_N.uasset" 55
"../../../../../../Users/Joesph/Documents/Unreal Projects/CSC462/Content/StarterContent/Textures/T_Chair_M.uasset" 56
"../../../../../../Users/Joesph/Documents/Unreal Projects/CSC462/Content/StarterContent/Textures/T_Chair_N.uasset" 57
"../../../../../../Users/Joesph/Documents/Unreal Projects/CSC462/Content/StarterContent/Textures/T_Checker_Noise_M.uasset" 58
"../../../../../../Users/Joesph/Documents/Unreal Projects/CSC462/Content/StarterContent/Textures/T_CobbleStone_Pebble_D.uasset" 59
"../../../../../../Users/Joesph/Documents/Unreal Projects/CSC462/Content/StarterContent/Textures/T_CobbleStone_Pebble_M.uasset" 60
"../../../../../../Users/Joesph/Documents/Unreal Projects/CSC462/Content/StarterContent/Textures/T_CobbleStone_Pebble_N.uasset" 61
"../../../../../../Users/Joesph/Documents/Unreal Projects/CSC462/Content/StarterContent/Textures/T_CobbleStone_Rough_D.uasset" 62
"../../../../../../Users/Joesph/Documents/Unreal Projects/CSC462/Content/StarterContent/Textures/T_CobbleStone_Rough_N.uasset" 63
"../../../../../../Users/Joesph/Documents/Unreal Projects/CSC462/Content/StarterContent/Textures/T_CobbleStone_Smooth_D.uasset" 64
"../../../../../../Users/Joesph/Documents/Unreal Projects/CSC462/Content/StarterContent/Textures/T_CobbleStone_Smooth_M.uasset" 65
"../../../../../../Users/Joesph/Documents/Unreal Projects/CSC462/Content/StarterContent/Textures/T_CobbleStone_Smooth_N.uasset" 66
"../../../../../../Users/Joesph/Documents/Unreal Projects/CSC462/Content/StarterContent/Textures/T_Concrete_Grime_D.uasset" 67
"../../../../../../Users/Joesph/Documents/Unreal Projects/CSC462/Content/StarterContent/Textures/T_Concrete_Panels_D.uasset" 68
"../../../../../../Users/Joesph/Documents/Unreal Projects/CSC462/Content/StarterContent/Textures/T_Concrete_Panels_N.uasset" 69
"../../../../../../Users/Joesph/Documents/Unreal Projects/CSC462/Content/StarterContent/Textures/T_Concrete_Poured_D.uasset" 70
"../../../../../../Users/Joesph/Documents/Unreal Projects/CSC462/Content/StarterContent/Textures/T_Concrete_Poured_N.uasset" 71
"../../../../../../Users/Joesph/Documents/Unreal Projects/CSC462/Content/StarterContent/Textures/T_Concrete_Tiles_D.uasset" 72
"../../../../../../Users/Joesph/Documents/Unreal Projects/CSC462/Content/StarterContent/Textures/T_Concrete_Tiles_M.uasset" 73
"../../../../../../Users/Joesph/Documents/Unreal Projects/CSC462/Content/StarterContent/Textures/T_Concrete_Tiles_N.uasset" 74
"../../../../../../Users/Joesph/Documents/Unreal Projects/CSC462/Content/StarterContent/Textures/T_Concrete_Tiles_Variation_M.uasset" 75
"../../../../../../Users/Joesph/Documents/Unreal Projects/CSC462/Content/StarterContent/Textures/T_Door_M.uasset" 76
"../../../../../../Users/Joesph/Documents/Unreal Projects/CSC462/Content/StarterContent/Textures/T_Door_N.uasset" 77
"../../../../../../Users/Joesph/Documents/Unreal Projects/CSC462/Content/StarterContent/Textures/T_Dust_Particle_D.uasset" 78
"../../../../../../Users/Joesph/Documents/Unreal Projects/CSC462/Content/StarterContent/Textures/T_Explosion_SubUV.uasset" 79
"../../../../../../Users/Joesph/Documents/Unreal Projects/CSC462/Content/StarterContent/Textures/T_Fire_SubUV.uasset" 80
"../../../../../../Users/Joesph/Documents/Unreal Projects/CSC462/Content/StarterContent/Textures/T_Fire_Tiled_D.uasset" 81
"../../../../../../Users/Joesph/Documents/Unreal Projects/CSC462/Content/StarterContent/Textures/T_Frame_M.uasset" 82
"../../../../../../Users/Joesph/Documents/Unreal Projects/CSC462/Content/StarterContent/Textures/T_Frame_N.uasset" 83
"../../../../../../Users/Joesph/Documents/Unreal Projects/CSC462/Content/StarterContent/Textures/T_Gradinet_01.uasset" 84
"../../../../../../Users/Joesph/Documents/Unreal Projects/CSC462/Content/StarterContent/Textures/T_Ground_Gravel_D.uasset" 85
"../../../../../../Users/Joesph/Documents/Unreal Projects/CSC462/Content/StarterContent/Textures/T_Ground_Gravel_N.uasset" 86
"../../../../../../Users/Joesph/Documents/Unreal Projects/CSC462/Content/StarterContent/Textures/T_ground_Moss_D.uasset" 87
"../../../../../../Users/Joesph/Documents/Unreal Projects/CSC462/Content/StarterContent/Textures/T_Ground_Moss_N.uasset" 88
"../../../../../../Users/Joesph/Documents/Unreal Projects/CSC462/Content/StarterContent/Textures/T_Lamp_M.uasset" 89
"../../../../../../Users/Joesph/Documents/Unreal Projects/CSC462/Content/StarterContent/Textures/T_Lamp_N.uasset" 90
"../../../../../../Users/Joesph/Documents/Unreal Projects/CSC462/Content/StarterContent/Textures/T_Metal_Aluminum_D.uasset" 91
"../../../../../../Users/Joesph/Documents/Unreal Projects/CSC462/Content/StarterContent/Textures/T_Metal_Copper_D.uasset" 92
"../../../../../../Users/Joesph/Documents/Unreal Projects/CSC462/Content/StarterContent/Textures/T_Metal_Gold_D.uasset" 93
"../../../../../../Users/Joesph/Documents/Unreal Projects/CSC462/Content/StarterContent/Textures/T_Metal_Gold_N.uasset" 94
"../../../../../../Users/Joesph/Documents/Unreal Projects/CSC462/Content/StarterContent/Textures/T_Metal_Rust_D.uasset" 95
"../../../../../../Users/Joesph/Documents/Unreal Projects/CSC462/Content/StarterContent/Textures/T_Metal_Rust_N.uasset" 96
"../../../../../../Users/Joesph/Documents/Unreal Projects/CSC462/Content/StarterContent/Textures/T_Metal_Steel_D.uasset" 97
"../../../../../../Users/Joesph/Documents/Unreal Projects/CSC462/Content/StarterContent/Textures/T_Metal_Steel_N.uasset" 98
"../../../../../../Users/Joesph/Documents/Unreal Projects/CSC462/Content/StarterContent/Textures/T_Rock_Basalt_N.uasset" 99
"../../../../../../Users/Joesph/Documents/Unreal Projects/CSC462/Content/StarterContent/Textures/T_Rock_Marble_Polished_D.uasset" 100
"../../../../../../Users/Joesph/Documents/Unreal Projects/CSC462/Content/StarterContent/Textures/T_Rock_Sandstone_D.uasset" 101
"../../../../../../Users/Joesph/Documents/Unreal Projects/CSC462/Content/StarterContent/Textures/T_Rock_Sandstone_N.uasset" 102
"../../../../../../Users/Joesph/Documents/Unreal Projects/CSC462/Content/StarterContent/Textures/T_Rock_Slate_D.uasset" 103
"../../../../../../Users/Joesph/Documents/Unreal Projects/CSC462/Content/StarterContent/Textures/T_Rock_Slate_N.uasset" 104
"../../../../../../Users/Joesph/Documents/Unreal Projects/CSC462/Content/StarterContent/Textures/T_Rock_Smooth_Granite_D.uasset" 105
"../../../../../../Users/Joesph/Documents/Unreal Projects/CSC462/Content/StarterContent/Textures/T_Shelf_M.uasset" 106
"../../../../../../Users/Joesph/Documents/Unreal Projects/CSC462/Content/StarterContent/Textures/T_Shelf_N.uasset" 107
"../../../../../../Users/Joesph/Documents/Unreal Projects/CSC462/Content/StarterContent/Textures/T_Single_Tile_N.uasset" 108
"../../../../../../Users/Joesph/Documents/Unreal Projects/CSC462/Content/StarterContent/Textures/T_Smoke_SubUV.uasset" 109
"../../../../../../Users/Joesph/Documents/Unreal Projects/CSC462/Content/StarterContent/Textures/T_Smoke_Tiled_D.uasset" 110
"../../../../../../Users/Joesph/Documents/Unreal Projects/CSC462/Content/StarterContent/Textures/T_Spark_Core.uasset" 111
"../../../../../../Users/Joesph/Documents/Unreal Projects/CSC462/Content/StarterContent/Textures/T_Statue_M.uasset" 112
"../../../../../../Users/Joesph/Documents/Unreal Projects/CSC462/Content/StarterContent/Textures/T_Statue_N.uasset" 113
"../../../../../../Users/Joesph/Documents/Unreal Projects/CSC462/Content/StarterContent/Textures/T_TableRound_M.uasset" 114
"../../../../../../Users/Joesph/Documents/Unreal Projects/CSC462/Content/StarterContent/Textures/T_TableRound_N.uasset" 115
"../../../../../../Users/Joesph/Documents/Unreal Projects/CSC462/Content/StarterContent/Textures/T_Tech_Dot_M.uasset" 116
"../../../../../../Users/Joesph/Documents/Unreal Projects/CSC462/Content/StarterContent/Textures/T_Tech_Dot_N.uasset" 117
"../../../../../../Users/Joesph/Documents/Unreal Projects/CSC462/Content/StarterContent/Textures/T_Tech_Hex_Tile_M.uasset" 118
"../../../../../../Users/Joesph/Documents/Unreal Projects/CSC462/Content/StarterContent/Textures/T_Tech_Hex_Tile_N.uasset" 119
"../../../../../../Users/Joesph/Documents/Unreal Projects/CSC462/Content/StarterContent/Textures/T_Tech_Panel_M.uasset" 120
"../../../../../../Users/Joesph/Documents/Unreal Projects/CSC462/Content/StarterContent/Textures/T_Tech_Panel_N.uasset" 121
"../../../../../../Users/Joesph/Documents/Unreal Projects/CSC462/Content/StarterContent/Textures/T_Water_M.uasset" 122
"../../../../../../Users/Joesph/Documents/Unreal Projects/CSC462/Content/StarterContent/Textures/T_Water_N.uasset" 123
"../../../../../../Users/Joesph/Documents/Unreal Projects/CSC462/Content/StarterContent/Textures/T_Wood_Floor_Walnut_D.uasset" 124
"../../../../../../Users/Joesph/Documents/Unreal Projects/CSC462/Content/StarterContent/Textures/T_Wood_Floor_Walnut_M.uasset" 125
"../../../../../../Users/Joesph/Documents/Unreal Projects/CSC462/Content/StarterContent/Textures/T_Wood_Floor_Walnut_N.uasset" 126
"../../../../../../Users/Joesph/Documents/Unreal Projects/CSC462/Content/StarterContent/Textures/T_Wood_Oak_D.uasset" 127
"../../../../../../Users/Joesph/Documents/Unreal Projects/CSC462/Content/StarterContent/Textures/T_Wood_Oak_N.uasset" 128
"../../../../../../Users/Joesph/Documents/Unreal Projects/CSC462/Content/StarterContent/Textures/T_Wood_Pine_D.uasset" 129
"../../../../../../Users/Joesph/Documents/Unreal Projects/CSC462/Content/StarterContent/Textures/T_Wood_Pine_N.uasset" 130
"../../../../../../Users/Joesph/Documents/Unreal Projects/CSC462/Content/StarterContent/Textures/T_Wood_Walnut_D.uasset" 131
"../../../../../../Users/Joesph/Documents/Unreal Projects/CSC462/Content/StarterContent/Textures/T_Wood_Walnut_N.uasset" 132
"../../../Engine/Content/Functions/Engine_MaterialFunctions01/Opacity/CameraDepthFade.uasset" 133
"../../../Engine/Content/EngineMaterials/T_Default_Material_Grid_M.uasset" 134
"../../../Engine/Content/EngineMaterials/T_Default_Material_Grid_N.uasset" 135
"../../../Engine/Content/EngineMaterials/WorldGridMaterial.uasset" 136
"../../../Engine/Content/ArtTools/RenderToTexture/Meshes/S_1_Unit_Plane.uasset" 137
"../../../Engine/Content/EngineMaterials/DefaultMaterial.uasset" 138
"../../../Engine/Content/BasicShapes/Cone.uasset" 139
"../../../Engine/Content/BasicShapes/Cube.uasset" 140
"../../../Engine/Content/BasicShapes/Cylinder.uasset" 141
"../../../Engine/Content/BasicShapes/Plane.uasset" 142
"../../../Engine/Content/BasicShapes/Sphere.uasset" 143
"../../../Engine/Content/EditorLandscapeResources/DataLayer.uasset" 144
"../../../Engine/Content/EditorMaterials/GizmoMaterial.uasset" 145
"../../../Engine/Content/EditorMaterials/MAT_Groups_Toggle.uasset" 146
"../../../Engine/Content/EditorMaterials/MAT_Groups_Visibility.uasset" 147
"../../../Engine/Content/EditorMaterials/PreviewShadowIndicator.uasset" 148
"../../../Engine/Content/EditorMaterials/PreviewShadowIndicatorMaterial.uasset" 149
"../../../Engine/Content/EditorMaterials/MatineeGroups/MAT_ColorTrack.uasset" 150
"../../../Engine/Content/EditorMaterials/MatineeGroups/MAT_Groups_Anim.uasset" 151
"../../../Engine/Content/EditorMaterials/MatineeGroups/MAT_Groups_AudioMaster.uasset" 152
"../../../Engine/Content/EditorMaterials/MatineeGroups/MAT_Groups_Director.uasset" 153
"../../../Engine/Content/EditorMaterials/MatineeGroups/MAT_Groups_Event.uasset" 154
"../../../Engine/Content/EditorMaterials/MatineeGroups/MAT_Groups_Fade.uasset" 155
"../../../Engine/Content/EditorMaterials/MatineeGroups/MAT_Groups_Float.uasset" 156
"../../../Engine/Content/EditorMaterials/MatineeGroups/MAT_Groups_Move.uasset" 157
"../../../Engine/Content/EditorMaterials/MatineeGroups/MAT_Groups_Slomo.uasset" 158
"../../../Engine/Content/EditorMaterials/MatineeGroups/MAT_Groups_Sound.uasset" 159
"../../../Engine/Content/EditorMaterials/MatineeGroups/MAT_Groups_Vector.uasset" 160
"../../../Engine/Content/EditorMaterials/ParticleSystems/PSysThumbnail_NoImage.uasset" 161
"../../../Engine/Content/EditorMaterials/ParticleSystems/PSysThumbnail_OOD.uasset" 162
"../../../Engine/Content/EditorMaterials/Camera/CineMat.uasset" 163
"../../../Engine/Content/EditorMaterials/Camera/MI_CineMat_Rig.uasset" 164
"../../../Engine/Content/EditorMeshes/Camera/SM_CraneRig_Arm.uasset" 165
"../../../Engine/Content/EditorMeshes/Camera/SM_CraneRig_Base.uasset" 166
"../../../Engine/Content/EditorMeshes/Camera/SM_CraneRig_Body.uasset" 167
"../../../Engine/Content/EditorMeshes/Camera/SM_CraneRig_Mount.uasset" 168
"../../../Engine/Content/EditorMeshes/Camera/SM_RailRig_Mount.uasset" 169
"../../../Engine/Content/EditorMeshes/Camera/SM_RailRig_Track.uasset" 170
"../../../Engine/Content/EditorResources/BSPVertex.uasset" 171
"../../../Engine/Content/EditorResources/EmptyActor.uasset" 172
"../../../Engine/Content/EditorResources/S_Actor.uasset" 173
"../../../Engine/Content/EditorResources/S_Trigger.uasset" 174
"../../../Engine/Content/EditorResources/AudioIcons/S_AudioComponent_AutoActivate.uasset" 175
"../../../Engine/Content/EditorResources/LightIcons/S_LightError.uasset" 176
"../../../Engine/Content/EditorResources/SequenceRecorder/Countdown.uasset" 177
"../../../Engine/Content/EditorResources/SequenceRecorder/RecordingIndicator.uasset" 178
"../../../Engine/Content/EditorSounds/Notifications/CompileFailed.uasset" 179
"../../../Engine/Content/EditorSounds/Notifications/CompileFailed_Cue.uasset" 180
"../../../Engine/Content/EditorSounds/Notifications/CompileSuccess.uasset" 181
"../../../Engine/Content/EditorSounds/Notifications/CompileStart_Cue.uasset" 182
"../../../Engine/Content/EditorSounds/Notifications/CompileSuccess_Cue.uasset" 183
"../../../Engine/Content/EngineDamageTypes/DmgTypeBP_Environmental.uasset" 184
"../../../Engine/Content/EngineDebugMaterials/HeatmapGradient.uasset" 185
"../../../Engine/Content/EngineDebugMaterials/BoneWeightMaterial.uasset" 186
"../../../Engine/Content/EngineDebugMaterials/ClothMaterial.uasset" 187
"../../../Engine/Content/EngineDebugMaterials/ClothMaterial_WF.uasset" 188
"../../../Engine/Content/EngineDebugMaterials/DebugEditorMaterial.uasset" 189
"../../../Engine/Content/EngineDebugMaterials/DebugMeshMaterial.uasset" 190
"../../../Engine/Content/EngineDebugMaterials/GeomMaterial.uasset" 191
"../../../Engine/Content/EngineDebugMaterials/M_SimpleTranslucent.uasset" 192
"../../../Engine/Content/EngineFonts/Faces/RobotoBold.uasset" 193
"../../../Engine/Content/EngineFonts/Faces/RobotoBoldItalic.uasset" 194
"../../../Engine/Content/EngineFonts/Faces/RobotoItalic.uasset" 195
"../../../Engine/Content/EngineFonts/Faces/RobotoLight.uasset" 196
"../../../Engine/Content/EngineFonts/Faces/RobotoRegular.uasset" 197
"../../../Engine/Content/EngineFonts/Roboto.uasset" 198
"../../../Engine/Content/EngineFonts/Faces/RobotoTiny.uasset" 199
"../../../Engine/Content/EngineFonts/RobotoTiny.uasset" 200
"../../../Engine/Content/EngineMaterials/BaseFlattenDiffuseMap.uasset" 201
"../../../Engine/Content/EngineMaterials/BaseFlattenEmissiveMap.uasset" 202
"../../../Engine/Content/EngineMaterials/BaseFlattenGrayscaleMap.uasset" 203
"../../../Engine/Content/EngineMaterials/BaseFlattenNormalMap.uasset" 204
"../../../Engine/Content/EngineMaterials/BaseFlattenMaterial.uasset" 205
"../../../Engine/Content/EngineMaterials/DefaultBloomKernel.uasset" 206
"../../../Engine/Content/EngineMaterials/DefaultBokeh.uasset" 207
"../../../Engine/Content/EngineMaterials/DefaultDiffuse.uasset" 208
"../../../Engine/Content/EngineMaterials/DefaultDeferredDecalMaterial.uasset" 209
"../../../Engine/Content/EngineMaterials/DefaultLightFunctionMaterial.uasset" 210
"../../../Engine/Content/Functions/Engine_MaterialFunctions02/Utility/BreakOutFloat2Components.uasset" 211
"../../../Engine/Content/EngineMaterials/DefaultPostProcessMaterial.uasset" 212
"../../../Engine/Content/EngineFonts/RobotoDistanceField.uasset" 213
"../../../Engine/Content/EngineMaterials/DefaultTextMaterialOpaque.uasset" 214
"../../../Engine/Content/EngineMaterials/DefaultWhiteGrid.uasset" 215
"../../../Engine/Content/EngineMaterials/EditorBrushMaterial.uasset" 216
"../../../Engine/Content/EngineMaterials/Good64x64TilingNoiseHighFreq.uasset" 217
"../../../Engine/Content/EngineMaterials/MiniFont.uasset" 218
"../../../Engine/Content/EngineMaterials/InvalidLightmapSettings.uasset" 219
"../../../Engine/Content/EngineMaterials/M_InvalidLightmapSettings.uasset" 220
"../../../Engine/Content/Functions/Engine_MaterialFunctions02/WorldPositionOffset/CameraOffset.uasset" 221
"../../../Engine/Content/EngineMaterials/PhAT_JointLimitMaterial.uasset" 222
"../../../Engine/Content/EngineMaterials/PreintegratedSkinBRDF.uasset" 223
"../../../Engine/Content/EngineMaterials/RemoveSurfaceMaterial.uasset" 224
"../../../Engine/Content/EngineMaterials/WeightMapPlaceholderTexture.uasset" 225
"../../../Engine/Content/EngineResources/WhiteSquareTexture.uasset" 226
"../../../Engine/Content/EngineMaterials/Widget3DPassThrough.uasset" 227
"../../../Engine/Content/EngineMaterials/Widget3DPassThrough_Masked.uasset" 228
"../../../Engine/Content/EngineMaterials/Widget3DPassThrough_Opaque.uasset" 229
"../../../Engine/Content/EngineMaterials/Widget3DPassThrough_Masked_OneSided.uasset" 230
"../../../Engine/Content/EngineMaterials/Widget3DPassThrough_Opaque_OneSided.uasset" 231
"../../../Engine/Content/EngineMaterials/Widget3DPassThrough_Translucent.uasset" 232
"../../../Engine/Content/EngineMaterials/Widget3DPassThrough_Translucent_OneSided.uasset" 233
"../../../Engine/Content/EngineMeshes/Cylinder.uasset" 234
"../../../Engine/Content/EngineMeshes/Sphere.uasset" 235
"../../../Engine/Content/EngineResources/Black.uasset" 236
"../../../Engine/Content/EngineResources/DefaultTexture.uasset" 237
"../../../Engine/Content/EngineResources/DefaultTextureCube.uasset" 238
"../../../Engine/Content/EngineResources/DefaultVolumeTexture2D.uasset" 239
"../../../Engine/Content/EngineResources/DefaultVolumeTexture.uasset" 240
"../../../Engine/Content/EngineResources/GradientTexture0.uasset" 241
"../../../Engine/Content/EngineSounds/Master.uasset" 242
"../../../Engine/Content/Functions/Engine_MaterialFunctions01/Shading/ConvertFromDiffSpec.uasset" 243
"../../../Engine/Content/Functions/Engine_MaterialFunctions01/Shading/PowerToRoughness.uasset" 244
"../../../Engine/Content/Maps/Templates/Thumbnails/Default.uasset" 245
"../../../Engine/Content/Maps/Templates/Thumbnails/VR-Basic.uasset" 246
"../../../Engine/Content/MobileResources/T_MobileControls_texture.uasset" 247
"../../../Engine/Content/MobileResources/T_MobileMenu2.uasset" 248
"../../../Engine/Content/MobileResources/HUD/AnalogHat.uasset" 249
"../../../Engine/Content/MobileResources/HUD/VirtualJoystick_Background.uasset" 250
"../../../Engine/Content/MobileResources/HUD/VirtualJoystick_Thumb.uasset" 251
"../../../Engine/Content/MobileResources/HUD/DefaultVirtualJoysticks.uasset" 252
"../../../Engine/Content/MobileResources/HUD/LeftVirtualJoystickOnly.uasset" 253
"../../../Engine/Content/MobileResources/HUD/MobileHUDButton1_off.uasset" 254
"../../../Engine/Content/MobileResources/HUD/MobileHUDButton1_on.uasset" 255
"../../../Engine/Content/MobileResources/HUD/MobileHUDButton2_off.uasset" 256
"../../../Engine/Content/MobileResources/HUD/MobileHUDButton2_on.uasset" 257
"../../../Engine/Content/MobileResources/HUD/MobileHUDButton3.uasset" 258
"../../../Engine/Content/MobileResources/HUD/MobileHUDButtonFire.uasset" 259
"../../../Engine/Content/MobileResources/HUD/MobileHUDDirectionPad.uasset" 260
"../../../Engine/Content/MobileResources/HUD/MobileHUDDirectionPad2.uasset" 261
"../../../Engine/Content/MobileResources/HUD/MobileHUDDirectionPad3.uasset" 262
"../../../Engine/Content/MobileResources/HUD/MobileHUDDirectionStick.uasset" 263
"../../../Engine/Content/MobileResources/HUD/T_Castle_ThumbstickInner.uasset" 264
"../../../Engine/Content/MobileResources/HUD/T_Castle_ThumbstickOutter.uasset" 265
"../../../Engine/Content/Tutorial/ContentIntroCurve.uasset" 266
"../../../Engine/Content/Tutorial/Basics/TutorialAssets/CameraActor_64x.uasset" 267
"../../../Engine/Content/Tutorial/Basics/TutorialAssets/icon_tab_Levels_40x.uasset" 268
"../../../Engine/Content/Tutorial/BlueprintTutorials/TutorialAssets/BlueprintInterface_64x.uasset" 269
"../../../Engine/Content/Tutorial/BlueprintTutorials/TutorialAssets/Blueprint_64x.uasset" 270
"../../../Engine/Content/Tutorial/BlueprintTutorials/TutorialAssets/Tutorial_BP_Interface.uasset" 271
"../../../Engine/Content/VREditor/LaserPointer/VR_LaserPower_01.uasset" 272
"../../../Engine/Content/VREditor/TransformGizmo/TransformGizmoMaterial.uasset" 273
"../../../Engine/Content/VREditor/TransformGizmo/TranslucentTransformGizmoMaterial.uasset" 274
"../../../Engine/Content/VREditor/TransformGizmo/BoundingBoxCorner.uasset" 275
"../../../Engine/Content/VREditor/TransformGizmo/BoundingBoxEdge.uasset" 276
"../../../Engine/Content/VREditor/TransformGizmo/PlaneTranslationHandle.uasset" 277
"../../../Engine/Content/VREditor/TransformGizmo/Main.uasset" 278
"../../../Engine/Content/VREditor/TransformGizmo/Xray.uasset" 279
"../../../Engine/Content/VREditor/TransformGizmo/SM_Sequencer_Key.uasset" 280
"../../../Engine/Content/VREditor/TransformGizmo/SM_Sequencer_Node.uasset" 281
"../../Plugins/2D/Paper2D/Content/PlaceholderTextures/DummySpriteTexture.uasset" 282
"../../Plugins/2D/Paper2D/Content/DummySprite.uasset" 283
"../../Plugins/2D/Paper2D/Content/DefaultPaperTerrainMaterial.uasset" 284
"../../Plugins/2D/Paper2D/Content/DefaultSpriteMaterial.uasset" 285
"../../Plugins/2D/Paper2D/Content/MaskedUnlitSpriteMaterial.uasset" 286
"../../Plugins/2D/Paper2D/Content/OpaqueUnlitSpriteMaterial.uasset" 287
"../../Plugins/Runtime/Oculus/OculusVR/Content/Materials/PokeAHoleMaterial.uasset" 288
"../../Plugins/Runtime/Oculus/OculusVR/Content/Textures/GearVRController_AO.uasset" 289
"../../Plugins/Runtime/Oculus/OculusVR/Content/Textures/GearVRController_Color.uasset" 290
"../../Plugins/Runtime/Oculus/OculusVR/Content/Textures/GearVRController_Normal.uasset" 291
"../../Plugins/Runtime/Oculus/OculusVR/Content/Materials/GearVRControllerMaterial.uasset" 292
"../../Plugins/Runtime/Oculus/OculusVR/Content/Meshes/GearVrController.uasset" 293
"../../Plugins/Runtime/Oculus/OculusVR/Content/Textures/touchController_albedo.uasset" 294
"../../Plugins/Runtime/Oculus/OculusVR/Content/Textures/touchController_controlmap.uasset" 295
"../../Plugins/Runtime/Oculus/OculusVR/Content/Materials/touchController_mat.uasset" 296
"../../Plugins/Runtime/Oculus/OculusVR/Content/Meshes/LeftTouchController.uasset" 297
"../../Plugins/Runtime/Oculus/OculusVR/Content/Meshes/RiftHMD.uasset" 298
"../../Plugins/Runtime/Oculus/OculusVR/Content/Meshes/RightTouchController.uasset" 299
"../../../Engine/Content/EditorBlueprintResources/StandardMacros.uasset" 300
"../../../Engine/Content/EngineSky/C_Sky_Cloud_Color.uasset" 301
"../../../Engine/Content/EngineSky/C_Sky_Horizon_Color.uasset" 302
"../../../Engine/Content/EngineSky/C_Sky_Zenith_Color.uasset" 303
"../../../Engine/Content/EngineSky/T_Sky_Blue.uasset" 304
"../../../Engine/Content/EngineSky/T_Sky_Clouds_M.uasset" 305
"../../../Engine/Content/EngineSky/T_Sky_Stars.uasset" 306
"../../../Engine/Content/EngineSky/M_Sky_Panning_Clouds2.uasset" 307
"../../../Engine/Content/EngineSky/SM_SkySphere.uasset" 308
"../../../Engine/Content/EngineSky/BP_Sky_Sphere.uasset" 309
"../../../Engine/Content/Functions/Engine_MaterialFunctions02/Utility/VectorLength.uasset" 310
"../../../../../../Users/Joesph/Documents/Unreal Projects/CSC462/Content/BlueprintFluidSurface/ForceSplat.uasset" 311
"../../../../../../Users/Joesph/Documents/Unreal Projects/CSC462/Content/BlueprintFluidSurface/DefaultHeightfield.uasset" 312
"../../../../../../Users/Joesph/Documents/Unreal Projects/CSC462/Content/BlueprintFluidSurface/HeightfieldPainterMaterial.uasset" 313
"../../../../../../Users/Joesph/Documents/Unreal Projects/CSC462/Content/BlueprintFluidSurface/SM_Plane1000_512.uasset" 314
"../../../../../../Users/Joesph/Documents/Unreal Projects/CSC462/Content/HeightFieldPainter.uasset" 315
"../../../../../../Users/Joesph/Documents/Unreal Projects/CSC462/Content/HeightFieldPainterGameMode.uasset" 316
"../../../../../../Users/Joesph/Documents/Unreal Projects/CSC462/Content/Landscapes/Textures/T_ForestGround_D.uasset" 317
"../../../../../../Users/Joesph/Documents/Unreal Projects/CSC462/Content/Landscapes/Textures/T_Noise_N.uasset" 318
"../../../../../../Users/Joesph/Documents/Unreal Projects/CSC462/Content/Landscapes/Materials/M_Rock.uasset" 319
"../../../../../../Users/Joesph/Documents/Unreal Projects/CSC462/Content/Landscapes/Meshes/SM_Rock.uasset" 320
"../../../../../../Users/Joesph/Documents/Unreal Projects/CSC462/Content/RockPawn.uasset" 321
"../../../../../../Users/Joesph/Documents/Unreal Projects/CSC462/Content/RockPawnLarge.uasset" 322
"../../../../../../Users/Joesph/Documents/Unreal Projects/CSC462/Content/RockPawnSmall.uasset" 323
"../../../../../../Users/Joesph/Documents/Unreal Projects/CSC462/Content/RockSpawner.uasset" 324
"../../../../../../Users/Joesph/Documents/Unreal Projects/CSC462/Content/BlueprintFluidSurface/ComputeNormal.uasset" 325
"../../../../../../Users/Joesph/Documents/Unreal Projects/CSC462/Content/BlueprintFluidSurface/HeightSim.uasset" 326
"../../../../../../Users/Joesph/Documents/Unreal Projects/CSC462/Content/BlueprintFluidSurface/DefaultHeightfieldNormal.uasset" 327
"../../../../../../Users/Joesph/Documents/Unreal Projects/CSC462/Content/BlueprintFluidSurface/WaterMaterial.uasset" 328
"../../../../../../Users/Joesph/Documents/Unreal Projects/CSC462/Content/BlueprintFluidSurface/Height0.uasset" 329
"../../../../../../Users/Joesph/Documents/Unreal Projects/CSC462/Content/BlueprintFluidSurface/Height1.uasset" 330
"../../../../../../Users/Joesph/Documents/Unreal Projects/CSC462/Content/BlueprintFluidSurface/Height2.uasset" 331
"../../../../../../Users/Joesph/Documents/Unreal Projects/CSC462/Content/BlueprintFluidSurface/HeightfieldNormal.uasset" 332
"../../../../../../Users/Joesph/Documents/Unreal Projects/CSC462/Content/M_BasicParticle.uasset" 333
"../../../../../../Users/Joesph/Documents/Unreal Projects/CSC462/Content/SplashParticles.uasset" 334
"../../../../../../Users/Joesph/Documents/Unreal Projects/CSC462/Content/SplashParticlesMed.uasset" 335
"../../../../../../Users/Joesph/Documents/Unreal Projects/CSC462/Content/SplashParticlesSmall.uasset" 336
"../../../../../../Users/Joesph/Documents/Unreal Projects/CSC462/Content/StarterContent/Audio/Splash3.uasset" 337
"../../../../../../Users/Joesph/Documents/Unreal Projects/CSC462/Content/StarterContent/Audio/SplashCue_Large.uasset" 338
"../../../../../../Users/Joesph/Documents/Unreal Projects/CSC462/Content/StarterContent/Audio/Splash2.uasset" 339
"../../../../../../Users/Joesph/Documents/Unreal Projects/CSC462/Content/StarterContent/Audio/SplashCue_Med.uasset" 340
"../../../../../../Users/Joesph/Documents/Unreal Projects/CSC462/Content/StarterContent/Audio/Splash1.uasset" 341
"../../../../../../Users/Joesph/Documents/Unreal Projects/CSC462/Content/StarterContent/Audio/SplashCue_Small.uasset" 342
"../../../../../../Users/Joesph/Documents/Unreal Projects/CSC462/Content/WaterSurface.uasset" 343
"../../../../../../Users/Joesph/Documents/Unreal Projects/CSC462/Content/StarterContent/Maps/Minimal_Default_BuiltData.uasset" 344
"../../../../../../Users/Joesph/Documents/Unreal Projects/CSC462/Content/StarterContent/Textures/T_Ground_Grass_D.uasset" 345
"../../../../../../Users/Joesph/Documents/Unreal Projects/CSC462/Content/StarterContent/Textures/T_Ground_Grass_N.uasset" 346
"../../../../../../Users/Joesph/Documents/Unreal Projects/CSC462/Content/StarterContent/Textures/T_MacroVariation.uasset" 347
"../../../../../../Users/Joesph/Documents/Unreal Projects/CSC462/Content/StarterContent/Textures/T_Perlin_Noise_M.uasset" 348
"../../../../../../Users/Joesph/Documents/Unreal Projects/CSC462/Content/StarterContent/Materials/M_Ground_Grass.uasset" 349
"../../../Engine/Content/EngineMaterials/DefaultPhysicalMaterial.uasset" 350
"../../../../../../Users/Joesph/Documents/Unreal Projects/CSC462/Content/Landscapes/Materials/M_Dead_Tree.uasset" 351
"../../../../../../Users/Joesph/Documents/Unreal Projects/CSC462/Content/Landscapes/Meshes/SM_Dead_Tree.uasset" 352
"../../../../../../Users/Joesph/Documents/Unreal Projects/CSC462/Content/Landscapes/Textures/T_GroundGrass_D.uasset" 353
"../../../../../../Users/Joesph/Documents/Unreal Projects/CSC462/Content/Landscapes/Materials/M_Tree.uasset" 354
"../../../../../../Users/Joesph/Documents/Unreal Projects/CSC462/Content/Landscapes/Materials/M_Tree_Inst.uasset" 355
"../../../../../../Users/Joesph/Documents/Unreal Projects/CSC462/Content/Landscapes/Meshes/SM_Trees.uasset" 356
"../../../../../../Users/Joesph/Documents/Unreal Projects/CSC462/Content/StarterContent/Audio/Starter_Background_Cue.uasset" 357
"../../../../../../Users/Joesph/Documents/Unreal Projects/CSC462/Content/StarterContent/Textures/T_Bush_D.uasset" 358
"../../../../../../Users/Joesph/Documents/Unreal Projects/CSC462/Content/StarterContent/Textures/T_Bush_N.uasset" 359
"../../../../../../Users/Joesph/Documents/Unreal Projects/CSC462/Content/StarterContent/Props/Materials/M_Bush.uasset" 360
"../../../../../../Users/Joesph/Documents/Unreal Projects/CSC462/Content/StarterContent/Props/SM_Bush.uasset" 361
"../../../Engine/Content/Functions/Engine_MaterialFunctions02/Utility/BlendAngleCorrectedNormals.uasset" 362
"../../../../../../Users/Joesph/Documents/Unreal Projects/CSC462/Content/StarterContent/Textures/T_Detail_Rocky_N.uasset" 363
"../../../../../../Users/Joesph/Documents/Unreal Projects/CSC462/Content/StarterContent/Textures/T_Rock_Basalt_D.uasset" 364
"../../../../../../Users/Joesph/Documents/Unreal Projects/CSC462/Content/StarterContent/Textures/T_RockMesh_M.uasset" 365
"../../../../../../Users/Joesph/Documents/Unreal Projects/CSC462/Content/StarterContent/Textures/T_RockMesh_N.uasset" 366
"../../../../../../Users/Joesph/Documents/Unreal Projects/CSC462/Content/StarterContent/Props/Materials/M_Rock.uasset" 367
"../../../../../../Users/Joesph/Documents/Unreal Projects/CSC462/Content/StarterContent/Props/SM_Rock.uasset" 368
"../../../../../../Users/Joesph/Documents/Unreal Projects/CSC462/Content/StarterContent/Maps/Minimal_Default.umap" 369
"../../../Engine/Content/Maps/Entry_BuiltData.uasset" 370
"../../../Engine/Content/Maps/Entry.umap" 371
