Log file open, 04/29/19 16:52:03
LogWindows: Failed to load 'aqProf.dll' (GetLastError=126)
LogWindows: File 'aqProf.dll' does not exist
LogWindows: Failed to load 'VtuneApi.dll' (GetLastError=126)
LogWindows: File 'VtuneApi.dll' does not exist
LogWindows: Failed to load 'VtuneApi32e.dll' (GetLastError=126)
LogWindows: File 'VtuneApi32e.dll' does not exist
LogConsoleResponse: Display: Failed to find resolution value strings in scalability ini. Falling back to default.
LogInit: Display: Running engine for game: CSC462
LogPakFile: Registered encryption key '00000000000000000000000000000000': 0 pak files mounted, 0 remain pending
LogPlatformFile: Not using cached read wrapper
LogTaskGraph: Started task graph with 5 named threads and 11 total threads with 3 sets of task threads.
LogStats: Stats thread started at 0.722239
LogD3D11RHI: Loaded GFSDK_Aftermath_Lib.x64.dll
LogICUInternationalization: ICU TimeZone Detection - Raw Offset: -5:00, Platform Override: ''
LogPluginManager: Mounting plugin Paper2D
LogPluginManager: Mounting plugin AISupport
LogPluginManager: Mounting plugin LightPropagationVolume
LogPluginManager: Mounting plugin ActorLayerUtilities
LogPluginManager: Mounting plugin CLionSourceCodeAccess
LogPluginManager: Mounting plugin CodeLiteSourceCodeAccess
LogPluginManager: Mounting plugin GitSourceControl
LogPluginManager: Mounting plugin KDevelopSourceCodeAccess
LogPluginManager: Mounting plugin NullSourceCodeAccess
LogPluginManager: Mounting plugin PerforceSourceControl
LogPluginManager: Mounting plugin SubversionSourceControl
LogPluginManager: Mounting plugin UObjectPlugin
LogPluginManager: Mounting plugin VisualStudioCodeSourceCodeAccess
LogPluginManager: Mounting plugin VisualStudioSourceCodeAccess
LogPluginManager: Mounting plugin XCodeSourceCodeAccess
LogPluginManager: Mounting plugin AssetManagerEditor
LogPluginManager: Mounting plugin CryptoKeys
LogPluginManager: Mounting plugin DataValidation
LogPluginManager: Mounting plugin FacialAnimation
LogPluginManager: Mounting plugin GameplayTagsEditor
LogPluginManager: Mounting plugin MacGraphicsSwitching
LogPluginManager: Mounting plugin MeshEditor
LogPluginManager: Mounting plugin MobileLauncherProfileWizard
LogPluginManager: Mounting plugin PluginBrowser
LogPluginManager: Mounting plugin SpeedTreeImporter
LogPluginManager: Mounting plugin DatasmithContent
LogPluginManager: Mounting plugin VariantManagerContent
LogPluginManager: Mounting plugin AlembicImporter
LogPluginManager: Mounting plugin AppleImageUtils
LogPluginManager: Mounting plugin AppleVision
LogPluginManager: Mounting plugin BackChannel
LogPluginManager: Mounting plugin CharacterAI
LogPluginManager: Mounting plugin GeometryCache
LogPluginManager: Mounting plugin HTML5Networking
LogPluginManager: Mounting plugin ProxyLODPlugin
LogPluginManager: Mounting plugin MagicLeap
LogPluginManager: Mounting plugin MagicLeapMedia
LogPluginManager: Mounting plugin AndroidMedia
LogPluginManager: Mounting plugin AvfMedia
LogPluginManager: Mounting plugin ImgMedia
LogPluginManager: Mounting plugin LinearTimecode
LogPluginManager: Mounting plugin MediaCompositing
LogPluginManager: Mounting plugin MediaPlayerEditor
LogPluginManager: Mounting plugin WebMMedia
LogPluginManager: Mounting plugin WmfMedia
LogPluginManager: Mounting plugin TcpMessaging
LogPluginManager: Mounting plugin UdpMessaging
LogPluginManager: Mounting plugin ActorSequence
LogPluginManager: Mounting plugin LevelSequenceEditor
LogPluginManager: Mounting plugin MatineeToLevelSequence
LogPluginManager: Mounting plugin NetcodeUnitTest
LogPluginManager: Mounting plugin NUTUnrealEngine4
LogPluginManager: Mounting plugin OnlineSubsystemGooglePlay
LogPluginManager: Mounting plugin OnlineSubsystemIOS
LogPluginManager: Mounting plugin OnlineSubsystem
LogPluginManager: Mounting plugin OnlineSubsystemNull
LogPluginManager: Mounting plugin OnlineSubsystemUtils
LogPluginManager: Mounting plugin LauncherChunkInstaller
LogPluginManager: Mounting plugin AndroidDeviceProfileSelector
LogPluginManager: Mounting plugin AndroidMoviePlayer
LogPluginManager: Mounting plugin AndroidPermission
LogPluginManager: Mounting plugin AppleMoviePlayer
LogPluginManager: Mounting plugin ArchVisCharacter
LogPluginManager: Mounting plugin AudioCapture
LogPluginManager: Mounting plugin CableComponent
LogPluginManager: Mounting plugin CustomMeshComponent
LogPluginManager: Mounting plugin EditableMesh
LogPluginManager: Mounting plugin ExampleDeviceProfileSelector
LogPluginManager: Mounting plugin Firebase
LogPluginManager: Mounting plugin GoogleCloudMessaging
LogPluginManager: Mounting plugin IOSDeviceProfileSelector
LogPluginManager: Mounting plugin LinuxDeviceProfileSelector
LogPluginManager: Mounting plugin LocationServicesBPLibrary
LogPluginManager: Mounting plugin MobilePatchingUtils
LogPluginManager: Mounting plugin OculusVR
LogPluginManager: Mounting plugin PhysXVehicles
LogPluginManager: Mounting plugin ProceduralMeshComponent
LogPluginManager: Mounting plugin RuntimePhysXCooking
LogPluginManager: Mounting plugin SteamVR
LogPluginManager: Mounting plugin WebMMoviePlayer
LogPluginManager: Mounting plugin WindowsMoviePlayer
LogStreaming: Display: Took  0.838s to configure plugins.
LogInit: Using libcurl 7.55.1-DEV
LogInit:  - built for x86_64-pc-win32
LogInit:  - supports SSL with OpenSSL/1.0.2h
LogInit:  - supports HTTP deflate (compression) using libz 1.2.8
LogInit:  - other features:
LogInit:      CURL_VERSION_SSL
LogInit:      CURL_VERSION_LIBZ
LogInit:      CURL_VERSION_IPV6
LogInit:      CURL_VERSION_ASYNCHDNS
LogInit:      CURL_VERSION_LARGEFILE
LogInit:      CURL_VERSION_IDN
LogInit:  CurlRequestOptions (configurable via config and command line):
LogInit:  - bVerifyPeer = true  - Libcurl will verify peer certificate
LogInit:  - bUseHttpProxy = false  - Libcurl will NOT use HTTP proxy
LogInit:  - bDontReuseConnections = false  - Libcurl will reuse connections
LogInit:  - MaxHostConnections = 16  - Libcurl will limit the number of connections to a host
LogInit:  - LocalHostAddr = Default
LogInit:  - BufferSize = 65536
LogInit: WinSock: version 1.1 (2.2), MaxSocks=32767, MaxUdp=65467
LogInit: Build: ++UE4+Release-4.21-CL-4613538
LogInit: Engine Version: 4.21.1-4613538+++UE4+Release-4.21
LogInit: Compatible Engine Version: 4.21.0-4541578+++UE4+Release-4.21
LogInit: Net CL: 4541578
LogInit: OS: Windows 10 (), CPU: Intel(R) Core(TM) i7-4510U CPU @ 2.00GHz, GPU: Intel(R) HD Graphics Family
LogInit: Compiled (64-bit): Nov 30 2018 04:13:25
LogInit: Compiled with Visual C++: 19.13.26129.00
LogInit: Build Configuration: Development
LogInit: Branch Name: ++UE4+Release-4.21
LogInit: Command Line: 
LogInit: Base Directory: C:/Program Files/Epic Games/UE_4.21/Engine/Binaries/Win64/
LogInit: Installed Engine Build: 1
LogDevObjectVersion: Number of dev versions registered: 22
LogDevObjectVersion:   Dev-Blueprints (B0D832E4-1F89-4F0D-ACCF-7EB736FD4AA2): 10
LogDevObjectVersion:   Dev-Build (E1C64328-A22C-4D53-A36C-8E866417BD8C): 0
LogDevObjectVersion:   Dev-Core (375EC13C-06E4-48FB-B500-84F0262A717E): 2
LogDevObjectVersion:   Dev-Editor (E4B068ED-F494-42E9-A231-DA0B2E46BB41): 26
LogDevObjectVersion:   Dev-Framework (CFFC743F-43B0-4480-9391-14DF171D2073): 34
LogDevObjectVersion:   Dev-Mobile (B02B49B5-BB20-44E9-A304-32B752E40360): 2
LogDevObjectVersion:   Dev-Networking (A4E4105C-59A1-49B5-A7C5-40C4547EDFEE): 0
LogDevObjectVersion:   Dev-Online (39C831C9-5AE6-47DC-9A44-9C173E1C8E7C): 0
LogDevObjectVersion:   Dev-Physics (78F01B33-EBEA-4F98-B9B4-84EACCB95AA2): 0
LogDevObjectVersion:   Dev-Platform (6631380F-2D4D-43E0-8009-CF276956A95A): 0
LogDevObjectVersion:   Dev-Rendering (12F88B9F-8875-4AFC-A67C-D90C383ABD29): 27
LogDevObjectVersion:   Dev-Sequencer (7B5AE74C-D270-4C10-A958-57980B212A5A): 9
LogDevObjectVersion:   Dev-VR (D7296918-1DD6-4BDD-9DE2-64A83CC13884): 2
LogDevObjectVersion:   Dev-LoadTimes (C2A15278-BFE7-4AFE-6C17-90FF531DF755): 1
LogDevObjectVersion:   Private-Geometry (6EACA3D4-40EC-4CC1-B786-8BED09428FC5): 3
LogDevObjectVersion:   Dev-AnimPhys (29E575DD-E0A3-4627-9D10-D276232CDCEA): 17
LogDevObjectVersion:   Dev-Anim (AF43A65D-7FD3-4947-9873-3E8ED9C1BB05): 2
LogDevObjectVersion:   Dev-ReflectionCapture (6B266CEC-1EC7-4B8F-A30B-E4D90942FC07): 1
LogDevObjectVersion:   Dev-Automation (0DF73D61-A23F-47EA-B727-89E90C41499A): 1
LogDevObjectVersion:   FortniteMain (601D1886-AC64-4F84-AA16-D3DE0DEAC7D6): 17
LogDevObjectVersion:   Dev-Enterprise (9DFFBCD6-494F-0158-E221-12823C92A888): 4
LogDevObjectVersion:   Dev-Niagara (F2AED0AC-9AFE-416F-8664-AA7FFA26D6FC): 1
LogStreaming: Display: Took  0.004s to delete old logs.
LogInit: Presizing for max 8388607 objects, including 0 objects not considered by GC, pre-allocating 0 bytes for permanent pool.
LogInit: Object subsystem initialized
LogConfig: Setting CVar [[con.DebugEarlyDefault:1]]
LogConfig: Setting CVar [[r.setres:1280x720]]
[2019.04.29-20.52.05:062][  0]LogConfig: Setting CVar [[r.VSync:0]]
[2019.04.29-20.52.05:062][  0]LogConfig: Setting CVar [[r.RHICmdBypass:0]]
[2019.04.29-20.52.05:062][  0]LogConfig: Applying CVar settings from Section [/Script/Engine.RendererSettings] File [C:/Users/Joesph/Documents/Unreal Projects/CSC462/Saved/Config/Windows/Engine.ini]
[2019.04.29-20.52.05:062][  0]LogConfig: Setting CVar [[r.GPUCrashDebugging:0]]
[2019.04.29-20.52.05:062][  0]LogConfig: Setting CVar [[r.MobileHDR:1]]
[2019.04.29-20.52.05:062][  0]LogConfig: Setting CVar [[r.Mobile.DisableVertexFog:1]]
[2019.04.29-20.52.05:063][  0]LogConfig: Setting CVar [[r.Shadow.CSM.MaxMobileCascades:2]]
[2019.04.29-20.52.05:063][  0]LogConfig: Setting CVar [[r.MobileMSAA:1]]
[2019.04.29-20.52.05:063][  0]LogConfig: Setting CVar [[r.Mobile.UseLegacyShadingModel:0]]
[2019.04.29-20.52.05:063][  0]LogConfig: Setting CVar [[r.Mobile.AllowDitheredLODTransition:0]]
[2019.04.29-20.52.05:063][  0]LogConfig: Setting CVar [[r.Mobile.AllowSoftwareOcclusion:0]]
[2019.04.29-20.52.05:063][  0]LogConfig: Setting CVar [[r.DiscardUnusedQuality:0]]
[2019.04.29-20.52.05:063][  0]LogConfig: Setting CVar [[r.AllowOcclusionQueries:1]]
[2019.04.29-20.52.05:063][  0]LogConfig: Setting CVar [[r.MinScreenRadiusForLights:0.030000]]
[2019.04.29-20.52.05:063][  0]LogConfig: Setting CVar [[r.MinScreenRadiusForDepthPrepass:0.030000]]
[2019.04.29-20.52.05:063][  0]LogConfig: Setting CVar [[r.MinScreenRadiusForCSMDepth:0.010000]]
[2019.04.29-20.52.05:063][  0]LogConfig: Setting CVar [[r.PrecomputedVisibilityWarning:0]]
[2019.04.29-20.52.05:063][  0]LogConfig: Setting CVar [[r.TextureStreaming:1]]
[2019.04.29-20.52.05:063][  0]LogConfig: Setting CVar [[Compat.UseDXT5NormalMaps:0]]
[2019.04.29-20.52.05:063][  0]LogConfig: Setting CVar [[r.ClearCoatNormal:0]]
[2019.04.29-20.52.05:063][  0]LogConfig: Setting CVar [[r.ReflectionCaptureResolution:128]]
[2019.04.29-20.52.05:064][  0]LogConfig: Setting CVar [[r.ReflectionEnvironmentLightmapMixBasedOnRoughness:1]]
[2019.04.29-20.52.05:064][  0]LogConfig: Setting CVar [[r.ForwardShading:0]]
[2019.04.29-20.52.05:064][  0]LogConfig: Setting CVar [[r.VertexFoggingForOpaque:1]]
[2019.04.29-20.52.05:064][  0]LogConfig: Setting CVar [[r.AllowStaticLighting:1]]
[2019.04.29-20.52.05:064][  0]LogConfig: Setting CVar [[r.NormalMapsForStaticLighting:0]]
[2019.04.29-20.52.05:064][  0]LogConfig: Setting CVar [[r.GenerateMeshDistanceFields:0]]
[2019.04.29-20.52.05:064][  0]LogConfig: Setting CVar [[r.DistanceFieldBuild.EightBit:0]]
[2019.04.29-20.52.05:064][  0]LogConfig: Setting CVar [[r.GenerateLandscapeGIData:0]]
[2019.04.29-20.52.05:064][  0]LogConfig: Setting CVar [[r.DistanceFieldBuild.Compress:0]]
[2019.04.29-20.52.05:064][  0]LogConfig: Setting CVar [[r.TessellationAdaptivePixelsPerTriangle:48.000000]]
[2019.04.29-20.52.05:064][  0]LogConfig: Setting CVar [[r.SeparateTranslucency:1]]
[2019.04.29-20.52.05:064][  0]LogConfig: Setting CVar [[r.TranslucentSortPolicy:0]]
[2019.04.29-20.52.05:064][  0]LogConfig: Setting CVar [[r.CustomDepth:1]]
[2019.04.29-20.52.05:064][  0]LogConfig: Setting CVar [[r.CustomDepthTemporalAAJitter:1]]
[2019.04.29-20.52.05:065][  0]LogConfig: Setting CVar [[r.PostProcessing.PropagateAlpha:0]]
[2019.04.29-20.52.05:065][  0]LogConfig: Setting CVar [[r.DOF.Algorithm:1]]
[2019.04.29-20.52.05:065][  0]LogConfig: Setting CVar [[r.DefaultFeature.Bloom:1]]
[2019.04.29-20.52.05:065][  0]LogConfig: Setting CVar [[r.DefaultFeature.AmbientOcclusion:1]]
[2019.04.29-20.52.05:065][  0]LogConfig: Setting CVar [[r.DefaultFeature.AmbientOcclusionStaticFraction:1]]
[2019.04.29-20.52.05:065][  0]LogConfig: Setting CVar [[r.DefaultFeature.AutoExposure:0]]
[2019.04.29-20.52.05:065][  0]LogConfig: Setting CVar [[r.DefaultFeature.AutoExposure.Method:0]]
[2019.04.29-20.52.05:065][  0]LogConfig: Setting CVar [[r.DefaultFeature.AutoExposure.ExtendDefaultLuminanceRange:0]]
[2019.04.29-20.52.05:065][  0]LogConfig: Setting CVar [[r.UsePreExposure:0]]
[2019.04.29-20.52.05:065][  0]LogConfig: Setting CVar [[r.DefaultFeature.MotionBlur:0]]
[2019.04.29-20.52.05:065][  0]LogConfig: Setting CVar [[r.DefaultFeature.LensFlare:0]]
[2019.04.29-20.52.05:065][  0]LogConfig: Setting CVar [[r.TemporalAA.Upsampling:0]]
[2019.04.29-20.52.05:065][  0]LogConfig: Setting CVar [[r.DefaultFeature.AntiAliasing:0]]
[2019.04.29-20.52.05:065][  0]LogConfig: Setting CVar [[r.DefaultFeature.LightUnits:1]]
[2019.04.29-20.52.05:065][  0]LogConfig: Setting CVar [[r.DefaultBackBufferPixelFormat:4]]
[2019.04.29-20.52.05:065][  0]LogConfig: Setting CVar [[r.Shadow.UnbuiltPreviewInGame:1]]
[2019.04.29-20.52.05:065][  0]LogConfig: Setting CVar [[r.StencilForLODDither:0]]
[2019.04.29-20.52.05:065][  0]LogConfig: Setting CVar [[r.EarlyZPass:3]]
[2019.04.29-20.52.05:065][  0]LogConfig: Setting CVar [[r.EarlyZPassMovable:1]]
[2019.04.29-20.52.05:065][  0]LogConfig: Setting CVar [[r.EarlyZPassOnlyMaterialMasking:0]]
[2019.04.29-20.52.05:065][  0]LogConfig: Setting CVar [[r.DBuffer:1]]
[2019.04.29-20.52.05:065][  0]LogConfig: Setting CVar [[r.ClearSceneMethod:1]]
[2019.04.29-20.52.05:066][  0]LogConfig: Setting CVar [[r.BasePassOutputsVelocity:0]]
[2019.04.29-20.52.05:066][  0]LogConfig: Setting CVar [[r.SelectiveBasePassOutputs:0]]
[2019.04.29-20.52.05:066][  0]LogConfig: Setting CVar [[fx.GPUSimulationTextureSizeX:1024]]
[2019.04.29-20.52.05:066][  0]LogConfig: Setting CVar [[fx.GPUSimulationTextureSizeY:1024]]
[2019.04.29-20.52.05:066][  0]LogConfig: Setting CVar [[r.AllowGlobalClipPlane:0]]
[2019.04.29-20.52.05:066][  0]LogConfig: Setting CVar [[r.GBufferFormat:1]]
[2019.04.29-20.52.05:066][  0]LogConfig: Setting CVar [[r.MorphTarget.Mode:1]]
[2019.04.29-20.52.05:066][  0]LogConfig: Setting CVar [[vr.InstancedStereo:0]]
[2019.04.29-20.52.05:066][  0]LogConfig: Setting CVar [[vr.MultiView:0]]
[2019.04.29-20.52.05:066][  0]LogConfig: Setting CVar [[vr.MobileMultiView:0]]
[2019.04.29-20.52.05:066][  0]LogConfig: Setting CVar [[vr.MobileMultiView.Direct:0]]
[2019.04.29-20.52.05:066][  0]LogConfig: Setting CVar [[vr.MonoscopicFarField:0]]
[2019.04.29-20.52.05:066][  0]LogConfig: Setting CVar [[vr.RoundRobinOcclusion:0]]
[2019.04.29-20.52.05:066][  0]LogConfig: Setting CVar [[vr.ODSCapture:0]]
[2019.04.29-20.52.05:066][  0]LogConfig: Setting CVar [[r.WireframeCullThreshold:5.000000]]
[2019.04.29-20.52.05:066][  0]LogConfig: Setting CVar [[r.SupportStationarySkylight:1]]
[2019.04.29-20.52.05:066][  0]LogConfig: Setting CVar [[r.SupportLowQualityLightmaps:1]]
[2019.04.29-20.52.05:066][  0]LogConfig: Setting CVar [[r.SupportPointLightWholeSceneShadows:1]]
[2019.04.29-20.52.05:067][  0]LogConfig: Setting CVar [[r.SupportAtmosphericFog:1]]
[2019.04.29-20.52.05:067][  0]LogConfig: Setting CVar [[r.SkinCache.CompileShaders:0]]
[2019.04.29-20.52.05:067][  0]LogConfig: Setting CVar [[r.Mobile.EnableStaticAndCSMShadowReceivers:1]]
[2019.04.29-20.52.05:067][  0]LogConfig: Setting CVar [[r.Mobile.EnableMovableLightCSMShaderCulling:1]]
[2019.04.29-20.52.05:067][  0]LogConfig: Setting CVar [[r.Mobile.AllowDistanceFieldShadows:1]]
[2019.04.29-20.52.05:067][  0]LogConfig: Setting CVar [[r.Mobile.AllowMovableDirectionalLights:1]]
[2019.04.29-20.52.05:067][  0]LogConfig: Setting CVar [[r.MobileNumDynamicPointLights:4]]
[2019.04.29-20.52.05:067][  0]LogConfig: Setting CVar [[r.MobileDynamicPointLightsUseStaticBranch:1]]
[2019.04.29-20.52.05:067][  0]LogConfig: Setting CVar [[r.SkinCache.SceneMemoryLimitInMB:128.000000]]
[2019.04.29-20.52.05:067][  0]LogConfig: Setting CVar [[r.GPUSkin.Limit2BoneInfluences:0]]
[2019.04.29-20.52.05:067][  0]LogConfig: Setting CVar [[r.SupportDepthOnlyIndexBuffers:1]]
[2019.04.29-20.52.05:067][  0]LogConfig: Setting CVar [[r.SupportReversedIndexBuffers:1]]
[2019.04.29-20.52.05:067][  0]LogConfig: Setting CVar [[r.SupportMaterialLayers:0]]
[2019.04.29-20.52.05:067][  0]LogConfig: Applying CVar settings from Section [/Script/Engine.RendererOverrideSettings] File [C:/Users/Joesph/Documents/Unreal Projects/CSC462/Saved/Config/Windows/Engine.ini]
[2019.04.29-20.52.05:067][  0]LogConfig: Applying CVar settings from Section [/Script/Engine.StreamingSettings] File [C:/Users/Joesph/Documents/Unreal Projects/CSC462/Saved/Config/Windows/Engine.ini]
[2019.04.29-20.52.05:067][  0]LogConfig: Setting CVar [[s.MinBulkDataSizeForAsyncLoading:131072]]
[2019.04.29-20.52.05:067][  0]LogConfig: Setting CVar [[s.AsyncLoadingThreadEnabled:0]]
[2019.04.29-20.52.05:067][  0]LogConfig: Setting CVar [[s.EventDrivenLoaderEnabled:1]]
[2019.04.29-20.52.05:067][  0]LogConfig: Setting CVar [[s.WarnIfTimeLimitExceeded:0]]
[2019.04.29-20.52.05:067][  0]LogConfig: Setting CVar [[s.TimeLimitExceededMultiplier:1.5]]
[2019.04.29-20.52.05:067][  0]LogConfig: Setting CVar [[s.TimeLimitExceededMinTime:0.005]]
[2019.04.29-20.52.05:067][  0]LogConfig: Setting CVar [[s.UseBackgroundLevelStreaming:1]]
[2019.04.29-20.52.05:067][  0]LogConfig: Setting CVar [[s.PriorityAsyncLoadingExtraTime:15.0]]
[2019.04.29-20.52.05:068][  0]LogConfig: Setting CVar [[s.LevelStreamingActorsUpdateTimeLimit:5.0]]
[2019.04.29-20.52.05:068][  0]LogConfig: Setting CVar [[s.PriorityLevelStreamingActorsUpdateExtraTime:5.0]]
[2019.04.29-20.52.05:068][  0]LogConfig: Setting CVar [[s.LevelStreamingComponentsRegistrationGranularity:10]]
[2019.04.29-20.52.05:068][  0]LogConfig: Setting CVar [[s.UnregisterComponentsTimeLimit:1.0]]
[2019.04.29-20.52.05:068][  0]LogConfig: Setting CVar [[s.LevelStreamingComponentsUnregistrationGranularity:5]]
[2019.04.29-20.52.05:068][  0]LogConfig: Applying CVar settings from Section [/Script/Engine.GarbageCollectionSettings] File [C:/Users/Joesph/Documents/Unreal Projects/CSC462/Saved/Config/Windows/Engine.ini]
[2019.04.29-20.52.05:068][  0]LogConfig: Setting CVar [[gc.MaxObjectsNotConsideredByGC:1]]
[2019.04.29-20.52.05:068][  0]LogConfig: Setting CVar [[gc.SizeOfPermanentObjectPool:0]]
[2019.04.29-20.52.05:068][  0]LogConfig: Setting CVar [[gc.FlushStreamingOnGC:0]]
[2019.04.29-20.52.05:068][  0]LogConfig: Setting CVar [[gc.NumRetriesBeforeForcingGC:10]]
[2019.04.29-20.52.05:068][  0]LogConfig: Setting CVar [[gc.AllowParallelGC:1]]
[2019.04.29-20.52.05:068][  0]LogConfig: Setting CVar [[gc.TimeBetweenPurgingPendingKillObjects:61.1]]
[2019.04.29-20.52.05:068][  0]LogConfig: Setting CVar [[gc.MaxObjectsInEditor:8388607]]
[2019.04.29-20.52.05:068][  0]LogConfig: Setting CVar [[gc.IncrementalBeginDestroyEnabled:1]]
[2019.04.29-20.52.05:069][  0]LogConfig: Setting CVar [[gc.CreateGCClusters:1]]
[2019.04.29-20.52.05:069][  0]LogConfig: Setting CVar [[gc.MergeGCClusters:0]]
[2019.04.29-20.52.05:069][  0]LogConfig: Setting CVar [[gc.MinGCClusterSize:5]]
[2019.04.29-20.52.05:069][  0]LogConfig: Setting CVar [[gc.ActorClusteringEnabled:0]]
[2019.04.29-20.52.05:069][  0]LogConfig: Setting CVar [[gc.BlueprintClusteringEnabled:0]]
[2019.04.29-20.52.05:069][  0]LogConfig: Setting CVar [[gc.UseDisregardForGCOnDedicatedServers:0]]
[2019.04.29-20.52.05:069][  0]LogConfig: Applying CVar settings from Section [/Script/Engine.NetworkSettings] File [C:/Users/Joesph/Documents/Unreal Projects/CSC462/Saved/Config/Windows/Engine.ini]
[2019.04.29-20.52.05:069][  0]LogConfig: Applying CVar settings from Section [/Script/UnrealEd.CookerSettings] File [C:/Users/Joesph/Documents/Unreal Projects/CSC462/Saved/Config/Windows/Engine.ini]
[2019.04.29-20.52.05:074][  0]LogConfig: Applying CVar settings from Section [ViewDistanceQuality@3] File [C:/Users/Joesph/Documents/Unreal Projects/CSC462/Saved/Config/Windows/Scalability.ini]
[2019.04.29-20.52.05:074][  0]LogConfig: Setting CVar [[r.SkeletalMeshLODBias:0]]
[2019.04.29-20.52.05:074][  0]LogConfig: Setting CVar [[r.ViewDistanceScale:1.0]]
[2019.04.29-20.52.05:074][  0]LogConfig: Applying CVar settings from Section [AntiAliasingQuality@3] File [C:/Users/Joesph/Documents/Unreal Projects/CSC462/Saved/Config/Windows/Scalability.ini]
[2019.04.29-20.52.05:074][  0]LogConfig: Setting CVar [[r.PostProcessAAQuality:4]]
[2019.04.29-20.52.05:074][  0]LogConfig: Applying CVar settings from Section [ShadowQuality@3] File [C:/Users/Joesph/Documents/Unreal Projects/CSC462/Saved/Config/Windows/Scalability.ini]
[2019.04.29-20.52.05:074][  0]LogConfig: Setting CVar [[r.LightFunctionQuality:1]]
[2019.04.29-20.52.05:074][  0]LogConfig: Setting CVar [[r.ShadowQuality:5]]
[2019.04.29-20.52.05:074][  0]LogConfig: Setting CVar [[r.Shadow.CSM.MaxCascades:10]]
[2019.04.29-20.52.05:074][  0]LogConfig: Setting CVar [[r.Shadow.MaxResolution:2048]]
[2019.04.29-20.52.05:074][  0]LogConfig: Setting CVar [[r.Shadow.MaxCSMResolution:2048]]
[2019.04.29-20.52.05:074][  0]LogConfig: Setting CVar [[r.Shadow.RadiusThreshold:0.01]]
[2019.04.29-20.52.05:074][  0]LogConfig: Setting CVar [[r.Shadow.DistanceScale:1.0]]
[2019.04.29-20.52.05:074][  0]LogConfig: Setting CVar [[r.Shadow.CSM.TransitionScale:1.0]]
[2019.04.29-20.52.05:074][  0]LogConfig: Setting CVar [[r.Shadow.PreShadowResolutionFactor:1.0]]
[2019.04.29-20.52.05:074][  0]LogConfig: Setting CVar [[r.DistanceFieldShadowing:1]]
[2019.04.29-20.52.05:074][  0]LogConfig: Setting CVar [[r.DistanceFieldAO:1]]
[2019.04.29-20.52.05:074][  0]LogConfig: Setting CVar [[r.AOQuality:2]]
[2019.04.29-20.52.05:074][  0]LogConfig: Setting CVar [[r.VolumetricFog:1]]
[2019.04.29-20.52.05:074][  0]LogConfig: Setting CVar [[r.VolumetricFog.GridPixelSize:8]]
[2019.04.29-20.52.05:074][  0]LogConfig: Setting CVar [[r.VolumetricFog.GridSizeZ:128]]
[2019.04.29-20.52.05:074][  0]LogConfig: Setting CVar [[r.VolumetricFog.HistoryMissSupersampleCount:4]]
[2019.04.29-20.52.05:074][  0]LogConfig: Setting CVar [[r.LightMaxDrawDistanceScale:1]]
[2019.04.29-20.52.05:074][  0]LogConfig: Setting CVar [[r.CapsuleShadows:1]]
[2019.04.29-20.52.05:074][  0]LogConfig: Applying CVar settings from Section [PostProcessQuality@3] File [C:/Users/Joesph/Documents/Unreal Projects/CSC462/Saved/Config/Windows/Scalability.ini]
[2019.04.29-20.52.05:074][  0]LogConfig: Setting CVar [[r.MotionBlurQuality:4]]
[2019.04.29-20.52.05:074][  0]LogConfig: Setting CVar [[r.AmbientOcclusionMipLevelFactor:0.4]]
[2019.04.29-20.52.05:074][  0]LogConfig: Setting CVar [[r.AmbientOcclusionMaxQuality:100]]
[2019.04.29-20.52.05:074][  0]LogConfig: Setting CVar [[r.AmbientOcclusionLevels:-1]]
[2019.04.29-20.52.05:075][  0]LogConfig: Setting CVar [[r.AmbientOcclusionRadiusScale:1.0]]
[2019.04.29-20.52.05:075][  0]LogConfig: Setting CVar [[r.DepthOfFieldQuality:2]]
[2019.04.29-20.52.05:075][  0]LogConfig: Setting CVar [[r.RenderTargetPoolMin:400]]
[2019.04.29-20.52.05:075][  0]LogConfig: Setting CVar [[r.LensFlareQuality:2]]
[2019.04.29-20.52.05:075][  0]LogConfig: Setting CVar [[r.SceneColorFringeQuality:1]]
[2019.04.29-20.52.05:075][  0]LogConfig: Setting CVar [[r.EyeAdaptationQuality:2]]
[2019.04.29-20.52.05:075][  0]LogConfig: Setting CVar [[r.BloomQuality:5]]
[2019.04.29-20.52.05:075][  0]LogConfig: Setting CVar [[r.FastBlurThreshold:100]]
[2019.04.29-20.52.05:075][  0]LogConfig: Setting CVar [[r.Upscale.Quality:3]]
[2019.04.29-20.52.05:075][  0]LogConfig: Setting CVar [[r.Tonemapper.GrainQuantization:1]]
[2019.04.29-20.52.05:075][  0]LogConfig: Setting CVar [[r.LightShaftQuality:1]]
[2019.04.29-20.52.05:075][  0]LogConfig: Setting CVar [[r.Filter.SizeScale:1]]
[2019.04.29-20.52.05:075][  0]LogConfig: Setting CVar [[r.Tonemapper.Quality:5]]
[2019.04.29-20.52.05:075][  0]LogConfig: Setting CVar [[r.DOF.Gather.AccumulatorQuality:1        ; higher gathering accumulator quality]]
[2019.04.29-20.52.05:075][  0]LogConfig: Setting CVar [[r.DOF.Gather.PostfilterMethod:1          ; Median3x3 postfilering method]]
[2019.04.29-20.52.05:075][  0]LogConfig: Setting CVar [[r.DOF.Gather.EnableBokehSettings:0       ; no bokeh simulation when gathering]]
[2019.04.29-20.52.05:075][  0]LogConfig: Setting CVar [[r.DOF.Gather.RingCount:4                 ; medium number of samples when gathering]]
[2019.04.29-20.52.05:075][  0]LogConfig: Setting CVar [[r.DOF.Scatter.ForegroundCompositing:1    ; additive foreground scattering]]
[2019.04.29-20.52.05:075][  0]LogConfig: Setting CVar [[r.DOF.Scatter.BackgroundCompositing:2    ; additive background scattering]]
[2019.04.29-20.52.05:075][  0]LogConfig: Setting CVar [[r.DOF.Scatter.EnableBokehSettings:1      ; bokeh simulation when scattering]]
[2019.04.29-20.52.05:075][  0]LogConfig: Setting CVar [[r.DOF.Scatter.MaxSpriteRatio:0.1         ; only a maximum of 10% of scattered bokeh]]
[2019.04.29-20.52.05:075][  0]LogConfig: Setting CVar [[r.DOF.Recombine.Quality:1                ; cheap slight out of focus]]
[2019.04.29-20.52.05:075][  0]LogConfig: Setting CVar [[r.DOF.Recombine.EnableBokehSettings:0    ; no bokeh simulation on slight out of focus]]
[2019.04.29-20.52.05:075][  0]LogConfig: Setting CVar [[r.DOF.TemporalAAQuality:1                ; more stable temporal accumulation]]
[2019.04.29-20.52.05:075][  0]LogConfig: Setting CVar [[r.DOF.Kernel.MaxForegroundRadius:0.025]]
[2019.04.29-20.52.05:075][  0]LogConfig: Setting CVar [[r.DOF.Kernel.MaxBackgroundRadius:0.025]]
[2019.04.29-20.52.05:075][  0]LogConfig: Applying CVar settings from Section [TextureQuality@3] File [C:/Users/Joesph/Documents/Unreal Projects/CSC462/Saved/Config/Windows/Scalability.ini]
[2019.04.29-20.52.05:075][  0]LogConfig: Setting CVar [[r.Streaming.MipBias:0]]
[2019.04.29-20.52.05:076][  0]LogConfig: Setting CVar [[r.Streaming.AmortizeCPUToGPUCopy:0]]
[2019.04.29-20.52.05:076][  0]LogConfig: Setting CVar [[r.Streaming.MaxNumTexturesToStreamPerFrame:0]]
[2019.04.29-20.52.05:076][  0]LogConfig: Setting CVar [[r.Streaming.Boost:1]]
[2019.04.29-20.52.05:076][  0]LogConfig: Setting CVar [[r.MaxAnisotropy:8]]
[2019.04.29-20.52.05:076][  0]LogConfig: Setting CVar [[r.Streaming.LimitPoolSizeToVRAM:0]]
[2019.04.29-20.52.05:076][  0]LogConfig: Setting CVar [[r.Streaming.PoolSize:1000]]
[2019.04.29-20.52.05:076][  0]LogConfig: Setting CVar [[r.Streaming.MaxEffectiveScreenSize:0]]
[2019.04.29-20.52.05:076][  0]LogConfig: Applying CVar settings from Section [EffectsQuality@3] File [C:/Users/Joesph/Documents/Unreal Projects/CSC462/Saved/Config/Windows/Scalability.ini]
[2019.04.29-20.52.05:076][  0]LogConfig: Setting CVar [[r.TranslucencyLightingVolumeDim:64]]
[2019.04.29-20.52.05:076][  0]LogConfig: Setting CVar [[r.RefractionQuality:2]]
[2019.04.29-20.52.05:076][  0]LogConfig: Setting CVar [[r.SSR.Quality:3]]
[2019.04.29-20.52.05:076][  0]LogConfig: Setting CVar [[r.SceneColorFormat:4]]
[2019.04.29-20.52.05:076][  0]LogConfig: Setting CVar [[r.DetailMode:2]]
[2019.04.29-20.52.05:076][  0]LogConfig: Setting CVar [[r.TranslucencyVolumeBlur:1]]
[2019.04.29-20.52.05:077][  0]LogConfig: Setting CVar [[r.MaterialQualityLevel:1 ; High quality]]
[2019.04.29-20.52.05:077][  0]LogConfig: Setting CVar [[r.SSS.Scale:1]]
[2019.04.29-20.52.05:077][  0]LogConfig: Setting CVar [[r.SSS.SampleSet:2]]
[2019.04.29-20.52.05:077][  0]LogConfig: Setting CVar [[r.SSS.Quality:1]]
[2019.04.29-20.52.05:077][  0]LogConfig: Setting CVar [[r.SSS.HalfRes:1]]
[2019.04.29-20.52.05:077][  0]LogConfig: Setting CVar [[r.EmitterSpawnRateScale:1.0]]
[2019.04.29-20.52.05:077][  0]LogConfig: Setting CVar [[r.ParticleLightQuality:2]]
[2019.04.29-20.52.05:077][  0]LogConfig: Applying CVar settings from Section [FoliageQuality@3] File [C:/Users/Joesph/Documents/Unreal Projects/CSC462/Saved/Config/Windows/Scalability.ini]
[2019.04.29-20.52.05:077][  0]LogConfig: Setting CVar [[foliage.DensityScale:1.0]]
[2019.04.29-20.52.05:077][  0]LogConfig: Setting CVar [[grass.DensityScale:1.0]]
[2019.04.29-20.52.05:077][  0]LogInit: Selected Device Profile: [Windows]
[2019.04.29-20.52.05:077][  0]LogInit: Applying CVar settings loaded from the selected device profile: [Windows]
[2019.04.29-20.52.05:132][  0]LogHAL: Display: Platform has ~ 8 GB [8465113088 / 8589934592 / 8], which maps to Default [LargestMinGB=32, LargerMinGB=12, DefaultMinGB=8, SmallerMinGB=6, SmallestMinGB=0)
[2019.04.29-20.52.05:132][  0]LogConfig: Setting CVar [[r.Vulkan.UseRealUBs:1]]
[2019.04.29-20.52.05:132][  0]LogInit: Going up to parent DeviceProfile []
[2019.04.29-20.52.05:133][  0]LogConfig: Applying CVar settings from Section [ViewDistanceQuality@1] File [C:/Users/Joesph/Documents/Unreal Projects/CSC462/Saved/Config/Windows/Scalability.ini]
[2019.04.29-20.52.05:133][  0]LogConfig: Setting CVar [[r.SkeletalMeshLODBias:1]]
[2019.04.29-20.52.05:133][  0]LogConfig: Setting CVar [[r.ViewDistanceScale:0.6]]
[2019.04.29-20.52.05:133][  0]LogConfig: Applying CVar settings from Section [AntiAliasingQuality@1] File [C:/Users/Joesph/Documents/Unreal Projects/CSC462/Saved/Config/Windows/Scalability.ini]
[2019.04.29-20.52.05:133][  0]LogConfig: Setting CVar [[r.PostProcessAAQuality:2]]
[2019.04.29-20.52.05:133][  0]LogConfig: Applying CVar settings from Section [ShadowQuality@1] File [C:/Users/Joesph/Documents/Unreal Projects/CSC462/Saved/Config/Windows/Scalability.ini]
[2019.04.29-20.52.05:133][  0]LogConfig: Setting CVar [[r.LightFunctionQuality:1]]
[2019.04.29-20.52.05:133][  0]LogConfig: Setting CVar [[r.ShadowQuality:3]]
[2019.04.29-20.52.05:133][  0]LogConfig: Setting CVar [[r.Shadow.CSM.MaxCascades:1]]
[2019.04.29-20.52.05:133][  0]LogConfig: Setting CVar [[r.Shadow.MaxResolution:1024]]
[2019.04.29-20.52.05:133][  0]LogConfig: Setting CVar [[r.Shadow.MaxCSMResolution:1024]]
[2019.04.29-20.52.05:133][  0]LogConfig: Setting CVar [[r.Shadow.RadiusThreshold:0.05]]
[2019.04.29-20.52.05:133][  0]LogConfig: Setting CVar [[r.Shadow.DistanceScale:0.7]]
[2019.04.29-20.52.05:133][  0]LogConfig: Setting CVar [[r.Shadow.CSM.TransitionScale:0.25]]
[2019.04.29-20.52.05:133][  0]LogConfig: Setting CVar [[r.Shadow.PreShadowResolutionFactor:0.5]]
[2019.04.29-20.52.05:133][  0]LogConfig: Setting CVar [[r.DistanceFieldShadowing:0]]
[2019.04.29-20.52.05:133][  0]LogConfig: Setting CVar [[r.DistanceFieldAO:0]]
[2019.04.29-20.52.05:133][  0]LogConfig: Setting CVar [[r.VolumetricFog:0]]
[2019.04.29-20.52.05:133][  0]LogConfig: Setting CVar [[r.LightMaxDrawDistanceScale:.5]]
[2019.04.29-20.52.05:133][  0]LogConfig: Setting CVar [[r.CapsuleShadows:1]]
[2019.04.29-20.52.05:133][  0]LogConfig: Applying CVar settings from Section [PostProcessQuality@1] File [C:/Users/Joesph/Documents/Unreal Projects/CSC462/Saved/Config/Windows/Scalability.ini]
[2019.04.29-20.52.05:133][  0]LogConfig: Setting CVar [[r.MotionBlurQuality:3]]
[2019.04.29-20.52.05:133][  0]LogConfig: Setting CVar [[r.AmbientOcclusionMipLevelFactor:1.0]]
[2019.04.29-20.52.05:133][  0]LogConfig: Setting CVar [[r.AmbientOcclusionMaxQuality:60]]
[2019.04.29-20.52.05:133][  0]LogConfig: Setting CVar [[r.AmbientOcclusionLevels:-1]]
[2019.04.29-20.52.05:133][  0]LogConfig: Setting CVar [[r.AmbientOcclusionRadiusScale:1.5]]
[2019.04.29-20.52.05:133][  0]LogConfig: Setting CVar [[r.DepthOfFieldQuality:1]]
[2019.04.29-20.52.05:133][  0]LogConfig: Setting CVar [[r.RenderTargetPoolMin:350]]
[2019.04.29-20.52.05:133][  0]LogConfig: Setting CVar [[r.LensFlareQuality:0]]
[2019.04.29-20.52.05:134][  0]LogConfig: Setting CVar [[r.SceneColorFringeQuality:0]]
[2019.04.29-20.52.05:134][  0]LogConfig: Setting CVar [[r.EyeAdaptationQuality:0]]
[2019.04.29-20.52.05:134][  0]LogConfig: Setting CVar [[r.BloomQuality:4]]
[2019.04.29-20.52.05:134][  0]LogConfig: Setting CVar [[r.FastBlurThreshold:2]]
[2019.04.29-20.52.05:134][  0]LogConfig: Setting CVar [[r.Upscale.Quality:2]]
[2019.04.29-20.52.05:134][  0]LogConfig: Setting CVar [[r.Tonemapper.GrainQuantization:0]]
[2019.04.29-20.52.05:134][  0]LogConfig: Setting CVar [[r.LightShaftQuality:0]]
[2019.04.29-20.52.05:134][  0]LogConfig: Setting CVar [[r.Filter.SizeScale:0.7]]
[2019.04.29-20.52.05:134][  0]LogConfig: Setting CVar [[r.Tonemapper.Quality:2]]
[2019.04.29-20.52.05:134][  0]LogConfig: Setting CVar [[r.DOF.Gather.AccumulatorQuality:0        ; lower gathering accumulator quality]]
[2019.04.29-20.52.05:134][  0]LogConfig: Setting CVar [[r.DOF.Gather.PostfilterMethod:2          ; Max3x3 postfilering method]]
[2019.04.29-20.52.05:134][  0]LogConfig: Setting CVar [[r.DOF.Gather.EnableBokehSettings:0       ; no bokeh simulation when gathering]]
[2019.04.29-20.52.05:134][  0]LogConfig: Setting CVar [[r.DOF.Gather.RingCount:3                 ; low number of samples when gathering]]
[2019.04.29-20.52.05:134][  0]LogConfig: Setting CVar [[r.DOF.Scatter.ForegroundCompositing:0    ; no foreground scattering]]
[2019.04.29-20.52.05:134][  0]LogConfig: Setting CVar [[r.DOF.Scatter.BackgroundCompositing:0    ; no foreground scattering]]
[2019.04.29-20.52.05:134][  0]LogConfig: Setting CVar [[r.DOF.Recombine.Quality:0                ; no slight out of focus]]
[2019.04.29-20.52.05:134][  0]LogConfig: Setting CVar [[r.DOF.TemporalAAQuality:0                ; faster temporal accumulation]]
[2019.04.29-20.52.05:134][  0]LogConfig: Setting CVar [[r.DOF.Kernel.MaxForegroundRadius:0.006   ; required because low gathering and no scattering and not looking great at 1080p]]
[2019.04.29-20.52.05:134][  0]LogConfig: Setting CVar [[r.DOF.Kernel.MaxBackgroundRadius:0.006   ; required because low gathering and no scattering and not looking great at 1080p]]
[2019.04.29-20.52.05:134][  0]LogConfig: Applying CVar settings from Section [TextureQuality@1] File [C:/Users/Joesph/Documents/Unreal Projects/CSC462/Saved/Config/Windows/Scalability.ini]
[2019.04.29-20.52.05:134][  0]LogConfig: Setting CVar [[r.Streaming.MipBias:1]]
[2019.04.29-20.52.05:134][  0]LogConfig: Setting CVar [[r.Streaming.AmortizeCPUToGPUCopy:0]]
[2019.04.29-20.52.05:134][  0]LogConfig: Setting CVar [[r.Streaming.MaxNumTexturesToStreamPerFrame:0]]
[2019.04.29-20.52.05:134][  0]LogConfig: Setting CVar [[r.Streaming.Boost:1]]
[2019.04.29-20.52.05:135][  0]LogConfig: Setting CVar [[r.MaxAnisotropy:2]]
[2019.04.29-20.52.05:135][  0]LogConfig: Setting CVar [[r.Streaming.LimitPoolSizeToVRAM:1]]
[2019.04.29-20.52.05:135][  0]LogConfig: Setting CVar [[r.Streaming.PoolSize:600]]
[2019.04.29-20.52.05:135][  0]LogConfig: Setting CVar [[r.Streaming.MaxEffectiveScreenSize:0]]
[2019.04.29-20.52.05:135][  0]LogConfig: Applying CVar settings from Section [EffectsQuality@1] File [C:/Users/Joesph/Documents/Unreal Projects/CSC462/Saved/Config/Windows/Scalability.ini]
[2019.04.29-20.52.05:135][  0]LogConfig: Setting CVar [[r.TranslucencyLightingVolumeDim:32]]
[2019.04.29-20.52.05:135][  0]LogConfig: Setting CVar [[r.RefractionQuality:0]]
[2019.04.29-20.52.05:135][  0]LogConfig: Setting CVar [[r.SSR.Quality:0]]
[2019.04.29-20.52.05:135][  0]LogConfig: Setting CVar [[r.SceneColorFormat:3]]
[2019.04.29-20.52.05:135][  0]LogConfig: Setting CVar [[r.DetailMode:1]]
[2019.04.29-20.52.05:135][  0]LogConfig: Setting CVar [[r.TranslucencyVolumeBlur:0]]
[2019.04.29-20.52.05:135][  0]LogConfig: Setting CVar [[r.MaterialQualityLevel:2 ; Medium quality]]
[2019.04.29-20.52.05:135][  0]LogConfig: Setting CVar [[r.SSS.Scale:0.75]]
[2019.04.29-20.52.05:135][  0]LogConfig: Setting CVar [[r.SSS.SampleSet:0]]
[2019.04.29-20.52.05:135][  0]LogConfig: Setting CVar [[r.SSS.Quality:0]]
[2019.04.29-20.52.05:135][  0]LogConfig: Setting CVar [[r.SSS.HalfRes:1]]
[2019.04.29-20.52.05:135][  0]LogConfig: Setting CVar [[r.EmitterSpawnRateScale:0.25]]
[2019.04.29-20.52.05:135][  0]LogConfig: Setting CVar [[r.ParticleLightQuality:0]]
[2019.04.29-20.52.05:135][  0]LogConfig: Applying CVar settings from Section [FoliageQuality@1] File [C:/Users/Joesph/Documents/Unreal Projects/CSC462/Saved/Config/Windows/Scalability.ini]
[2019.04.29-20.52.05:135][  0]LogConfig: Setting CVar [[foliage.DensityScale:0.4]]
[2019.04.29-20.52.05:135][  0]LogConfig: Setting CVar [[grass.DensityScale:0.4]]
[2019.04.29-20.52.05:135][  0]LogConfig: Applying CVar settings from Section [Startup] File [../../../Engine/Config/ConsoleVariables.ini]
[2019.04.29-20.52.05:138][  0]LogConfig: Setting CVar [[net.UseAdaptiveNetUpdateFrequency:0]]
[2019.04.29-20.52.05:138][  0]LogConfig: Applying CVar settings from Section [ConsoleVariables] File [C:/Users/Joesph/Documents/Unreal Projects/CSC462/Saved/Config/Windows/Engine.ini]
[2019.04.29-20.52.05:139][  0]LogInit: Computer: JOEY-PC
[2019.04.29-20.52.05:139][  0]LogInit: User: Joesph
[2019.04.29-20.52.05:139][  0]LogInit: CPU Page size=4096, Cores=2
[2019.04.29-20.52.05:139][  0]LogInit: High frequency timer resolution =10.000000 MHz
[2019.04.29-20.52.05:140][  0]LogMemory: Memory total: Physical=7.9GB (8GB approx)
[2019.04.29-20.52.05:140][  0]LogMemory: Platform Memory Stats for Windows
[2019.04.29-20.52.05:140][  0]LogMemory: Process Physical Memory: 102.50 MB used, 102.50 MB peak
[2019.04.29-20.52.05:140][  0]LogMemory: Process Virtual Memory: 84.20 MB used, 84.20 MB peak
[2019.04.29-20.52.05:140][  0]LogMemory: Physical Memory: 7615.94 MB used,  457.02 MB free, 8072.96 MB total
[2019.04.29-20.52.05:140][  0]LogMemory: Virtual Memory: 4626.09 MB used,  134213104.00 MB free, 134217728.00 MB total
[2019.04.29-20.52.05:194][  0]LogInit: Using OS detected language (en-US).
[2019.04.29-20.52.05:194][  0]LogInit: Using OS detected locale (en-US).
[2019.04.29-20.52.05:197][  0]LogTextLocalizationManager: No specific localization for 'en-US' exists, so the 'en' localization will be used.
[2019.04.29-20.52.06:354][  0]LogStreaming: Display: Took  1.161s to InitEngineTextLocalization.
[2019.04.29-20.52.06:355][  0]LogInit: Setting process to per monitor DPI aware
[2019.04.29-20.52.06:753][  0]LogSlate: New Slate User Created.  User Index 0, Is Virtual User: 0
[2019.04.29-20.52.06:753][  0]LogSlate: Slate User Registered.  User Index 0, Is Virtual User: 0
[2019.04.29-20.52.13:627][  0]LogHMD: Failed to initialize OpenVR with code 110
[2019.04.29-20.52.13:627][  0]LogD3D11RHI: D3D11 adapters:
[2019.04.29-20.52.13:649][  0]LogD3D11RHI:    0. 'Intel(R) HD Graphics Family' (Feature Level 11_0)
[2019.04.29-20.52.13:649][  0]LogD3D11RHI:       112/0/2048 MB DedicatedVideo/DedicatedSystem/SharedSystem, Outputs:1, VendorId:0x8086
[2019.04.29-20.52.13:667][  0]LogD3D11RHI:    1. 'Microsoft Basic Render Driver' (Feature Level 11_0)
[2019.04.29-20.52.13:667][  0]LogD3D11RHI:       0/0/4036 MB DedicatedVideo/DedicatedSystem/SharedSystem, Outputs:0, VendorId:0x1414
[2019.04.29-20.52.13:667][  0]LogD3D11RHI: Chosen D3D11 Adapter: 0
[2019.04.29-20.52.13:699][  0]LogD3D11RHI: Creating new Direct3DDevice
[2019.04.29-20.52.13:699][  0]LogD3D11RHI:     GPU DeviceId: 0xa16 (for the marketing name, search the web for "GPU Device Id")
[2019.04.29-20.52.13:699][  0]LogWindows: EnumDisplayDevices:
[2019.04.29-20.52.13:699][  0]LogWindows:    0. 'Intel(R) HD Graphics Family' (P:1 D:1)
[2019.04.29-20.52.13:700][  0]LogWindows:    1. 'Intel(R) HD Graphics Family' (P:0 D:0)
[2019.04.29-20.52.13:701][  0]LogWindows:    2. 'Intel(R) HD Graphics Family' (P:0 D:0)
[2019.04.29-20.52.13:701][  0]LogWindows: DebugString: FoundDriverCount:3 
[2019.04.29-20.52.13:701][  0]LogD3D11RHI:     Adapter Name: Intel(R) HD Graphics Family
[2019.04.29-20.52.13:702][  0]LogD3D11RHI:   Driver Version: 20.19.15.5058 (internal:20.19.15.5058, unified:20.19.15.5058)
[2019.04.29-20.52.13:702][  0]LogD3D11RHI:      Driver Date: 8-16-2018
[2019.04.29-20.52.13:702][  0]LogRHI: Texture pool is 795 MB (70% of 1136 MB)
[2019.04.29-20.52.13:723][  0]LogD3D11RHI: [IntelMetricsDiscovery] Started
[2019.04.29-20.52.13:724][  0]LogD3D11RHI: Async texture creation enabled
[2019.04.29-20.52.13:739][  0]LogD3D11RHI: GPU Timing Frequency: 12.500000 (Debug: 2 0)
[2019.04.29-20.52.22:648][  0]LogTemp: Display: Loaded TP AllDesktopTargetPlatform
[2019.04.29-20.52.22:700][  0]LogTemp: Display: Loaded TP MacClientTargetPlatform
[2019.04.29-20.52.22:749][  0]LogTemp: Display: Loaded TP MacNoEditorTargetPlatform
[2019.04.29-20.52.22:803][  0]LogTemp: Display: Loaded TP MacServerTargetPlatform
[2019.04.29-20.52.22:855][  0]LogTemp: Display: Loaded TP MacTargetPlatform
[2019.04.29-20.52.22:903][  0]LogTemp: Display: Loaded TP WindowsClientTargetPlatform
[2019.04.29-20.52.22:958][  0]LogTemp: Display: Loaded TP WindowsNoEditorTargetPlatform
[2019.04.29-20.52.23:009][  0]LogTemp: Display: Loaded TP WindowsServerTargetPlatform
[2019.04.29-20.52.23:032][  0]LogTemp: Display: Loaded TP WindowsTargetPlatform
[2019.04.29-20.52.23:309][  0]LogTemp: Display: Loaded TP AndroidTargetPlatform
[2019.04.29-20.52.23:309][  0]LogTemp: Display: Loaded TP AndroidTargetPlatform
[2019.04.29-20.52.23:309][  0]LogTemp: Display: Loaded TP AndroidTargetPlatform
[2019.04.29-20.52.23:309][  0]LogTemp: Display: Loaded TP AndroidTargetPlatform
[2019.04.29-20.52.23:309][  0]LogTemp: Display: Loaded TP AndroidTargetPlatform
[2019.04.29-20.52.23:309][  0]LogTemp: Display: Loaded TP AndroidTargetPlatform
[2019.04.29-20.52.23:309][  0]LogTemp: Display: Loaded TP AndroidTargetPlatform
[2019.04.29-20.52.23:309][  0]LogTemp: Display: Loaded TP AndroidTargetPlatform
[2019.04.29-20.52.23:309][  0]LogTemp: Display: Loaded TP AndroidTargetPlatform
[2019.04.29-20.52.23:309][  0]LogTemp: Display: Loaded TP AndroidTargetPlatform
[2019.04.29-20.52.23:309][  0]LogTemp: Display: Loaded TP AndroidTargetPlatform
[2019.04.29-20.52.23:309][  0]LogTemp: Display: Loaded TP AndroidTargetPlatform
[2019.04.29-20.52.23:309][  0]LogTemp: Display: Loaded TP AndroidTargetPlatform
[2019.04.29-20.52.23:309][  0]LogTemp: Display: Loaded TP AndroidTargetPlatform
[2019.04.29-20.52.23:309][  0]LogTemp: Display: Loaded TP AndroidTargetPlatform
[2019.04.29-20.52.23:309][  0]LogTemp: Display: Loaded TP AndroidTargetPlatform
[2019.04.29-20.52.23:310][  0]LogTemp: Display: Loaded TP AndroidTargetPlatform
[2019.04.29-20.52.23:310][  0]LogTemp: Display: Loaded TP AndroidTargetPlatform
[2019.04.29-20.52.23:315][  0]LogTemp: Display: Loaded TP HTML5TargetPlatform
[2019.04.29-20.52.23:472][  0]LogTemp: Display: Loaded TP IOSTargetPlatform
[2019.04.29-20.52.23:472][  0]LogTemp: Display: Loaded TP IOSTargetPlatform
[2019.04.29-20.52.23:571][  0]LogTemp: Display: Loaded TP TVOSTargetPlatform
[2019.04.29-20.52.23:572][  0]LogTemp: Display: Loaded TP TVOSTargetPlatform
[2019.04.29-20.52.23:642][  0]LogTemp: Display: Loaded TP LinuxClientTargetPlatform
[2019.04.29-20.52.23:691][  0]LogTemp: Display: Loaded TP LinuxNoEditorTargetPlatform
[2019.04.29-20.52.23:740][  0]LogTemp: Display: Loaded TP LinuxServerTargetPlatform
[2019.04.29-20.52.23:816][  0]LogTemp: Display: Loaded TP LinuxTargetPlatform
[2019.04.29-20.52.24:123][  0]LogTemp: Display: Loaded TP LuminTargetPlatform
[2019.04.29-20.52.24:124][  0]LogTemp: Display: Loaded TP LuminTargetPlatform
[2019.04.29-20.52.24:124][  0]LogTargetPlatformManager: Display: Building Assets For Windows
[2019.04.29-20.52.24:346][  0]LogShaderCompilers: Guid format shader working directory is -18 characters bigger than the processId version (../../../../../../Users/Joesph/Documents/Unreal Projects/CSC462/Intermediate/Shaders/WorkingDirectory/157604/).
[2019.04.29-20.52.24:346][  0]LogShaderCompilers: Cleaned the shader compiler working directory 'C:/Users/Joesph/AppData/Local/Temp/UnrealShaderWorkingDir/70F7BA024DD228FAA80FFE8B04E904C3/'.
[2019.04.29-20.52.24:353][  0]LogXGEController: Cannot use XGE Controller as Incredibuild is not installed on this machine.
[2019.04.29-20.52.24:353][  0]LogShaderCompilers: Cannot use XGE Shader Compiler as Incredibuild is not installed on this machine.
[2019.04.29-20.52.24:353][  0]LogShaderCompilers: Display: Using Local Shader Compiler.
[2019.04.29-20.52.29:995][  0]LogDerivedDataCache: Display: Max Cache Size: 512 MB
[2019.04.29-20.52.31:376][  0]LogDerivedDataCache: Loaded boot cache 1.38s 84MB C:/Users/Joesph/AppData/Local/UnrealEngine/4.21/DerivedDataCache/Boot.ddc.
[2019.04.29-20.52.31:376][  0]LogDerivedDataCache: Display: Loaded Boot cache: C:/Users/Joesph/AppData/Local/UnrealEngine/4.21/DerivedDataCache/Boot.ddc
[2019.04.29-20.52.31:376][  0]LogDerivedDataCache: FDerivedDataBackendGraph:  Pak pak cache file ../../../../../../Users/Joesph/Documents/Unreal Projects/CSC462/DerivedDataCache/DDC.ddp not found, will not use a pak cache.
[2019.04.29-20.52.31:376][  0]LogDerivedDataCache: Unable to find inner node Pak for hierarchical cache Hierarchy.
[2019.04.29-20.52.31:376][  0]LogDerivedDataCache: FDerivedDataBackendGraph:  CompressedPak pak cache file ../../../../../../Users/Joesph/Documents/Unreal Projects/CSC462/DerivedDataCache/Compressed.ddp not found, will not use a pak cache.
[2019.04.29-20.52.31:376][  0]LogDerivedDataCache: Unable to find inner node CompressedPak for hierarchical cache Hierarchy.
[2019.04.29-20.52.31:421][  0]LogDerivedDataCache: Display: Pak cache opened for reading ../../../Engine/DerivedDataCache/Compressed.ddp.
[2019.04.29-20.52.31:421][  0]LogDerivedDataCache: FDerivedDataBackendGraph:  EnterprisePak pak cache file ../../../Enterprise/DerivedDataCache/Compressed.ddp not found, will not use a pak cache.
[2019.04.29-20.52.31:421][  0]LogDerivedDataCache: Unable to find inner node EnterprisePak for hierarchical cache Hierarchy.
[2019.04.29-20.52.31:436][  0]LogDerivedDataCache: Using Local data cache path C:/Users/Joesph/AppData/Local/UnrealEngine/Common/DerivedDataCache: Writable
[2019.04.29-20.52.31:436][  0]LogDerivedDataCache: Shared data cache path not found in *engine.ini, will not use an Shared cache.
[2019.04.29-20.52.31:436][  0]LogDerivedDataCache: Unable to find inner node Shared for hierarchical cache Hierarchy.
[2019.04.29-20.52.31:543][  0]LogMaterial: Verifying Global Shaders for PCD3D_SM5
[2019.04.29-20.52.31:548][  0]LogSlate: Using FreeType 2.6.0
[2019.04.29-20.52.31:576][  0]LogSlate: SlateFontServices - WITH_FREETYPE: 1, WITH_HARFBUZZ: 1
[2019.04.29-20.52.32:831][  0]LogAssetRegistry: FAssetRegistry took 0.0885 seconds to start up
[2019.04.29-20.52.35:841][  0]LogInit: Selected Device Profile: [Windows]
[2019.04.29-20.52.38:845][  0]LogSimplygon: Simplygon DLL not present - disabling.
[2019.04.29-20.52.38:949][  0]LogMeshReduction: Using SimplygonSwarm for distributed automatic mesh merging
[2019.04.29-20.52.38:949][  0]LogMeshReduction: Using ProxyLODMeshReduction for automatic mesh merging
[2019.04.29-20.52.38:950][  0]LogMeshReduction: Using QuadricMeshReduction for automatic static mesh reduction
[2019.04.29-20.52.38:950][  0]LogMeshReduction: No automatic skeletal mesh reduction module available
[2019.04.29-20.52.39:002][  0]LogNetVersion: CSC462 1.0.0, NetCL: 4541578, EngineNetVer: 5, GameNetVer: 0 (Checksum: 98826526)
[2019.04.29-20.52.43:446][  0]LogPackageLocalizationCache: Processed 11 localized package path(s) for 2 prioritized culture(s) in 0.472036 seconds
[2019.04.29-20.52.43:472][  0]LogUObjectArray: 39775 objects as part of root set at end of initial load.
[2019.04.29-20.52.43:472][  0]LogUObjectAllocator: 6914664 out of 0 bytes used by permanent object pool.
[2019.04.29-20.52.43:472][  0]LogUObjectArray: CloseDisregardForGC: 0/0 objects in disregard for GC pool
[2019.04.29-20.53.34:970][  0]LogTcpMessaging: Initializing TcpMessaging bridge
[2019.04.29-20.53.34:990][  0]LogUdpMessaging: Initializing bridge on interface 0.0.0.0:0 to multicast group 230.0.0.1:6666.
[2019.04.29-20.53.38:155][  0]SourceControl: Source control is disabled
[2019.04.29-20.53.38:155][  0]SourceControl: Source control is disabled
[2019.04.29-20.53.38:192][  0]SourceControl: Source control is disabled
[2019.04.29-20.53.38:209][  0]SourceControl: Source control is disabled
[2019.04.29-20.53.38:888][  0]LogAndroidPermission: UAndroidPermissionCallbackProxy::GetInstance
[2019.04.29-20.53.39:117][  0]LogOcInput: OculusInput pre-init called
[2019.04.29-20.53.39:807][  0]LogEngine: Initializing Engine...
[2019.04.29-20.53.39:834][  0]LogHMD: Failed to initialize OpenVR with code 110
[2019.04.29-20.53.39:840][  0]LogStats: UGameplayTagsManager::ConstructGameplayTagTree: ImportINI prefixes -  0.000 s
[2019.04.29-20.53.39:840][  0]LogStats: UGameplayTagsManager::ConstructGameplayTagTree: Construct from data asset -  0.000 s
[2019.04.29-20.53.39:840][  0]LogStats: UGameplayTagsManager::ConstructGameplayTagTree: ImportINI -  0.000 s
[2019.04.29-20.53.39:840][  0]LogStats: UGameplayTagsManager::ConstructGameplayTagTree: GameplayTagTreeChangedEvent.Broadcast -  0.000 s
[2019.04.29-20.53.40:768][  0]LogInit: Initializing FReadOnlyCVARCache
[2019.04.29-20.53.41:004][  0]LogAIModule: Creating AISystem for world Untitled
[2019.04.29-20.53.41:594][  0]LogInit: XAudio2 using 'Speakers / Headphones (Realtek High Definition Audio)' : 2 channels at 48 kHz using 32 bits per sample (channel mask 0x3)
[2019.04.29-20.53.41:843][  0]LogInit: FAudioDevice initialized.
[2019.04.29-20.53.41:846][  0]LogNetVersion: Set ProjectVersion to 1.0.0.0. Version Checksum will be recalculated on next use.
[2019.04.29-20.53.42:783][  0]LogDerivedDataCache: Saved boot cache 0.94s 84MB C:/Users/Joesph/AppData/Local/UnrealEngine/4.21/DerivedDataCache/Boot.ddc.
[2019.04.29-20.53.42:817][  0]LogInit: Texture streaming: Enabled
[2019.04.29-20.53.43:103][  0]LogEngineSessionManager: EngineSessionManager initialized
[2019.04.29-20.53.43:225][  0]LogInit: Transaction tracking system initialized
[2019.04.29-20.53.43:373][  0]BlueprintLog: New page: Editor Load
[2019.04.29-20.53.44:362][  0]LocalizationService: Localization service is disabled
[2019.04.29-20.53.51:384][  0]LogFileCache: Scanning file cache for directory 'C:/Users/Joesph/Documents/Unreal Projects/CSC462/Content/' took 0.03s
[2019.04.29-20.53.51:385][  0]LogCook: Display: Max memory allowance for cook 16384mb min free memory 0mb
[2019.04.29-20.53.51:385][  0]LogCook: Display: Mobile HDR setting 1
[2019.04.29-20.53.51:385][  0]LogGameplayTags: Display: UGameplayTagsManager::DoneAddingNativeTags. DelegateIsBound: 0
[2019.04.29-20.53.51:385][  0]LogStats: UGameplayTagsManager::ConstructGameplayTagTree: ImportINI prefixes -  0.000 s
[2019.04.29-20.53.51:386][  0]LogStats: UGameplayTagsManager::ConstructGameplayTagTree: Construct from data asset -  0.000 s
[2019.04.29-20.53.51:386][  0]LogStats: UGameplayTagsManager::ConstructGameplayTagTree: ImportINI -  0.000 s
[2019.04.29-20.53.51:386][  0]LogStats: UGameplayTagsManager::ConstructGameplayTagTree: GameplayTagTreeChangedEvent.Broadcast -  0.000 s
[2019.04.29-20.53.52:266][  0]SourceControl: Source control is disabled
[2019.04.29-20.53.52:266][  0]Cmd: MAP LOAD FILE="../../../../../../Users/Joesph/Documents/Unreal Projects/CSC462/Content/StarterContent/Maps/Minimal_Default.umap" TEMPLATE=0 SHOWPROGRESS=1 FEATURELEVEL=3
[2019.04.29-20.53.52:267][  0]LightingResults: New page: Lighting Build
[2019.04.29-20.53.52:281][  0]MapCheck: New page: Map Check
[2019.04.29-20.53.52:281][  0]LightingResults: New page: Lighting Build
[2019.04.29-20.54.01:751][  0]LogAIModule: Creating AISystem for world Minimal_Default
[2019.04.29-20.54.04:512][  0]LogEditorServer: Finished looking for orphan Actors (0.000 secs)
[2019.04.29-20.54.04:752][  0]Cmd: MAP CHECKDEP NOCLEARLOG
[2019.04.29-20.54.04:752][  0]MapCheck: Map check complete: 0 Error(s), 0 Warning(s), took 0.312ms to complete.
[2019.04.29-20.54.04:753][  0]LogFileHelpers: Loading map 'Minimal_Default' took 12.486
[2019.04.29-20.54.05:187][  0]LogSlate: Updating window title bar state: overlay mode, drag disabled, window buttons hidden, title bar hidden
[2019.04.29-20.54.05:225][  0]LogSlate: Updating window title bar state: overlay mode, drag disabled, window buttons hidden, title bar hidden
[2019.04.29-20.54.05:253][  0]LogSlate: Updating window title bar state: overlay mode, drag disabled, window buttons hidden, title bar hidden
[2019.04.29-20.54.05:278][  0]LogSlate: Updating window title bar state: overlay mode, drag disabled, window buttons hidden, title bar hidden
[2019.04.29-20.54.05:306][  0]LogCollectionManager: Loaded 0 collections in 0.007180 seconds
[2019.04.29-20.54.05:345][  0]LogFileCache: Scanning file cache for directory 'C:/Users/Joesph/Documents/Unreal Projects/CSC462/Saved/Collections/' took 0.01s
[2019.04.29-20.54.05:345][  0]LogFileCache: Scanning file cache for directory 'C:/Users/Joesph/Documents/Unreal Projects/CSC462/Content/Developers/Joesph/Collections/' took 0.00s
[2019.04.29-20.54.05:346][  0]LogFileCache: Scanning file cache for directory 'C:/Users/Joesph/Documents/Unreal Projects/CSC462/Content/Collections/' took 0.00s
[2019.04.29-20.54.05:346][  0]LogCollectionManager: Rebuilt the GUID cache for 0 collections in 0.000001 seconds
[2019.04.29-20.54.05:388][  0]LogContentBrowser: Native class hierarchy populated in 0.0417 seconds. Added 2651 classes and 620 folders.
[2019.04.29-20.54.05:416][  0]LogContentBrowser: Native class hierarchy updated for 'WidgetCarousel' in 0.0010 seconds. Added 0 classes and 0 folders.
[2019.04.29-20.54.05:441][  0]LogPakFile: Registered encryption key '00000000000000000000000000000000': 0 pak files mounted, 0 remain pending
[2019.04.29-20.54.05:461][  0]LogPakFile: Registered encryption key '00000000000000000000000000000000': 0 pak files mounted, 0 remain pending
[2019.04.29-20.54.05:518][  0]LogPakFile: Registered encryption key '00000000000000000000000000000000': 0 pak files mounted, 0 remain pending
[2019.04.29-20.54.05:532][  0]LogPakFile: Registered encryption key '00000000000000000000000000000000': 0 pak files mounted, 0 remain pending
[2019.04.29-20.54.05:545][  0]LogPakFile: Registered encryption key '00000000000000000000000000000000': 0 pak files mounted, 0 remain pending
[2019.04.29-20.54.05:559][  0]LogPakFile: Registered encryption key '00000000000000000000000000000000': 0 pak files mounted, 0 remain pending
[2019.04.29-20.54.05:571][  0]LogPakFile: Registered encryption key '00000000000000000000000000000000': 0 pak files mounted, 0 remain pending
[2019.04.29-20.54.05:585][  0]LogPakFile: Registered encryption key '00000000000000000000000000000000': 0 pak files mounted, 0 remain pending
[2019.04.29-20.54.05:600][  0]LogPakFile: Registered encryption key '00000000000000000000000000000000': 0 pak files mounted, 0 remain pending
[2019.04.29-20.54.05:621][  0]LogPakFile: Registered encryption key '00000000000000000000000000000000': 0 pak files mounted, 0 remain pending
[2019.04.29-20.54.05:637][  0]LogPakFile: Registered encryption key '00000000000000000000000000000000': 0 pak files mounted, 0 remain pending
[2019.04.29-20.54.05:650][  0]LogPakFile: Registered encryption key '00000000000000000000000000000000': 0 pak files mounted, 0 remain pending
[2019.04.29-20.54.05:665][  0]LogPakFile: Registered encryption key '00000000000000000000000000000000': 0 pak files mounted, 0 remain pending
[2019.04.29-20.54.05:678][  0]LogPakFile: Registered encryption key '00000000000000000000000000000000': 0 pak files mounted, 0 remain pending
[2019.04.29-20.54.05:690][  0]LogPakFile: Registered encryption key '00000000000000000000000000000000': 0 pak files mounted, 0 remain pending
[2019.04.29-20.54.05:702][  0]LogPakFile: Registered encryption key '00000000000000000000000000000000': 0 pak files mounted, 0 remain pending
[2019.04.29-20.54.05:771][  0]LogPakFile: Registered encryption key '00000000000000000000000000000000': 0 pak files mounted, 0 remain pending
[2019.04.29-20.54.05:783][  0]LogPakFile: Registered encryption key '00000000000000000000000000000000': 0 pak files mounted, 0 remain pending
[2019.04.29-20.54.05:798][  0]LogPakFile: Registered encryption key '00000000000000000000000000000000': 0 pak files mounted, 0 remain pending
[2019.04.29-20.54.05:813][  0]LogPakFile: Registered encryption key '00000000000000000000000000000000': 0 pak files mounted, 0 remain pending
[2019.04.29-20.54.05:898][  0]LogPakFile: Registered encryption key '00000000000000000000000000000000': 0 pak files mounted, 0 remain pending
[2019.04.29-20.54.05:912][  0]LogPakFile: Registered encryption key '00000000000000000000000000000000': 0 pak files mounted, 0 remain pending
[2019.04.29-20.54.05:926][  0]LogPakFile: Registered encryption key '00000000000000000000000000000000': 0 pak files mounted, 0 remain pending
[2019.04.29-20.54.05:940][  0]LogPakFile: Registered encryption key '00000000000000000000000000000000': 0 pak files mounted, 0 remain pending
[2019.04.29-20.54.05:955][  0]LogPakFile: Registered encryption key '00000000000000000000000000000000': 0 pak files mounted, 0 remain pending
[2019.04.29-20.54.05:969][  0]LogPakFile: Registered encryption key '00000000000000000000000000000000': 0 pak files mounted, 0 remain pending
[2019.04.29-20.54.06:362][  0]LogContentBrowser: Native class hierarchy updated for 'AddContentDialog' in 0.0006 seconds. Added 0 classes and 0 folders.
[2019.04.29-20.54.06:378][  0]LogContentBrowser: Native class hierarchy updated for 'SceneOutliner' in 0.0006 seconds. Added 1 classes and 2 folders.
[2019.04.29-20.54.06:838][  0]LogSlate: Took 0.077452 seconds to synchronously load lazily loaded font '../../../Engine/Content/Slate/Fonts/Roboto-Regular.ttf' (155K)
[2019.04.29-20.54.06:854][  0]LogSlate: Took 0.011477 seconds to synchronously load lazily loaded font '../../../Engine/Content/Slate/Fonts/Roboto-Bold.ttf' (160K)
[2019.04.29-20.54.06:910][  0]LogSlate: Took 0.039323 seconds to synchronously load lazily loaded font '../../../Engine/Content/Editor/Slate/Fonts/FontAwesome.ttf' (139K)
[2019.04.29-20.54.07:245][  0]LogRenderer: Reallocating scene render targets to support 844x372 Format 9 NumSamples 1 (Frame:1).
[2019.04.29-20.54.08:301][  0]LogSlate: Took 0.009476 seconds to synchronously load lazily loaded font '../../../Engine/Content/Slate/Fonts/Roboto-Light.ttf' (167K)
[2019.04.29-20.54.08:501][  0]LogContentBrowser: Native class hierarchy updated for 'HierarchicalLODOutliner' in 0.0007 seconds. Added 0 classes and 0 folders.
[2019.04.29-20.54.08:501][  0]LogLoad: (Engine Initialization) Total time: 133.97 seconds
[2019.04.29-20.54.08:501][  0]LogLoad: (Engine Initialization) Total Blueprint compile time: 0.00 seconds
[2019.04.29-20.54.09:207][  0]LogContentStreaming: Texture pool size now 600 MB
[2019.04.29-20.54.13:011][  5]LogAssetRegistry: Asset discovery search completed in 100.2028 seconds
[2019.04.29-20.54.13:022][  5]LogCollectionManager: Rebuilt the object cache for 0 collections in 0.000001 seconds (found 0 objects)
[2019.04.29-20.54.13:022][  5]LogCollectionManager: Fixed up redirectors for 0 collections in 0.000242 seconds (updated 0 objects)
[2019.04.29-20.54.44:661][101]LogSlate: FSceneViewport::OnFocusLost() reason 0
[2019.04.29-20.56.03:864][365]LogSlate: Took 0.000587 seconds to synchronously load lazily loaded font '../../../Engine/Content/Slate/Fonts/Roboto-Light.ttf' (167K)
[2019.04.29-20.56.03:919][365]LogAssetEditorManager: Opening Asset editor for Material /Game/PivotPainter2/Materials/HillTree.HillTree
[2019.04.29-20.56.03:982][365]LogMaterial: Display: Missing cached shader map for material HillTree, compiling. 
[2019.04.29-20.56.05:539][365]LogMaterial: Display: Missing cached shader map for material HillTree, compiling. 
[2019.04.29-20.56.05:681][365]LogShaderCompilers: Display: Shaders left to compile 56
[2019.04.29-20.56.05:681][365]LogShaderCompilers: Display: Shaders left to compile 55
[2019.04.29-20.56.05:681][365]LogShaderCompilers: Display: Shaders left to compile 54
[2019.04.29-20.56.05:711][365]LogMaterial: Display: Missing cached shader map for material HillTree, compiling. 
[2019.04.29-20.56.05:942][365]LogMaterial: Display: Missing cached shader map for material FMatExpressionPreview MaterialExpressionVectorParameter_10, compiling. 
[2019.04.29-20.56.05:968][365]LogMaterial: Display: Missing cached shader map for material FMatExpressionPreview MaterialExpressionVectorParameter_9, compiling. 
[2019.04.29-20.56.05:992][365]LogMaterial: Display: Missing cached shader map for material FMatExpressionPreview MaterialExpressionTextureSample_37, compiling. 
[2019.04.29-20.56.06:002][365]LogMaterial: Display: Missing cached shader map for material FMatExpressionPreview MaterialExpressionTextureSample_36, compiling. 
[2019.04.29-20.56.06:012][365]LogMaterial: Display: Missing cached shader map for material FMatExpressionPreview MaterialExpressionTextureSample_35, compiling. 
[2019.04.29-20.56.06:072][365]LogMaterial: Display: Missing cached shader map for material FMatExpressionPreview MaterialExpressionVectorParameter_12, compiling. 
[2019.04.29-20.56.06:097][365]LogMaterial: Display: Missing cached shader map for material FMatExpressionPreview MaterialExpressionVectorParameter_11, compiling. 
[2019.04.29-20.56.06:134][365]LogMaterial: Display: Missing cached shader map for material FMatExpressionPreview MaterialExpressionTextureSample_40, compiling. 
[2019.04.29-20.56.06:167][365]LogMaterial: Display: Missing cached shader map for material FMatExpressionPreview MaterialExpressionTextureSample_39, compiling. 
[2019.04.29-20.56.06:199][365]LogMaterial: Display: Missing cached shader map for material FMatExpressionPreview MaterialExpressionTextureSample_38, compiling. 
[2019.04.29-20.56.06:231][365]LogMaterial: Display: Missing cached shader map for material FMatExpressionPreview MaterialExpressionTextureSample_42, compiling. 
[2019.04.29-20.56.06:270][365]LogMaterial: Display: Missing cached shader map for material FMatExpressionPreview MaterialExpressionTextureSample_41, compiling. 
[2019.04.29-20.56.06:305][365]LogMaterial: Display: Missing cached shader map for material FMatExpressionPreview MaterialExpressionTextureSample_45, compiling. 
[2019.04.29-20.56.06:355][365]LogMaterial: Display: Missing cached shader map for material FMatExpressionPreview MaterialExpressionTextureSample_44, compiling. 
[2019.04.29-20.56.06:370][365]LogMaterial: Display: Missing cached shader map for material FMatExpressionPreview MaterialExpressionTextureSample_43, compiling. 
[2019.04.29-20.56.06:411][365]LogMaterial: Display: Missing cached shader map for material FMatExpressionPreview MaterialExpressionConstant3Vector_3, compiling. 
[2019.04.29-20.56.06:433][365]LogMaterial: Display: Missing cached shader map for material FMatExpressionPreview MaterialExpressionOneMinus_0, compiling. 
[2019.04.29-20.56.06:477][365]LogMaterial: Display: Missing cached shader map for material FMatExpressionPreview MaterialExpressionVectorParameter_0, compiling. 
[2019.04.29-20.56.06:720][365]LogSlate: Took 0.080942 seconds to synchronously load lazily loaded font '../../../Engine/Content/Slate/Fonts/Roboto-BoldCondensed.ttf' (158K)
[2019.04.29-20.56.07:574][368]LogSlate: Took 0.047996 seconds to synchronously load lazily loaded font '../../../Engine/Content/Slate/Fonts/Roboto-Italic.ttf' (157K)
[2019.04.29-20.56.11:884][477]LogMaterial: Display: Missing cached shader map for material Material_0, compiling. 
[2019.04.29-20.56.42:919][327]LogMaterial: Display: Missing cached shader map for material HillTree, compiling. 
[2019.04.29-20.56.43:114][327]LogMaterial: Display: Missing cached shader map for material HillTree, compiling. 
[2019.04.29-20.56.43:680][328]LogMaterial: Display: Missing cached shader map for material Material_1, compiling. 
[2019.04.29-20.56.48:300][400]LogMaterialEditor: Saving and Compiling material HillTree
[2019.04.29-20.56.56:540][400]LogMaterial: Display: Missing cached shader map for material HillTree, compiling. 
[2019.04.29-20.56.57:123][400]LogMaterial: Display: Missing cached shader map for material HillTree, compiling. 
[2019.04.29-20.56.57:335][400]LogMaterial: Display: Missing cached shader map for material HillTree, compiling. 
[2019.04.29-20.56.57:452][400]LogMaterial: Display: Missing cached shader map for material HillTree, compiling. 
[2019.04.29-20.56.57:589][400]LogMaterial: Display: Missing cached shader map for material HillTree, compiling. 
[2019.04.29-20.56.57:818][400]LogMaterial: Display: Missing cached shader map for material FDebugViewModeMaterialProxy HillTree, compiling. 
