Log file open, 04/29/19 17:39:26
LogWindows: Failed to load 'aqProf.dll' (GetLastError=126)
LogWindows: File 'aqProf.dll' does not exist
LogWindows: Failed to load 'VtuneApi.dll' (GetLastError=126)
LogWindows: File 'VtuneApi.dll' does not exist
LogWindows: Failed to load 'VtuneApi32e.dll' (GetLastError=126)
LogWindows: File 'VtuneApi32e.dll' does not exist
LogConsoleResponse: Display: Failed to find resolution value strings in scalability ini. Falling back to default.
LogInit: Display: Running engine for game: CSC462
LogPakFile: Registered encryption key '00000000000000000000000000000000': 0 pak files mounted, 0 remain pending
LogPlatformFile: Not using cached read wrapper
LogTaskGraph: Started task graph with 5 named threads and 11 total threads with 3 sets of task threads.
LogStats: Stats thread started at 0.230229
LogD3D11RHI: Loaded GFSDK_Aftermath_Lib.x64.dll
LogICUInternationalization: ICU TimeZone Detection - Raw Offset: -5:00, Platform Override: ''
LogPluginManager: Mounting plugin Paper2D
LogPluginManager: Mounting plugin AISupport
LogPluginManager: Mounting plugin LightPropagationVolume
LogPluginManager: Mounting plugin ActorLayerUtilities
LogPluginManager: Mounting plugin CLionSourceCodeAccess
LogPluginManager: Mounting plugin CodeLiteSourceCodeAccess
LogPluginManager: Mounting plugin GitSourceControl
LogPluginManager: Mounting plugin KDevelopSourceCodeAccess
LogPluginManager: Mounting plugin NullSourceCodeAccess
LogPluginManager: Mounting plugin PerforceSourceControl
LogPluginManager: Mounting plugin SubversionSourceControl
LogPluginManager: Mounting plugin UObjectPlugin
LogPluginManager: Mounting plugin VisualStudioCodeSourceCodeAccess
LogPluginManager: Mounting plugin VisualStudioSourceCodeAccess
LogPluginManager: Mounting plugin XCodeSourceCodeAccess
LogPluginManager: Mounting plugin AssetManagerEditor
LogPluginManager: Mounting plugin CryptoKeys
LogPluginManager: Mounting plugin DataValidation
LogPluginManager: Mounting plugin FacialAnimation
LogPluginManager: Mounting plugin GameplayTagsEditor
LogPluginManager: Mounting plugin MacGraphicsSwitching
LogPluginManager: Mounting plugin MeshEditor
LogPluginManager: Mounting plugin MobileLauncherProfileWizard
LogPluginManager: Mounting plugin PluginBrowser
LogPluginManager: Mounting plugin SpeedTreeImporter
LogPluginManager: Mounting plugin DatasmithContent
LogPluginManager: Mounting plugin VariantManagerContent
LogPluginManager: Mounting plugin AlembicImporter
LogPluginManager: Mounting plugin AppleImageUtils
LogPluginManager: Mounting plugin AppleVision
LogPluginManager: Mounting plugin BackChannel
LogPluginManager: Mounting plugin CharacterAI
LogPluginManager: Mounting plugin GeometryCache
LogPluginManager: Mounting plugin HTML5Networking
LogPluginManager: Mounting plugin ProxyLODPlugin
LogPluginManager: Mounting plugin MagicLeap
LogPluginManager: Mounting plugin MagicLeapMedia
LogPluginManager: Mounting plugin AndroidMedia
LogPluginManager: Mounting plugin AvfMedia
LogPluginManager: Mounting plugin ImgMedia
LogPluginManager: Mounting plugin LinearTimecode
LogPluginManager: Mounting plugin MediaCompositing
LogPluginManager: Mounting plugin MediaPlayerEditor
LogPluginManager: Mounting plugin WebMMedia
LogPluginManager: Mounting plugin WmfMedia
LogPluginManager: Mounting plugin TcpMessaging
LogPluginManager: Mounting plugin UdpMessaging
LogPluginManager: Mounting plugin ActorSequence
LogPluginManager: Mounting plugin LevelSequenceEditor
LogPluginManager: Mounting plugin MatineeToLevelSequence
LogPluginManager: Mounting plugin NetcodeUnitTest
LogPluginManager: Mounting plugin NUTUnrealEngine4
LogPluginManager: Mounting plugin OnlineSubsystemGooglePlay
LogPluginManager: Mounting plugin OnlineSubsystemIOS
LogPluginManager: Mounting plugin OnlineSubsystem
LogPluginManager: Mounting plugin OnlineSubsystemNull
LogPluginManager: Mounting plugin OnlineSubsystemUtils
LogPluginManager: Mounting plugin LauncherChunkInstaller
LogPluginManager: Mounting plugin AndroidDeviceProfileSelector
LogPluginManager: Mounting plugin AndroidMoviePlayer
LogPluginManager: Mounting plugin AndroidPermission
LogPluginManager: Mounting plugin AppleMoviePlayer
LogPluginManager: Mounting plugin ArchVisCharacter
LogPluginManager: Mounting plugin AudioCapture
LogPluginManager: Mounting plugin CableComponent
LogPluginManager: Mounting plugin CustomMeshComponent
LogPluginManager: Mounting plugin EditableMesh
LogPluginManager: Mounting plugin ExampleDeviceProfileSelector
LogPluginManager: Mounting plugin Firebase
LogPluginManager: Mounting plugin GoogleCloudMessaging
LogPluginManager: Mounting plugin IOSDeviceProfileSelector
LogPluginManager: Mounting plugin LinuxDeviceProfileSelector
LogPluginManager: Mounting plugin LocationServicesBPLibrary
LogPluginManager: Mounting plugin MobilePatchingUtils
LogPluginManager: Mounting plugin OculusVR
LogPluginManager: Mounting plugin PhysXVehicles
LogPluginManager: Mounting plugin ProceduralMeshComponent
LogPluginManager: Mounting plugin RuntimePhysXCooking
LogPluginManager: Mounting plugin SteamVR
LogPluginManager: Mounting plugin WebMMoviePlayer
LogPluginManager: Mounting plugin WindowsMoviePlayer
LogStreaming: Display: Took  0.209s to configure plugins.
LogInit: Using libcurl 7.55.1-DEV
LogInit:  - built for x86_64-pc-win32
LogInit:  - supports SSL with OpenSSL/1.0.2h
LogInit:  - supports HTTP deflate (compression) using libz 1.2.8
LogInit:  - other features:
LogInit:      CURL_VERSION_SSL
LogInit:      CURL_VERSION_LIBZ
LogInit:      CURL_VERSION_IPV6
LogInit:      CURL_VERSION_ASYNCHDNS
LogInit:      CURL_VERSION_LARGEFILE
LogInit:      CURL_VERSION_IDN
LogInit:  CurlRequestOptions (configurable via config and command line):
LogInit:  - bVerifyPeer = true  - Libcurl will verify peer certificate
LogInit:  - bUseHttpProxy = false  - Libcurl will NOT use HTTP proxy
LogInit:  - bDontReuseConnections = false  - Libcurl will reuse connections
LogInit:  - MaxHostConnections = 16  - Libcurl will limit the number of connections to a host
LogInit:  - LocalHostAddr = Default
LogInit:  - BufferSize = 65536
LogInit: WinSock: version 1.1 (2.2), MaxSocks=32767, MaxUdp=65467
LogInit: Build: ++UE4+Release-4.21-CL-4613538
LogInit: Engine Version: 4.21.1-4613538+++UE4+Release-4.21
LogInit: Compatible Engine Version: 4.21.0-4541578+++UE4+Release-4.21
LogInit: Net CL: 4541578
LogInit: OS: Windows 10 (), CPU: Intel(R) Core(TM) i7-4510U CPU @ 2.00GHz, GPU: Intel(R) HD Graphics Family
LogInit: Compiled (64-bit): Nov 30 2018 04:13:25
LogInit: Compiled with Visual C++: 19.13.26129.00
LogInit: Build Configuration: Development
LogInit: Branch Name: ++UE4+Release-4.21
LogInit: Command Line: 
LogInit: Base Directory: C:/Program Files/Epic Games/UE_4.21/Engine/Binaries/Win64/
LogInit: Installed Engine Build: 1
LogDevObjectVersion: Number of dev versions registered: 22
LogDevObjectVersion:   Dev-Blueprints (B0D832E4-1F89-4F0D-ACCF-7EB736FD4AA2): 10
LogDevObjectVersion:   Dev-Build (E1C64328-A22C-4D53-A36C-8E866417BD8C): 0
LogDevObjectVersion:   Dev-Core (375EC13C-06E4-48FB-B500-84F0262A717E): 2
LogDevObjectVersion:   Dev-Editor (E4B068ED-F494-42E9-A231-DA0B2E46BB41): 26
LogDevObjectVersion:   Dev-Framework (CFFC743F-43B0-4480-9391-14DF171D2073): 34
LogDevObjectVersion:   Dev-Mobile (B02B49B5-BB20-44E9-A304-32B752E40360): 2
LogDevObjectVersion:   Dev-Networking (A4E4105C-59A1-49B5-A7C5-40C4547EDFEE): 0
LogDevObjectVersion:   Dev-Online (39C831C9-5AE6-47DC-9A44-9C173E1C8E7C): 0
LogDevObjectVersion:   Dev-Physics (78F01B33-EBEA-4F98-B9B4-84EACCB95AA2): 0
LogDevObjectVersion:   Dev-Platform (6631380F-2D4D-43E0-8009-CF276956A95A): 0
LogDevObjectVersion:   Dev-Rendering (12F88B9F-8875-4AFC-A67C-D90C383ABD29): 27
LogDevObjectVersion:   Dev-Sequencer (7B5AE74C-D270-4C10-A958-57980B212A5A): 9
LogDevObjectVersion:   Dev-VR (D7296918-1DD6-4BDD-9DE2-64A83CC13884): 2
LogDevObjectVersion:   Dev-LoadTimes (C2A15278-BFE7-4AFE-6C17-90FF531DF755): 1
LogDevObjectVersion:   Private-Geometry (6EACA3D4-40EC-4CC1-B786-8BED09428FC5): 3
LogDevObjectVersion:   Dev-AnimPhys (29E575DD-E0A3-4627-9D10-D276232CDCEA): 17
LogDevObjectVersion:   Dev-Anim (AF43A65D-7FD3-4947-9873-3E8ED9C1BB05): 2
LogDevObjectVersion:   Dev-ReflectionCapture (6B266CEC-1EC7-4B8F-A30B-E4D90942FC07): 1
LogDevObjectVersion:   Dev-Automation (0DF73D61-A23F-47EA-B727-89E90C41499A): 1
LogDevObjectVersion:   FortniteMain (601D1886-AC64-4F84-AA16-D3DE0DEAC7D6): 17
LogDevObjectVersion:   Dev-Enterprise (9DFFBCD6-494F-0158-E221-12823C92A888): 4
LogDevObjectVersion:   Dev-Niagara (F2AED0AC-9AFE-416F-8664-AA7FFA26D6FC): 1
LogStreaming: Display: Took  0.005s to delete old logs.
LogInit: Presizing for max 8388607 objects, including 0 objects not considered by GC, pre-allocating 0 bytes for permanent pool.
LogInit: Object subsystem initialized
LogConfig: Setting CVar [[con.DebugEarlyDefault:1]]
LogConfig: Setting CVar [[r.setres:1280x720]]
[2019.04.29-21.39.26:923][  0]LogConfig: Setting CVar [[r.VSync:0]]
[2019.04.29-21.39.26:923][  0]LogConfig: Setting CVar [[r.RHICmdBypass:0]]
[2019.04.29-21.39.26:924][  0]LogConfig: Applying CVar settings from Section [/Script/Engine.RendererSettings] File [C:/Users/Joesph/Documents/Unreal Projects/CSC462/Saved/Config/Windows/Engine.ini]
[2019.04.29-21.39.26:924][  0]LogConfig: Setting CVar [[r.GPUCrashDebugging:0]]
[2019.04.29-21.39.26:924][  0]LogConfig: Setting CVar [[r.MobileHDR:1]]
[2019.04.29-21.39.26:924][  0]LogConfig: Setting CVar [[r.Mobile.DisableVertexFog:1]]
[2019.04.29-21.39.26:924][  0]LogConfig: Setting CVar [[r.Shadow.CSM.MaxMobileCascades:2]]
[2019.04.29-21.39.26:924][  0]LogConfig: Setting CVar [[r.MobileMSAA:1]]
[2019.04.29-21.39.26:924][  0]LogConfig: Setting CVar [[r.Mobile.UseLegacyShadingModel:0]]
[2019.04.29-21.39.26:924][  0]LogConfig: Setting CVar [[r.Mobile.AllowDitheredLODTransition:0]]
[2019.04.29-21.39.26:924][  0]LogConfig: Setting CVar [[r.Mobile.AllowSoftwareOcclusion:0]]
[2019.04.29-21.39.26:924][  0]LogConfig: Setting CVar [[r.DiscardUnusedQuality:0]]
[2019.04.29-21.39.26:924][  0]LogConfig: Setting CVar [[r.AllowOcclusionQueries:1]]
[2019.04.29-21.39.26:924][  0]LogConfig: Setting CVar [[r.MinScreenRadiusForLights:0.030000]]
[2019.04.29-21.39.26:924][  0]LogConfig: Setting CVar [[r.MinScreenRadiusForDepthPrepass:0.030000]]
[2019.04.29-21.39.26:924][  0]LogConfig: Setting CVar [[r.MinScreenRadiusForCSMDepth:0.010000]]
[2019.04.29-21.39.26:924][  0]LogConfig: Setting CVar [[r.PrecomputedVisibilityWarning:0]]
[2019.04.29-21.39.26:924][  0]LogConfig: Setting CVar [[r.TextureStreaming:1]]
[2019.04.29-21.39.26:924][  0]LogConfig: Setting CVar [[Compat.UseDXT5NormalMaps:0]]
[2019.04.29-21.39.26:924][  0]LogConfig: Setting CVar [[r.ClearCoatNormal:0]]
[2019.04.29-21.39.26:924][  0]LogConfig: Setting CVar [[r.ReflectionCaptureResolution:128]]
[2019.04.29-21.39.26:924][  0]LogConfig: Setting CVar [[r.ReflectionEnvironmentLightmapMixBasedOnRoughness:1]]
[2019.04.29-21.39.26:924][  0]LogConfig: Setting CVar [[r.ForwardShading:0]]
[2019.04.29-21.39.26:924][  0]LogConfig: Setting CVar [[r.VertexFoggingForOpaque:1]]
[2019.04.29-21.39.26:924][  0]LogConfig: Setting CVar [[r.AllowStaticLighting:1]]
[2019.04.29-21.39.26:924][  0]LogConfig: Setting CVar [[r.NormalMapsForStaticLighting:0]]
[2019.04.29-21.39.26:924][  0]LogConfig: Setting CVar [[r.GenerateMeshDistanceFields:0]]
[2019.04.29-21.39.26:924][  0]LogConfig: Setting CVar [[r.DistanceFieldBuild.EightBit:0]]
[2019.04.29-21.39.26:924][  0]LogConfig: Setting CVar [[r.GenerateLandscapeGIData:0]]
[2019.04.29-21.39.26:924][  0]LogConfig: Setting CVar [[r.DistanceFieldBuild.Compress:0]]
[2019.04.29-21.39.26:924][  0]LogConfig: Setting CVar [[r.TessellationAdaptivePixelsPerTriangle:48.000000]]
[2019.04.29-21.39.26:924][  0]LogConfig: Setting CVar [[r.SeparateTranslucency:1]]
[2019.04.29-21.39.26:925][  0]LogConfig: Setting CVar [[r.TranslucentSortPolicy:0]]
[2019.04.29-21.39.26:925][  0]LogConfig: Setting CVar [[r.CustomDepth:1]]
[2019.04.29-21.39.26:925][  0]LogConfig: Setting CVar [[r.CustomDepthTemporalAAJitter:1]]
[2019.04.29-21.39.26:925][  0]LogConfig: Setting CVar [[r.PostProcessing.PropagateAlpha:0]]
[2019.04.29-21.39.26:925][  0]LogConfig: Setting CVar [[r.DOF.Algorithm:1]]
[2019.04.29-21.39.26:925][  0]LogConfig: Setting CVar [[r.DefaultFeature.Bloom:1]]
[2019.04.29-21.39.26:925][  0]LogConfig: Setting CVar [[r.DefaultFeature.AmbientOcclusion:1]]
[2019.04.29-21.39.26:925][  0]LogConfig: Setting CVar [[r.DefaultFeature.AmbientOcclusionStaticFraction:1]]
[2019.04.29-21.39.26:925][  0]LogConfig: Setting CVar [[r.DefaultFeature.AutoExposure:0]]
[2019.04.29-21.39.26:925][  0]LogConfig: Setting CVar [[r.DefaultFeature.AutoExposure.Method:0]]
[2019.04.29-21.39.26:925][  0]LogConfig: Setting CVar [[r.DefaultFeature.AutoExposure.ExtendDefaultLuminanceRange:0]]
[2019.04.29-21.39.26:925][  0]LogConfig: Setting CVar [[r.UsePreExposure:0]]
[2019.04.29-21.39.26:925][  0]LogConfig: Setting CVar [[r.DefaultFeature.MotionBlur:0]]
[2019.04.29-21.39.26:925][  0]LogConfig: Setting CVar [[r.DefaultFeature.LensFlare:0]]
[2019.04.29-21.39.26:925][  0]LogConfig: Setting CVar [[r.TemporalAA.Upsampling:0]]
[2019.04.29-21.39.26:925][  0]LogConfig: Setting CVar [[r.DefaultFeature.AntiAliasing:0]]
[2019.04.29-21.39.26:925][  0]LogConfig: Setting CVar [[r.DefaultFeature.LightUnits:1]]
[2019.04.29-21.39.26:925][  0]LogConfig: Setting CVar [[r.DefaultBackBufferPixelFormat:4]]
[2019.04.29-21.39.26:925][  0]LogConfig: Setting CVar [[r.Shadow.UnbuiltPreviewInGame:1]]
[2019.04.29-21.39.26:925][  0]LogConfig: Setting CVar [[r.StencilForLODDither:0]]
[2019.04.29-21.39.26:925][  0]LogConfig: Setting CVar [[r.EarlyZPass:3]]
[2019.04.29-21.39.26:925][  0]LogConfig: Setting CVar [[r.EarlyZPassMovable:1]]
[2019.04.29-21.39.26:925][  0]LogConfig: Setting CVar [[r.EarlyZPassOnlyMaterialMasking:0]]
[2019.04.29-21.39.26:925][  0]LogConfig: Setting CVar [[r.DBuffer:1]]
[2019.04.29-21.39.26:925][  0]LogConfig: Setting CVar [[r.ClearSceneMethod:1]]
[2019.04.29-21.39.26:925][  0]LogConfig: Setting CVar [[r.BasePassOutputsVelocity:0]]
[2019.04.29-21.39.26:925][  0]LogConfig: Setting CVar [[r.SelectiveBasePassOutputs:0]]
[2019.04.29-21.39.26:926][  0]LogConfig: Setting CVar [[fx.GPUSimulationTextureSizeX:1024]]
[2019.04.29-21.39.26:926][  0]LogConfig: Setting CVar [[fx.GPUSimulationTextureSizeY:1024]]
[2019.04.29-21.39.26:926][  0]LogConfig: Setting CVar [[r.AllowGlobalClipPlane:0]]
[2019.04.29-21.39.26:926][  0]LogConfig: Setting CVar [[r.GBufferFormat:1]]
[2019.04.29-21.39.26:926][  0]LogConfig: Setting CVar [[r.MorphTarget.Mode:1]]
[2019.04.29-21.39.26:926][  0]LogConfig: Setting CVar [[vr.InstancedStereo:0]]
[2019.04.29-21.39.26:926][  0]LogConfig: Setting CVar [[vr.MultiView:0]]
[2019.04.29-21.39.26:926][  0]LogConfig: Setting CVar [[vr.MobileMultiView:0]]
[2019.04.29-21.39.26:926][  0]LogConfig: Setting CVar [[vr.MobileMultiView.Direct:0]]
[2019.04.29-21.39.26:926][  0]LogConfig: Setting CVar [[vr.MonoscopicFarField:0]]
[2019.04.29-21.39.26:926][  0]LogConfig: Setting CVar [[vr.RoundRobinOcclusion:0]]
[2019.04.29-21.39.26:926][  0]LogConfig: Setting CVar [[vr.ODSCapture:0]]
[2019.04.29-21.39.26:926][  0]LogConfig: Setting CVar [[r.WireframeCullThreshold:5.000000]]
[2019.04.29-21.39.26:926][  0]LogConfig: Setting CVar [[r.SupportStationarySkylight:1]]
[2019.04.29-21.39.26:926][  0]LogConfig: Setting CVar [[r.SupportLowQualityLightmaps:1]]
[2019.04.29-21.39.26:926][  0]LogConfig: Setting CVar [[r.SupportPointLightWholeSceneShadows:1]]
[2019.04.29-21.39.26:926][  0]LogConfig: Setting CVar [[r.SupportAtmosphericFog:1]]
[2019.04.29-21.39.26:926][  0]LogConfig: Setting CVar [[r.SkinCache.CompileShaders:0]]
[2019.04.29-21.39.26:926][  0]LogConfig: Setting CVar [[r.Mobile.EnableStaticAndCSMShadowReceivers:1]]
[2019.04.29-21.39.26:926][  0]LogConfig: Setting CVar [[r.Mobile.EnableMovableLightCSMShaderCulling:1]]
[2019.04.29-21.39.26:926][  0]LogConfig: Setting CVar [[r.Mobile.AllowDistanceFieldShadows:1]]
[2019.04.29-21.39.26:926][  0]LogConfig: Setting CVar [[r.Mobile.AllowMovableDirectionalLights:1]]
[2019.04.29-21.39.26:926][  0]LogConfig: Setting CVar [[r.MobileNumDynamicPointLights:4]]
[2019.04.29-21.39.26:926][  0]LogConfig: Setting CVar [[r.MobileDynamicPointLightsUseStaticBranch:1]]
[2019.04.29-21.39.26:926][  0]LogConfig: Setting CVar [[r.SkinCache.SceneMemoryLimitInMB:128.000000]]
[2019.04.29-21.39.26:926][  0]LogConfig: Setting CVar [[r.GPUSkin.Limit2BoneInfluences:0]]
[2019.04.29-21.39.26:926][  0]LogConfig: Setting CVar [[r.SupportDepthOnlyIndexBuffers:1]]
[2019.04.29-21.39.26:926][  0]LogConfig: Setting CVar [[r.SupportReversedIndexBuffers:1]]
[2019.04.29-21.39.26:926][  0]LogConfig: Setting CVar [[r.SupportMaterialLayers:0]]
[2019.04.29-21.39.26:926][  0]LogConfig: Applying CVar settings from Section [/Script/Engine.RendererOverrideSettings] File [C:/Users/Joesph/Documents/Unreal Projects/CSC462/Saved/Config/Windows/Engine.ini]
[2019.04.29-21.39.26:926][  0]LogConfig: Applying CVar settings from Section [/Script/Engine.StreamingSettings] File [C:/Users/Joesph/Documents/Unreal Projects/CSC462/Saved/Config/Windows/Engine.ini]
[2019.04.29-21.39.26:926][  0]LogConfig: Setting CVar [[s.MinBulkDataSizeForAsyncLoading:131072]]
[2019.04.29-21.39.26:927][  0]LogConfig: Setting CVar [[s.AsyncLoadingThreadEnabled:0]]
[2019.04.29-21.39.26:927][  0]LogConfig: Setting CVar [[s.EventDrivenLoaderEnabled:1]]
[2019.04.29-21.39.26:927][  0]LogConfig: Setting CVar [[s.WarnIfTimeLimitExceeded:0]]
[2019.04.29-21.39.26:927][  0]LogConfig: Setting CVar [[s.TimeLimitExceededMultiplier:1.5]]
[2019.04.29-21.39.26:927][  0]LogConfig: Setting CVar [[s.TimeLimitExceededMinTime:0.005]]
[2019.04.29-21.39.26:927][  0]LogConfig: Setting CVar [[s.UseBackgroundLevelStreaming:1]]
[2019.04.29-21.39.26:927][  0]LogConfig: Setting CVar [[s.PriorityAsyncLoadingExtraTime:15.0]]
[2019.04.29-21.39.26:927][  0]LogConfig: Setting CVar [[s.LevelStreamingActorsUpdateTimeLimit:5.0]]
[2019.04.29-21.39.26:927][  0]LogConfig: Setting CVar [[s.PriorityLevelStreamingActorsUpdateExtraTime:5.0]]
[2019.04.29-21.39.26:927][  0]LogConfig: Setting CVar [[s.LevelStreamingComponentsRegistrationGranularity:10]]
[2019.04.29-21.39.26:927][  0]LogConfig: Setting CVar [[s.UnregisterComponentsTimeLimit:1.0]]
[2019.04.29-21.39.26:927][  0]LogConfig: Setting CVar [[s.LevelStreamingComponentsUnregistrationGranularity:5]]
[2019.04.29-21.39.26:927][  0]LogConfig: Applying CVar settings from Section [/Script/Engine.GarbageCollectionSettings] File [C:/Users/Joesph/Documents/Unreal Projects/CSC462/Saved/Config/Windows/Engine.ini]
[2019.04.29-21.39.26:927][  0]LogConfig: Setting CVar [[gc.MaxObjectsNotConsideredByGC:1]]
[2019.04.29-21.39.26:927][  0]LogConfig: Setting CVar [[gc.SizeOfPermanentObjectPool:0]]
[2019.04.29-21.39.26:927][  0]LogConfig: Setting CVar [[gc.FlushStreamingOnGC:0]]
[2019.04.29-21.39.26:927][  0]LogConfig: Setting CVar [[gc.NumRetriesBeforeForcingGC:10]]
[2019.04.29-21.39.26:927][  0]LogConfig: Setting CVar [[gc.AllowParallelGC:1]]
[2019.04.29-21.39.26:927][  0]LogConfig: Setting CVar [[gc.TimeBetweenPurgingPendingKillObjects:61.1]]
[2019.04.29-21.39.26:927][  0]LogConfig: Setting CVar [[gc.MaxObjectsInEditor:8388607]]
[2019.04.29-21.39.26:927][  0]LogConfig: Setting CVar [[gc.IncrementalBeginDestroyEnabled:1]]
[2019.04.29-21.39.26:927][  0]LogConfig: Setting CVar [[gc.CreateGCClusters:1]]
[2019.04.29-21.39.26:927][  0]LogConfig: Setting CVar [[gc.MergeGCClusters:0]]
[2019.04.29-21.39.26:927][  0]LogConfig: Setting CVar [[gc.MinGCClusterSize:5]]
[2019.04.29-21.39.26:927][  0]LogConfig: Setting CVar [[gc.ActorClusteringEnabled:0]]
[2019.04.29-21.39.26:927][  0]LogConfig: Setting CVar [[gc.BlueprintClusteringEnabled:0]]
[2019.04.29-21.39.26:927][  0]LogConfig: Setting CVar [[gc.UseDisregardForGCOnDedicatedServers:0]]
[2019.04.29-21.39.26:927][  0]LogConfig: Applying CVar settings from Section [/Script/Engine.NetworkSettings] File [C:/Users/Joesph/Documents/Unreal Projects/CSC462/Saved/Config/Windows/Engine.ini]
[2019.04.29-21.39.26:927][  0]LogConfig: Applying CVar settings from Section [/Script/UnrealEd.CookerSettings] File [C:/Users/Joesph/Documents/Unreal Projects/CSC462/Saved/Config/Windows/Engine.ini]
[2019.04.29-21.39.26:943][  0]LogConfig: Applying CVar settings from Section [ViewDistanceQuality@3] File [C:/Users/Joesph/Documents/Unreal Projects/CSC462/Saved/Config/Windows/Scalability.ini]
[2019.04.29-21.39.26:943][  0]LogConfig: Setting CVar [[r.SkeletalMeshLODBias:0]]
[2019.04.29-21.39.26:943][  0]LogConfig: Setting CVar [[r.ViewDistanceScale:1.0]]
[2019.04.29-21.39.26:943][  0]LogConfig: Applying CVar settings from Section [AntiAliasingQuality@3] File [C:/Users/Joesph/Documents/Unreal Projects/CSC462/Saved/Config/Windows/Scalability.ini]
[2019.04.29-21.39.26:943][  0]LogConfig: Setting CVar [[r.PostProcessAAQuality:4]]
[2019.04.29-21.39.26:943][  0]LogConfig: Applying CVar settings from Section [ShadowQuality@3] File [C:/Users/Joesph/Documents/Unreal Projects/CSC462/Saved/Config/Windows/Scalability.ini]
[2019.04.29-21.39.26:943][  0]LogConfig: Setting CVar [[r.LightFunctionQuality:1]]
[2019.04.29-21.39.26:943][  0]LogConfig: Setting CVar [[r.ShadowQuality:5]]
[2019.04.29-21.39.26:943][  0]LogConfig: Setting CVar [[r.Shadow.CSM.MaxCascades:10]]
[2019.04.29-21.39.26:943][  0]LogConfig: Setting CVar [[r.Shadow.MaxResolution:2048]]
[2019.04.29-21.39.26:943][  0]LogConfig: Setting CVar [[r.Shadow.MaxCSMResolution:2048]]
[2019.04.29-21.39.26:943][  0]LogConfig: Setting CVar [[r.Shadow.RadiusThreshold:0.01]]
[2019.04.29-21.39.26:944][  0]LogConfig: Setting CVar [[r.Shadow.DistanceScale:1.0]]
[2019.04.29-21.39.26:944][  0]LogConfig: Setting CVar [[r.Shadow.CSM.TransitionScale:1.0]]
[2019.04.29-21.39.26:944][  0]LogConfig: Setting CVar [[r.Shadow.PreShadowResolutionFactor:1.0]]
[2019.04.29-21.39.26:944][  0]LogConfig: Setting CVar [[r.DistanceFieldShadowing:1]]
[2019.04.29-21.39.26:944][  0]LogConfig: Setting CVar [[r.DistanceFieldAO:1]]
[2019.04.29-21.39.26:944][  0]LogConfig: Setting CVar [[r.AOQuality:2]]
[2019.04.29-21.39.26:944][  0]LogConfig: Setting CVar [[r.VolumetricFog:1]]
[2019.04.29-21.39.26:944][  0]LogConfig: Setting CVar [[r.VolumetricFog.GridPixelSize:8]]
[2019.04.29-21.39.26:944][  0]LogConfig: Setting CVar [[r.VolumetricFog.GridSizeZ:128]]
[2019.04.29-21.39.26:944][  0]LogConfig: Setting CVar [[r.VolumetricFog.HistoryMissSupersampleCount:4]]
[2019.04.29-21.39.26:944][  0]LogConfig: Setting CVar [[r.LightMaxDrawDistanceScale:1]]
[2019.04.29-21.39.26:944][  0]LogConfig: Setting CVar [[r.CapsuleShadows:1]]
[2019.04.29-21.39.26:944][  0]LogConfig: Applying CVar settings from Section [PostProcessQuality@3] File [C:/Users/Joesph/Documents/Unreal Projects/CSC462/Saved/Config/Windows/Scalability.ini]
[2019.04.29-21.39.26:944][  0]LogConfig: Setting CVar [[r.MotionBlurQuality:4]]
[2019.04.29-21.39.26:944][  0]LogConfig: Setting CVar [[r.AmbientOcclusionMipLevelFactor:0.4]]
[2019.04.29-21.39.26:944][  0]LogConfig: Setting CVar [[r.AmbientOcclusionMaxQuality:100]]
[2019.04.29-21.39.26:944][  0]LogConfig: Setting CVar [[r.AmbientOcclusionLevels:-1]]
[2019.04.29-21.39.26:944][  0]LogConfig: Setting CVar [[r.AmbientOcclusionRadiusScale:1.0]]
[2019.04.29-21.39.26:944][  0]LogConfig: Setting CVar [[r.DepthOfFieldQuality:2]]
[2019.04.29-21.39.26:944][  0]LogConfig: Setting CVar [[r.RenderTargetPoolMin:400]]
[2019.04.29-21.39.26:944][  0]LogConfig: Setting CVar [[r.LensFlareQuality:2]]
[2019.04.29-21.39.26:944][  0]LogConfig: Setting CVar [[r.SceneColorFringeQuality:1]]
[2019.04.29-21.39.26:944][  0]LogConfig: Setting CVar [[r.EyeAdaptationQuality:2]]
[2019.04.29-21.39.26:944][  0]LogConfig: Setting CVar [[r.BloomQuality:5]]
[2019.04.29-21.39.26:944][  0]LogConfig: Setting CVar [[r.FastBlurThreshold:100]]
[2019.04.29-21.39.26:944][  0]LogConfig: Setting CVar [[r.Upscale.Quality:3]]
[2019.04.29-21.39.26:944][  0]LogConfig: Setting CVar [[r.Tonemapper.GrainQuantization:1]]
[2019.04.29-21.39.26:944][  0]LogConfig: Setting CVar [[r.LightShaftQuality:1]]
[2019.04.29-21.39.26:944][  0]LogConfig: Setting CVar [[r.Filter.SizeScale:1]]
[2019.04.29-21.39.26:944][  0]LogConfig: Setting CVar [[r.Tonemapper.Quality:5]]
[2019.04.29-21.39.26:944][  0]LogConfig: Setting CVar [[r.DOF.Gather.AccumulatorQuality:1        ; higher gathering accumulator quality]]
[2019.04.29-21.39.26:944][  0]LogConfig: Setting CVar [[r.DOF.Gather.PostfilterMethod:1          ; Median3x3 postfilering method]]
[2019.04.29-21.39.26:944][  0]LogConfig: Setting CVar [[r.DOF.Gather.EnableBokehSettings:0       ; no bokeh simulation when gathering]]
[2019.04.29-21.39.26:944][  0]LogConfig: Setting CVar [[r.DOF.Gather.RingCount:4                 ; medium number of samples when gathering]]
[2019.04.29-21.39.26:944][  0]LogConfig: Setting CVar [[r.DOF.Scatter.ForegroundCompositing:1    ; additive foreground scattering]]
[2019.04.29-21.39.26:944][  0]LogConfig: Setting CVar [[r.DOF.Scatter.BackgroundCompositing:2    ; additive background scattering]]
[2019.04.29-21.39.26:944][  0]LogConfig: Setting CVar [[r.DOF.Scatter.EnableBokehSettings:1      ; bokeh simulation when scattering]]
[2019.04.29-21.39.26:944][  0]LogConfig: Setting CVar [[r.DOF.Scatter.MaxSpriteRatio:0.1         ; only a maximum of 10% of scattered bokeh]]
[2019.04.29-21.39.26:944][  0]LogConfig: Setting CVar [[r.DOF.Recombine.Quality:1                ; cheap slight out of focus]]
[2019.04.29-21.39.26:944][  0]LogConfig: Setting CVar [[r.DOF.Recombine.EnableBokehSettings:0    ; no bokeh simulation on slight out of focus]]
[2019.04.29-21.39.26:944][  0]LogConfig: Setting CVar [[r.DOF.TemporalAAQuality:1                ; more stable temporal accumulation]]
[2019.04.29-21.39.26:944][  0]LogConfig: Setting CVar [[r.DOF.Kernel.MaxForegroundRadius:0.025]]
[2019.04.29-21.39.26:944][  0]LogConfig: Setting CVar [[r.DOF.Kernel.MaxBackgroundRadius:0.025]]
[2019.04.29-21.39.26:944][  0]LogConfig: Applying CVar settings from Section [TextureQuality@3] File [C:/Users/Joesph/Documents/Unreal Projects/CSC462/Saved/Config/Windows/Scalability.ini]
[2019.04.29-21.39.26:945][  0]LogConfig: Setting CVar [[r.Streaming.MipBias:0]]
[2019.04.29-21.39.26:945][  0]LogConfig: Setting CVar [[r.Streaming.AmortizeCPUToGPUCopy:0]]
[2019.04.29-21.39.26:945][  0]LogConfig: Setting CVar [[r.Streaming.MaxNumTexturesToStreamPerFrame:0]]
[2019.04.29-21.39.26:945][  0]LogConfig: Setting CVar [[r.Streaming.Boost:1]]
[2019.04.29-21.39.26:945][  0]LogConfig: Setting CVar [[r.MaxAnisotropy:8]]
[2019.04.29-21.39.26:945][  0]LogConfig: Setting CVar [[r.Streaming.LimitPoolSizeToVRAM:0]]
[2019.04.29-21.39.26:945][  0]LogConfig: Setting CVar [[r.Streaming.PoolSize:1000]]
[2019.04.29-21.39.26:945][  0]LogConfig: Setting CVar [[r.Streaming.MaxEffectiveScreenSize:0]]
[2019.04.29-21.39.26:945][  0]LogConfig: Applying CVar settings from Section [EffectsQuality@3] File [C:/Users/Joesph/Documents/Unreal Projects/CSC462/Saved/Config/Windows/Scalability.ini]
[2019.04.29-21.39.26:945][  0]LogConfig: Setting CVar [[r.TranslucencyLightingVolumeDim:64]]
[2019.04.29-21.39.26:945][  0]LogConfig: Setting CVar [[r.RefractionQuality:2]]
[2019.04.29-21.39.26:945][  0]LogConfig: Setting CVar [[r.SSR.Quality:3]]
[2019.04.29-21.39.26:945][  0]LogConfig: Setting CVar [[r.SceneColorFormat:4]]
[2019.04.29-21.39.26:945][  0]LogConfig: Setting CVar [[r.DetailMode:2]]
[2019.04.29-21.39.26:945][  0]LogConfig: Setting CVar [[r.TranslucencyVolumeBlur:1]]
[2019.04.29-21.39.26:945][  0]LogConfig: Setting CVar [[r.MaterialQualityLevel:1 ; High quality]]
[2019.04.29-21.39.26:945][  0]LogConfig: Setting CVar [[r.SSS.Scale:1]]
[2019.04.29-21.39.26:945][  0]LogConfig: Setting CVar [[r.SSS.SampleSet:2]]
[2019.04.29-21.39.26:945][  0]LogConfig: Setting CVar [[r.SSS.Quality:1]]
[2019.04.29-21.39.26:945][  0]LogConfig: Setting CVar [[r.SSS.HalfRes:1]]
[2019.04.29-21.39.26:945][  0]LogConfig: Setting CVar [[r.EmitterSpawnRateScale:1.0]]
[2019.04.29-21.39.26:945][  0]LogConfig: Setting CVar [[r.ParticleLightQuality:2]]
[2019.04.29-21.39.26:945][  0]LogConfig: Applying CVar settings from Section [FoliageQuality@3] File [C:/Users/Joesph/Documents/Unreal Projects/CSC462/Saved/Config/Windows/Scalability.ini]
[2019.04.29-21.39.26:945][  0]LogConfig: Setting CVar [[foliage.DensityScale:1.0]]
[2019.04.29-21.39.26:945][  0]LogConfig: Setting CVar [[grass.DensityScale:1.0]]
[2019.04.29-21.39.26:945][  0]LogInit: Selected Device Profile: [Windows]
[2019.04.29-21.39.26:945][  0]LogInit: Applying CVar settings loaded from the selected device profile: [Windows]
[2019.04.29-21.39.26:979][  0]LogHAL: Display: Platform has ~ 8 GB [8465113088 / 8589934592 / 8], which maps to Default [LargestMinGB=32, LargerMinGB=12, DefaultMinGB=8, SmallerMinGB=6, SmallestMinGB=0)
[2019.04.29-21.39.26:980][  0]LogConfig: Setting CVar [[r.Vulkan.UseRealUBs:1]]
[2019.04.29-21.39.26:980][  0]LogInit: Going up to parent DeviceProfile []
[2019.04.29-21.39.26:980][  0]LogConfig: Applying CVar settings from Section [ViewDistanceQuality@1] File [C:/Users/Joesph/Documents/Unreal Projects/CSC462/Saved/Config/Windows/Scalability.ini]
[2019.04.29-21.39.26:980][  0]LogConfig: Setting CVar [[r.SkeletalMeshLODBias:1]]
[2019.04.29-21.39.26:980][  0]LogConfig: Setting CVar [[r.ViewDistanceScale:0.6]]
[2019.04.29-21.39.26:980][  0]LogConfig: Applying CVar settings from Section [AntiAliasingQuality@1] File [C:/Users/Joesph/Documents/Unreal Projects/CSC462/Saved/Config/Windows/Scalability.ini]
[2019.04.29-21.39.26:980][  0]LogConfig: Setting CVar [[r.PostProcessAAQuality:2]]
[2019.04.29-21.39.26:980][  0]LogConfig: Applying CVar settings from Section [ShadowQuality@1] File [C:/Users/Joesph/Documents/Unreal Projects/CSC462/Saved/Config/Windows/Scalability.ini]
[2019.04.29-21.39.26:980][  0]LogConfig: Setting CVar [[r.LightFunctionQuality:1]]
[2019.04.29-21.39.26:980][  0]LogConfig: Setting CVar [[r.ShadowQuality:3]]
[2019.04.29-21.39.26:980][  0]LogConfig: Setting CVar [[r.Shadow.CSM.MaxCascades:1]]
[2019.04.29-21.39.26:980][  0]LogConfig: Setting CVar [[r.Shadow.MaxResolution:1024]]
[2019.04.29-21.39.26:980][  0]LogConfig: Setting CVar [[r.Shadow.MaxCSMResolution:1024]]
[2019.04.29-21.39.26:980][  0]LogConfig: Setting CVar [[r.Shadow.RadiusThreshold:0.05]]
[2019.04.29-21.39.26:980][  0]LogConfig: Setting CVar [[r.Shadow.DistanceScale:0.7]]
[2019.04.29-21.39.26:980][  0]LogConfig: Setting CVar [[r.Shadow.CSM.TransitionScale:0.25]]
[2019.04.29-21.39.26:980][  0]LogConfig: Setting CVar [[r.Shadow.PreShadowResolutionFactor:0.5]]
[2019.04.29-21.39.26:980][  0]LogConfig: Setting CVar [[r.DistanceFieldShadowing:0]]
[2019.04.29-21.39.26:980][  0]LogConfig: Setting CVar [[r.DistanceFieldAO:0]]
[2019.04.29-21.39.26:980][  0]LogConfig: Setting CVar [[r.VolumetricFog:0]]
[2019.04.29-21.39.26:980][  0]LogConfig: Setting CVar [[r.LightMaxDrawDistanceScale:.5]]
[2019.04.29-21.39.26:980][  0]LogConfig: Setting CVar [[r.CapsuleShadows:1]]
[2019.04.29-21.39.26:980][  0]LogConfig: Applying CVar settings from Section [PostProcessQuality@1] File [C:/Users/Joesph/Documents/Unreal Projects/CSC462/Saved/Config/Windows/Scalability.ini]
[2019.04.29-21.39.26:980][  0]LogConfig: Setting CVar [[r.MotionBlurQuality:3]]
[2019.04.29-21.39.26:980][  0]LogConfig: Setting CVar [[r.AmbientOcclusionMipLevelFactor:1.0]]
[2019.04.29-21.39.26:980][  0]LogConfig: Setting CVar [[r.AmbientOcclusionMaxQuality:60]]
[2019.04.29-21.39.26:980][  0]LogConfig: Setting CVar [[r.AmbientOcclusionLevels:-1]]
[2019.04.29-21.39.26:980][  0]LogConfig: Setting CVar [[r.AmbientOcclusionRadiusScale:1.5]]
[2019.04.29-21.39.26:981][  0]LogConfig: Setting CVar [[r.DepthOfFieldQuality:1]]
[2019.04.29-21.39.26:981][  0]LogConfig: Setting CVar [[r.RenderTargetPoolMin:350]]
[2019.04.29-21.39.26:981][  0]LogConfig: Setting CVar [[r.LensFlareQuality:0]]
[2019.04.29-21.39.26:981][  0]LogConfig: Setting CVar [[r.SceneColorFringeQuality:0]]
[2019.04.29-21.39.26:981][  0]LogConfig: Setting CVar [[r.EyeAdaptationQuality:0]]
[2019.04.29-21.39.26:981][  0]LogConfig: Setting CVar [[r.BloomQuality:4]]
[2019.04.29-21.39.26:981][  0]LogConfig: Setting CVar [[r.FastBlurThreshold:2]]
[2019.04.29-21.39.26:981][  0]LogConfig: Setting CVar [[r.Upscale.Quality:2]]
[2019.04.29-21.39.26:981][  0]LogConfig: Setting CVar [[r.Tonemapper.GrainQuantization:0]]
[2019.04.29-21.39.26:981][  0]LogConfig: Setting CVar [[r.LightShaftQuality:0]]
[2019.04.29-21.39.26:981][  0]LogConfig: Setting CVar [[r.Filter.SizeScale:0.7]]
[2019.04.29-21.39.26:981][  0]LogConfig: Setting CVar [[r.Tonemapper.Quality:2]]
[2019.04.29-21.39.26:981][  0]LogConfig: Setting CVar [[r.DOF.Gather.AccumulatorQuality:0        ; lower gathering accumulator quality]]
[2019.04.29-21.39.26:981][  0]LogConfig: Setting CVar [[r.DOF.Gather.PostfilterMethod:2          ; Max3x3 postfilering method]]
[2019.04.29-21.39.26:981][  0]LogConfig: Setting CVar [[r.DOF.Gather.EnableBokehSettings:0       ; no bokeh simulation when gathering]]
[2019.04.29-21.39.26:981][  0]LogConfig: Setting CVar [[r.DOF.Gather.RingCount:3                 ; low number of samples when gathering]]
[2019.04.29-21.39.26:981][  0]LogConfig: Setting CVar [[r.DOF.Scatter.ForegroundCompositing:0    ; no foreground scattering]]
[2019.04.29-21.39.26:981][  0]LogConfig: Setting CVar [[r.DOF.Scatter.BackgroundCompositing:0    ; no foreground scattering]]
[2019.04.29-21.39.26:981][  0]LogConfig: Setting CVar [[r.DOF.Recombine.Quality:0                ; no slight out of focus]]
[2019.04.29-21.39.26:981][  0]LogConfig: Setting CVar [[r.DOF.TemporalAAQuality:0                ; faster temporal accumulation]]
[2019.04.29-21.39.26:981][  0]LogConfig: Setting CVar [[r.DOF.Kernel.MaxForegroundRadius:0.006   ; required because low gathering and no scattering and not looking great at 1080p]]
[2019.04.29-21.39.26:981][  0]LogConfig: Setting CVar [[r.DOF.Kernel.MaxBackgroundRadius:0.006   ; required because low gathering and no scattering and not looking great at 1080p]]
[2019.04.29-21.39.26:981][  0]LogConfig: Applying CVar settings from Section [TextureQuality@1] File [C:/Users/Joesph/Documents/Unreal Projects/CSC462/Saved/Config/Windows/Scalability.ini]
[2019.04.29-21.39.26:981][  0]LogConfig: Setting CVar [[r.Streaming.MipBias:1]]
[2019.04.29-21.39.26:981][  0]LogConfig: Setting CVar [[r.Streaming.AmortizeCPUToGPUCopy:0]]
[2019.04.29-21.39.26:981][  0]LogConfig: Setting CVar [[r.Streaming.MaxNumTexturesToStreamPerFrame:0]]
[2019.04.29-21.39.26:981][  0]LogConfig: Setting CVar [[r.Streaming.Boost:1]]
[2019.04.29-21.39.26:981][  0]LogConfig: Setting CVar [[r.MaxAnisotropy:2]]
[2019.04.29-21.39.26:981][  0]LogConfig: Setting CVar [[r.Streaming.LimitPoolSizeToVRAM:1]]
[2019.04.29-21.39.26:981][  0]LogConfig: Setting CVar [[r.Streaming.PoolSize:600]]
[2019.04.29-21.39.26:981][  0]LogConfig: Setting CVar [[r.Streaming.MaxEffectiveScreenSize:0]]
[2019.04.29-21.39.26:982][  0]LogConfig: Applying CVar settings from Section [EffectsQuality@1] File [C:/Users/Joesph/Documents/Unreal Projects/CSC462/Saved/Config/Windows/Scalability.ini]
[2019.04.29-21.39.26:982][  0]LogConfig: Setting CVar [[r.TranslucencyLightingVolumeDim:32]]
[2019.04.29-21.39.26:982][  0]LogConfig: Setting CVar [[r.RefractionQuality:0]]
[2019.04.29-21.39.26:982][  0]LogConfig: Setting CVar [[r.SSR.Quality:0]]
[2019.04.29-21.39.26:982][  0]LogConfig: Setting CVar [[r.SceneColorFormat:3]]
[2019.04.29-21.39.26:982][  0]LogConfig: Setting CVar [[r.DetailMode:1]]
[2019.04.29-21.39.26:982][  0]LogConfig: Setting CVar [[r.TranslucencyVolumeBlur:0]]
[2019.04.29-21.39.26:982][  0]LogConfig: Setting CVar [[r.MaterialQualityLevel:2 ; Medium quality]]
[2019.04.29-21.39.26:982][  0]LogConfig: Setting CVar [[r.SSS.Scale:0.75]]
[2019.04.29-21.39.26:982][  0]LogConfig: Setting CVar [[r.SSS.SampleSet:0]]
[2019.04.29-21.39.26:982][  0]LogConfig: Setting CVar [[r.SSS.Quality:0]]
[2019.04.29-21.39.26:982][  0]LogConfig: Setting CVar [[r.SSS.HalfRes:1]]
[2019.04.29-21.39.26:982][  0]LogConfig: Setting CVar [[r.EmitterSpawnRateScale:0.25]]
[2019.04.29-21.39.26:982][  0]LogConfig: Setting CVar [[r.ParticleLightQuality:0]]
[2019.04.29-21.39.26:982][  0]LogConfig: Applying CVar settings from Section [FoliageQuality@1] File [C:/Users/Joesph/Documents/Unreal Projects/CSC462/Saved/Config/Windows/Scalability.ini]
[2019.04.29-21.39.26:982][  0]LogConfig: Setting CVar [[foliage.DensityScale:0.4]]
[2019.04.29-21.39.26:982][  0]LogConfig: Setting CVar [[grass.DensityScale:0.4]]
[2019.04.29-21.39.26:982][  0]LogConfig: Applying CVar settings from Section [Startup] File [../../../Engine/Config/ConsoleVariables.ini]
[2019.04.29-21.39.26:983][  0]LogConfig: Setting CVar [[net.UseAdaptiveNetUpdateFrequency:0]]
[2019.04.29-21.39.26:983][  0]LogConfig: Applying CVar settings from Section [ConsoleVariables] File [C:/Users/Joesph/Documents/Unreal Projects/CSC462/Saved/Config/Windows/Engine.ini]
[2019.04.29-21.39.26:983][  0]LogInit: Computer: JOEY-PC
[2019.04.29-21.39.26:983][  0]LogInit: User: Joesph
[2019.04.29-21.39.26:983][  0]LogInit: CPU Page size=4096, Cores=2
[2019.04.29-21.39.26:983][  0]LogInit: High frequency timer resolution =10.000000 MHz
[2019.04.29-21.39.26:983][  0]LogMemory: Memory total: Physical=7.9GB (8GB approx)
[2019.04.29-21.39.26:983][  0]LogMemory: Platform Memory Stats for Windows
[2019.04.29-21.39.26:983][  0]LogMemory: Process Physical Memory: 102.58 MB used, 102.59 MB peak
[2019.04.29-21.39.26:983][  0]LogMemory: Process Virtual Memory: 84.28 MB used, 84.28 MB peak
[2019.04.29-21.39.26:983][  0]LogMemory: Physical Memory: 4235.47 MB used,  3837.49 MB free, 8072.96 MB total
[2019.04.29-21.39.26:983][  0]LogMemory: Virtual Memory: 4626.09 MB used,  134213104.00 MB free, 134217728.00 MB total
[2019.04.29-21.39.27:052][  0]LogInit: Using OS detected language (en-US).
[2019.04.29-21.39.27:052][  0]LogInit: Using OS detected locale (en-US).
[2019.04.29-21.39.27:056][  0]LogTextLocalizationManager: No specific localization for 'en-US' exists, so the 'en' localization will be used.
[2019.04.29-21.39.28:430][  0]LogStreaming: Display: Took  1.379s to InitEngineTextLocalization.
[2019.04.29-21.39.28:431][  0]LogInit: Setting process to per monitor DPI aware
[2019.04.29-21.39.28:537][  0]LogSlate: New Slate User Created.  User Index 0, Is Virtual User: 0
[2019.04.29-21.39.28:537][  0]LogSlate: Slate User Registered.  User Index 0, Is Virtual User: 0
[2019.04.29-21.39.31:616][  0]LogHMD: Failed to initialize OpenVR with code 110
[2019.04.29-21.39.31:616][  0]LogD3D11RHI: D3D11 adapters:
[2019.04.29-21.39.31:627][  0]LogD3D11RHI:    0. 'Intel(R) HD Graphics Family' (Feature Level 11_0)
[2019.04.29-21.39.31:627][  0]LogD3D11RHI:       112/0/2048 MB DedicatedVideo/DedicatedSystem/SharedSystem, Outputs:1, VendorId:0x8086
[2019.04.29-21.39.31:631][  0]LogD3D11RHI:    1. 'Microsoft Basic Render Driver' (Feature Level 11_0)
[2019.04.29-21.39.31:631][  0]LogD3D11RHI:       0/0/4036 MB DedicatedVideo/DedicatedSystem/SharedSystem, Outputs:0, VendorId:0x1414
[2019.04.29-21.39.31:631][  0]LogD3D11RHI: Chosen D3D11 Adapter: 0
[2019.04.29-21.39.31:652][  0]LogD3D11RHI: Creating new Direct3DDevice
[2019.04.29-21.39.31:652][  0]LogD3D11RHI:     GPU DeviceId: 0xa16 (for the marketing name, search the web for "GPU Device Id")
[2019.04.29-21.39.31:652][  0]LogWindows: EnumDisplayDevices:
[2019.04.29-21.39.31:652][  0]LogWindows:    0. 'Intel(R) HD Graphics Family' (P:1 D:1)
[2019.04.29-21.39.31:653][  0]LogWindows:    1. 'Intel(R) HD Graphics Family' (P:0 D:0)
[2019.04.29-21.39.31:653][  0]LogWindows:    2. 'Intel(R) HD Graphics Family' (P:0 D:0)
[2019.04.29-21.39.31:654][  0]LogWindows: DebugString: FoundDriverCount:3 
[2019.04.29-21.39.31:654][  0]LogD3D11RHI:     Adapter Name: Intel(R) HD Graphics Family
[2019.04.29-21.39.31:654][  0]LogD3D11RHI:   Driver Version: 20.19.15.5058 (internal:20.19.15.5058, unified:20.19.15.5058)
[2019.04.29-21.39.31:654][  0]LogD3D11RHI:      Driver Date: 8-16-2018
[2019.04.29-21.39.31:654][  0]LogRHI: Texture pool is 795 MB (70% of 1136 MB)
[2019.04.29-21.39.31:676][  0]LogD3D11RHI: [IntelMetricsDiscovery] Started
[2019.04.29-21.39.31:676][  0]LogD3D11RHI: Async texture creation enabled
[2019.04.29-21.39.31:684][  0]LogD3D11RHI: GPU Timing Frequency: 12.500000 (Debug: 2 0)
[2019.04.29-21.39.32:835][  0]LogTemp: Display: Loaded TP AllDesktopTargetPlatform
[2019.04.29-21.39.32:857][  0]LogTemp: Display: Loaded TP MacClientTargetPlatform
[2019.04.29-21.39.32:876][  0]LogTemp: Display: Loaded TP MacNoEditorTargetPlatform
[2019.04.29-21.39.32:897][  0]LogTemp: Display: Loaded TP MacServerTargetPlatform
[2019.04.29-21.39.32:921][  0]LogTemp: Display: Loaded TP MacTargetPlatform
[2019.04.29-21.39.32:941][  0]LogTemp: Display: Loaded TP WindowsClientTargetPlatform
[2019.04.29-21.39.32:960][  0]LogTemp: Display: Loaded TP WindowsNoEditorTargetPlatform
[2019.04.29-21.39.32:981][  0]LogTemp: Display: Loaded TP WindowsServerTargetPlatform
[2019.04.29-21.39.32:992][  0]LogTemp: Display: Loaded TP WindowsTargetPlatform
[2019.04.29-21.39.33:098][  0]LogTemp: Display: Loaded TP AndroidTargetPlatform
[2019.04.29-21.39.33:098][  0]LogTemp: Display: Loaded TP AndroidTargetPlatform
[2019.04.29-21.39.33:098][  0]LogTemp: Display: Loaded TP AndroidTargetPlatform
[2019.04.29-21.39.33:098][  0]LogTemp: Display: Loaded TP AndroidTargetPlatform
[2019.04.29-21.39.33:098][  0]LogTemp: Display: Loaded TP AndroidTargetPlatform
[2019.04.29-21.39.33:098][  0]LogTemp: Display: Loaded TP AndroidTargetPlatform
[2019.04.29-21.39.33:098][  0]LogTemp: Display: Loaded TP AndroidTargetPlatform
[2019.04.29-21.39.33:098][  0]LogTemp: Display: Loaded TP AndroidTargetPlatform
[2019.04.29-21.39.33:098][  0]LogTemp: Display: Loaded TP AndroidTargetPlatform
[2019.04.29-21.39.33:098][  0]LogTemp: Display: Loaded TP AndroidTargetPlatform
[2019.04.29-21.39.33:098][  0]LogTemp: Display: Loaded TP AndroidTargetPlatform
[2019.04.29-21.39.33:098][  0]LogTemp: Display: Loaded TP AndroidTargetPlatform
[2019.04.29-21.39.33:098][  0]LogTemp: Display: Loaded TP AndroidTargetPlatform
[2019.04.29-21.39.33:098][  0]LogTemp: Display: Loaded TP AndroidTargetPlatform
[2019.04.29-21.39.33:098][  0]LogTemp: Display: Loaded TP AndroidTargetPlatform
[2019.04.29-21.39.33:098][  0]LogTemp: Display: Loaded TP AndroidTargetPlatform
[2019.04.29-21.39.33:098][  0]LogTemp: Display: Loaded TP AndroidTargetPlatform
[2019.04.29-21.39.33:098][  0]LogTemp: Display: Loaded TP AndroidTargetPlatform
[2019.04.29-21.39.33:104][  0]LogTemp: Display: Loaded TP HTML5TargetPlatform
[2019.04.29-21.39.33:191][  0]LogTemp: Display: Loaded TP IOSTargetPlatform
[2019.04.29-21.39.33:191][  0]LogTemp: Display: Loaded TP IOSTargetPlatform
[2019.04.29-21.39.33:242][  0]LogTemp: Display: Loaded TP TVOSTargetPlatform
[2019.04.29-21.39.33:242][  0]LogTemp: Display: Loaded TP TVOSTargetPlatform
[2019.04.29-21.39.33:276][  0]LogTemp: Display: Loaded TP LinuxClientTargetPlatform
[2019.04.29-21.39.33:298][  0]LogTemp: Display: Loaded TP LinuxNoEditorTargetPlatform
[2019.04.29-21.39.33:327][  0]LogTemp: Display: Loaded TP LinuxServerTargetPlatform
[2019.04.29-21.39.33:358][  0]LogTemp: Display: Loaded TP LinuxTargetPlatform
[2019.04.29-21.39.33:421][  0]LogTemp: Display: Loaded TP LuminTargetPlatform
[2019.04.29-21.39.33:421][  0]LogTemp: Display: Loaded TP LuminTargetPlatform
[2019.04.29-21.39.33:422][  0]LogTargetPlatformManager: Display: Building Assets For Windows
[2019.04.29-21.39.33:573][  0]LogShaderCompilers: Guid format shader working directory is -18 characters bigger than the processId version (../../../../../../Users/Joesph/Documents/Unreal Projects/CSC462/Intermediate/Shaders/WorkingDirectory/162676/).
[2019.04.29-21.39.33:573][  0]LogShaderCompilers: Cleaned the shader compiler working directory 'C:/Users/Joesph/AppData/Local/Temp/UnrealShaderWorkingDir/45C7BDF24DE404FA5C30DFB4B84A8F43/'.
[2019.04.29-21.39.33:585][  0]LogXGEController: Cannot use XGE Controller as Incredibuild is not installed on this machine.
[2019.04.29-21.39.33:585][  0]LogShaderCompilers: Cannot use XGE Shader Compiler as Incredibuild is not installed on this machine.
[2019.04.29-21.39.33:585][  0]LogShaderCompilers: Display: Using Local Shader Compiler.
[2019.04.29-21.39.35:657][  0]LogDerivedDataCache: Display: Max Cache Size: 512 MB
[2019.04.29-21.39.36:474][  0]LogDerivedDataCache: Loaded boot cache 0.82s 85MB C:/Users/Joesph/AppData/Local/UnrealEngine/4.21/DerivedDataCache/Boot.ddc.
[2019.04.29-21.39.36:475][  0]LogDerivedDataCache: Display: Loaded Boot cache: C:/Users/Joesph/AppData/Local/UnrealEngine/4.21/DerivedDataCache/Boot.ddc
[2019.04.29-21.39.36:475][  0]LogDerivedDataCache: FDerivedDataBackendGraph:  Pak pak cache file ../../../../../../Users/Joesph/Documents/Unreal Projects/CSC462/DerivedDataCache/DDC.ddp not found, will not use a pak cache.
[2019.04.29-21.39.36:475][  0]LogDerivedDataCache: Unable to find inner node Pak for hierarchical cache Hierarchy.
[2019.04.29-21.39.36:475][  0]LogDerivedDataCache: FDerivedDataBackendGraph:  CompressedPak pak cache file ../../../../../../Users/Joesph/Documents/Unreal Projects/CSC462/DerivedDataCache/Compressed.ddp not found, will not use a pak cache.
[2019.04.29-21.39.36:475][  0]LogDerivedDataCache: Unable to find inner node CompressedPak for hierarchical cache Hierarchy.
[2019.04.29-21.39.36:563][  0]LogDerivedDataCache: Display: Pak cache opened for reading ../../../Engine/DerivedDataCache/Compressed.ddp.
[2019.04.29-21.39.36:563][  0]LogDerivedDataCache: FDerivedDataBackendGraph:  EnterprisePak pak cache file ../../../Enterprise/DerivedDataCache/Compressed.ddp not found, will not use a pak cache.
[2019.04.29-21.39.36:563][  0]LogDerivedDataCache: Unable to find inner node EnterprisePak for hierarchical cache Hierarchy.
[2019.04.29-21.39.36:575][  0]LogDerivedDataCache: Using Local data cache path C:/Users/Joesph/AppData/Local/UnrealEngine/Common/DerivedDataCache: Writable
[2019.04.29-21.39.36:575][  0]LogDerivedDataCache: Shared data cache path not found in *engine.ini, will not use an Shared cache.
[2019.04.29-21.39.36:575][  0]LogDerivedDataCache: Unable to find inner node Shared for hierarchical cache Hierarchy.
[2019.04.29-21.39.36:616][  0]LogMaterial: Verifying Global Shaders for PCD3D_SM5
[2019.04.29-21.39.36:618][  0]LogSlate: Using FreeType 2.6.0
[2019.04.29-21.39.36:635][  0]LogSlate: SlateFontServices - WITH_FREETYPE: 1, WITH_HARFBUZZ: 1
[2019.04.29-21.39.37:109][  0]LogAssetRegistry: FAssetRegistry took 0.0405 seconds to start up
[2019.04.29-21.39.37:669][  0]LogInit: Selected Device Profile: [Windows]
[2019.04.29-21.39.37:901][  0]LogSimplygon: Simplygon DLL not present - disabling.
[2019.04.29-21.39.37:911][  0]LogMeshReduction: Using SimplygonSwarm for distributed automatic mesh merging
[2019.04.29-21.39.37:911][  0]LogMeshReduction: Using ProxyLODMeshReduction for automatic mesh merging
[2019.04.29-21.39.37:911][  0]LogMeshReduction: Using QuadricMeshReduction for automatic static mesh reduction
[2019.04.29-21.39.37:912][  0]LogMeshReduction: No automatic skeletal mesh reduction module available
[2019.04.29-21.39.37:942][  0]LogNetVersion: CSC462 1.0.0, NetCL: 4541578, EngineNetVer: 5, GameNetVer: 0 (Checksum: 98826526)
[2019.04.29-21.39.38:823][  0]LogPackageLocalizationCache: Processed 11 localized package path(s) for 2 prioritized culture(s) in 0.185646 seconds
[2019.04.29-21.39.38:831][  0]LogUObjectArray: 39775 objects as part of root set at end of initial load.
[2019.04.29-21.39.38:831][  0]LogUObjectAllocator: 6914664 out of 0 bytes used by permanent object pool.
[2019.04.29-21.39.38:831][  0]LogUObjectArray: CloseDisregardForGC: 0/0 objects in disregard for GC pool
[2019.04.29-21.39.44:150][  0]LogTcpMessaging: Initializing TcpMessaging bridge
[2019.04.29-21.39.44:164][  0]LogUdpMessaging: Initializing bridge on interface 0.0.0.0:0 to multicast group 230.0.0.1:6666.
[2019.04.29-21.39.45:336][  0]SourceControl: Source control is disabled
[2019.04.29-21.39.45:336][  0]SourceControl: Source control is disabled
[2019.04.29-21.39.45:338][  0]SourceControl: Source control is disabled
[2019.04.29-21.39.45:339][  0]SourceControl: Source control is disabled
[2019.04.29-21.39.45:558][  0]LogAndroidPermission: UAndroidPermissionCallbackProxy::GetInstance
[2019.04.29-21.39.45:645][  0]LogOcInput: OculusInput pre-init called
[2019.04.29-21.39.45:876][  0]LogEngine: Initializing Engine...
[2019.04.29-21.39.45:877][  0]LogHMD: Failed to initialize OpenVR with code 110
[2019.04.29-21.39.45:879][  0]LogStats: UGameplayTagsManager::ConstructGameplayTagTree: ImportINI prefixes -  0.000 s
[2019.04.29-21.39.45:879][  0]LogStats: UGameplayTagsManager::ConstructGameplayTagTree: Construct from data asset -  0.000 s
[2019.04.29-21.39.45:879][  0]LogStats: UGameplayTagsManager::ConstructGameplayTagTree: ImportINI -  0.000 s
[2019.04.29-21.39.45:879][  0]LogStats: UGameplayTagsManager::ConstructGameplayTagTree: GameplayTagTreeChangedEvent.Broadcast -  0.000 s
[2019.04.29-21.39.46:209][  0]LogInit: Initializing FReadOnlyCVARCache
[2019.04.29-21.39.46:234][  0]LogAIModule: Creating AISystem for world Untitled
[2019.04.29-21.39.46:251][  0]LogInit: XAudio2 using 'Speakers / Headphones (Realtek High Definition Audio)' : 2 channels at 48 kHz using 32 bits per sample (channel mask 0x3)
[2019.04.29-21.39.46:815][  0]LogInit: FAudioDevice initialized.
[2019.04.29-21.39.46:815][  0]LogNetVersion: Set ProjectVersion to 1.0.0.0. Version Checksum will be recalculated on next use.
[2019.04.29-21.39.47:021][  0]LogDerivedDataCache: Saved boot cache 0.21s 85MB C:/Users/Joesph/AppData/Local/UnrealEngine/4.21/DerivedDataCache/Boot.ddc.
[2019.04.29-21.39.47:046][  0]LogInit: Texture streaming: Enabled
[2019.04.29-21.39.47:083][  0]LogEngineSessionManager: EngineSessionManager initialized
[2019.04.29-21.39.47:131][  0]LogInit: Transaction tracking system initialized
[2019.04.29-21.39.47:182][  0]BlueprintLog: New page: Editor Load
[2019.04.29-21.39.47:370][  0]LocalizationService: Localization service is disabled
[2019.04.29-21.39.48:988][  0]LogFileCache: Scanning file cache for directory 'C:/Users/Joesph/Documents/Unreal Projects/CSC462/Content/' took 0.04s
[2019.04.29-21.39.48:988][  0]LogCook: Display: Max memory allowance for cook 16384mb min free memory 0mb
[2019.04.29-21.39.48:988][  0]LogCook: Display: Mobile HDR setting 1
[2019.04.29-21.39.48:989][  0]LogGameplayTags: Display: UGameplayTagsManager::DoneAddingNativeTags. DelegateIsBound: 0
[2019.04.29-21.39.48:989][  0]LogStats: UGameplayTagsManager::ConstructGameplayTagTree: ImportINI prefixes -  0.000 s
[2019.04.29-21.39.48:989][  0]LogStats: UGameplayTagsManager::ConstructGameplayTagTree: Construct from data asset -  0.000 s
[2019.04.29-21.39.48:989][  0]LogStats: UGameplayTagsManager::ConstructGameplayTagTree: ImportINI -  0.000 s
[2019.04.29-21.39.48:989][  0]LogStats: UGameplayTagsManager::ConstructGameplayTagTree: GameplayTagTreeChangedEvent.Broadcast -  0.000 s
[2019.04.29-21.39.49:371][  0]SourceControl: Source control is disabled
[2019.04.29-21.39.49:371][  0]Cmd: MAP LOAD FILE="../../../../../../Users/Joesph/Documents/Unreal Projects/CSC462/Content/StarterContent/Maps/Minimal_Default.umap" TEMPLATE=0 SHOWPROGRESS=1 FEATURELEVEL=3
[2019.04.29-21.39.49:372][  0]LightingResults: New page: Lighting Build
[2019.04.29-21.39.49:378][  0]MapCheck: New page: Map Check
[2019.04.29-21.39.49:378][  0]LightingResults: New page: Lighting Build
[2019.04.29-21.39.51:427][  0]LogAIModule: Creating AISystem for world Minimal_Default
[2019.04.29-21.39.52:665][  0]LogEditorServer: Finished looking for orphan Actors (0.000 secs)
[2019.04.29-21.39.52:712][  0]Cmd: MAP CHECKDEP NOCLEARLOG
[2019.04.29-21.39.52:713][  0]MapCheck: Map check complete: 0 Error(s), 0 Warning(s), took 0.226ms to complete.
[2019.04.29-21.39.52:713][  0]LogFileHelpers: Loading map 'Minimal_Default' took 3.341
[2019.04.29-21.39.52:871][  0]LogSlate: Updating window title bar state: overlay mode, drag disabled, window buttons hidden, title bar hidden
[2019.04.29-21.39.52:880][  0]LogSlate: Updating window title bar state: overlay mode, drag disabled, window buttons hidden, title bar hidden
[2019.04.29-21.39.52:891][  0]LogSlate: Updating window title bar state: overlay mode, drag disabled, window buttons hidden, title bar hidden
[2019.04.29-21.39.52:900][  0]LogSlate: Updating window title bar state: overlay mode, drag disabled, window buttons hidden, title bar hidden
[2019.04.29-21.39.52:915][  0]LogCollectionManager: Loaded 0 collections in 0.003539 seconds
[2019.04.29-21.39.52:934][  0]LogFileCache: Scanning file cache for directory 'C:/Users/Joesph/Documents/Unreal Projects/CSC462/Saved/Collections/' took 0.01s
[2019.04.29-21.39.52:934][  0]LogFileCache: Scanning file cache for directory 'C:/Users/Joesph/Documents/Unreal Projects/CSC462/Content/Developers/Joesph/Collections/' took 0.00s
[2019.04.29-21.39.52:934][  0]LogFileCache: Scanning file cache for directory 'C:/Users/Joesph/Documents/Unreal Projects/CSC462/Content/Collections/' took 0.00s
[2019.04.29-21.39.52:934][  0]LogCollectionManager: Rebuilt the GUID cache for 0 collections in 0.000000 seconds
[2019.04.29-21.39.52:945][  0]LogContentBrowser: Native class hierarchy populated in 0.0111 seconds. Added 2651 classes and 620 folders.
[2019.04.29-21.39.52:955][  0]LogContentBrowser: Native class hierarchy updated for 'WidgetCarousel' in 0.0003 seconds. Added 0 classes and 0 folders.
[2019.04.29-21.39.52:970][  0]LogPakFile: Registered encryption key '00000000000000000000000000000000': 0 pak files mounted, 0 remain pending
[2019.04.29-21.39.52:972][  0]LogPakFile: Registered encryption key '00000000000000000000000000000000': 0 pak files mounted, 0 remain pending
[2019.04.29-21.39.52:973][  0]LogPakFile: Registered encryption key '00000000000000000000000000000000': 0 pak files mounted, 0 remain pending
[2019.04.29-21.39.52:974][  0]LogPakFile: Registered encryption key '00000000000000000000000000000000': 0 pak files mounted, 0 remain pending
[2019.04.29-21.39.52:974][  0]LogPakFile: Registered encryption key '00000000000000000000000000000000': 0 pak files mounted, 0 remain pending
[2019.04.29-21.39.52:975][  0]LogPakFile: Registered encryption key '00000000000000000000000000000000': 0 pak files mounted, 0 remain pending
[2019.04.29-21.39.52:975][  0]LogPakFile: Registered encryption key '00000000000000000000000000000000': 0 pak files mounted, 0 remain pending
[2019.04.29-21.39.52:976][  0]LogPakFile: Registered encryption key '00000000000000000000000000000000': 0 pak files mounted, 0 remain pending
[2019.04.29-21.39.52:976][  0]LogPakFile: Registered encryption key '00000000000000000000000000000000': 0 pak files mounted, 0 remain pending
[2019.04.29-21.39.52:977][  0]LogPakFile: Registered encryption key '00000000000000000000000000000000': 0 pak files mounted, 0 remain pending
[2019.04.29-21.39.52:977][  0]LogPakFile: Registered encryption key '00000000000000000000000000000000': 0 pak files mounted, 0 remain pending
[2019.04.29-21.39.52:978][  0]LogPakFile: Registered encryption key '00000000000000000000000000000000': 0 pak files mounted, 0 remain pending
[2019.04.29-21.39.52:979][  0]LogPakFile: Registered encryption key '00000000000000000000000000000000': 0 pak files mounted, 0 remain pending
[2019.04.29-21.39.52:979][  0]LogPakFile: Registered encryption key '00000000000000000000000000000000': 0 pak files mounted, 0 remain pending
[2019.04.29-21.39.52:980][  0]LogPakFile: Registered encryption key '00000000000000000000000000000000': 0 pak files mounted, 0 remain pending
[2019.04.29-21.39.52:993][  0]LogPakFile: Registered encryption key '00000000000000000000000000000000': 0 pak files mounted, 0 remain pending
[2019.04.29-21.39.52:994][  0]LogPakFile: Registered encryption key '00000000000000000000000000000000': 0 pak files mounted, 0 remain pending
[2019.04.29-21.39.52:995][  0]LogPakFile: Registered encryption key '00000000000000000000000000000000': 0 pak files mounted, 0 remain pending
[2019.04.29-21.39.52:996][  0]LogPakFile: Registered encryption key '00000000000000000000000000000000': 0 pak files mounted, 0 remain pending
[2019.04.29-21.39.52:996][  0]LogPakFile: Registered encryption key '00000000000000000000000000000000': 0 pak files mounted, 0 remain pending
[2019.04.29-21.39.52:997][  0]LogPakFile: Registered encryption key '00000000000000000000000000000000': 0 pak files mounted, 0 remain pending
[2019.04.29-21.39.52:998][  0]LogPakFile: Registered encryption key '00000000000000000000000000000000': 0 pak files mounted, 0 remain pending
[2019.04.29-21.39.52:998][  0]LogPakFile: Registered encryption key '00000000000000000000000000000000': 0 pak files mounted, 0 remain pending
[2019.04.29-21.39.52:999][  0]LogPakFile: Registered encryption key '00000000000000000000000000000000': 0 pak files mounted, 0 remain pending
[2019.04.29-21.39.52:999][  0]LogPakFile: Registered encryption key '00000000000000000000000000000000': 0 pak files mounted, 0 remain pending
[2019.04.29-21.39.53:000][  0]LogPakFile: Registered encryption key '00000000000000000000000000000000': 0 pak files mounted, 0 remain pending
[2019.04.29-21.39.53:199][  0]LogContentBrowser: Native class hierarchy updated for 'AddContentDialog' in 0.0004 seconds. Added 0 classes and 0 folders.
[2019.04.29-21.39.53:206][  0]LogContentBrowser: Native class hierarchy updated for 'SceneOutliner' in 0.0004 seconds. Added 1 classes and 2 folders.
[2019.04.29-21.39.53:356][  0]LogSlate: Took 0.000272 seconds to synchronously load lazily loaded font '../../../Engine/Content/Slate/Fonts/Roboto-Regular.ttf' (155K)
[2019.04.29-21.39.53:361][  0]LogSlate: Took 0.000300 seconds to synchronously load lazily loaded font '../../../Engine/Content/Slate/Fonts/Roboto-Bold.ttf' (160K)
[2019.04.29-21.39.53:380][  0]LogSlate: Took 0.009635 seconds to synchronously load lazily loaded font '../../../Engine/Content/Editor/Slate/Fonts/FontAwesome.ttf' (139K)
[2019.04.29-21.39.53:557][  0]LogRenderer: Reallocating scene render targets to support 844x372 Format 9 NumSamples 1 (Frame:1).
[2019.04.29-21.39.53:983][  0]LogSlate: Took 0.000376 seconds to synchronously load lazily loaded font '../../../Engine/Content/Slate/Fonts/Roboto-Light.ttf' (167K)
[2019.04.29-21.39.54:113][  0]LogContentBrowser: Native class hierarchy updated for 'HierarchicalLODOutliner' in 0.0005 seconds. Added 0 classes and 0 folders.
[2019.04.29-21.39.54:113][  0]LogLoad: (Engine Initialization) Total time: 34.21 seconds
[2019.04.29-21.39.54:113][  0]LogLoad: (Engine Initialization) Total Blueprint compile time: 0.00 seconds
[2019.04.29-21.39.54:337][  0]LogContentStreaming: Texture pool size now 600 MB
[2019.04.29-21.39.55:678][  4]LogAssetRegistry: Asset discovery search completed in 18.5917 seconds
[2019.04.29-21.39.55:681][  4]LogCollectionManager: Rebuilt the object cache for 0 collections in 0.000001 seconds (found 0 objects)
[2019.04.29-21.39.55:681][  4]LogCollectionManager: Fixed up redirectors for 0 collections in 0.000116 seconds (updated 0 objects)
[2019.04.29-21.40.10:702][340]LogSlate: FSceneViewport::OnFocusLost() reason 0
[2019.04.29-21.40.14:613][430]LogMaterial: Display: Missing cached shader map for material HillTree, compiling. 
[2019.04.29-21.40.14:935][430]LogShaderCompilers: Display: Shaders left to compile 57
[2019.04.29-21.40.14:935][430]LogShaderCompilers: Display: Shaders left to compile 47
[2019.04.29-21.40.14:935][430]LogShaderCompilers: Display: Shaders left to compile 37
[2019.04.29-21.40.14:935][430]LogMaterial: Display: Missing cached shader map for material HillTree, compiling. 
[2019.04.29-21.40.16:506][430]LogActorFactory: Actor Factory created HillTree_P2
[2019.04.29-21.40.18:440][469]LogActorFactory: Actor Factory created HillTree_P2
[2019.04.29-21.40.33:274][737]LogSlate: FSceneViewport::OnFocusLost() reason 0
[2019.04.29-21.40.47:063][  2]LogTemp: Repeating last play command: Selected Viewport
[2019.04.29-21.40.47:132][  2]LogBlueprintUserMessages: Early PlayInEditor Detection: Level '/Game/StarterContent/Maps/Minimal_Default.Minimal_Default:PersistentLevel' has LevelScriptBlueprint '/Game/StarterContent/Maps/Minimal_Default.Minimal_Default:PersistentLevel.Minimal_Default' with GeneratedClass '/Game/StarterContent/Maps/Minimal_Default.Minimal_Default_C' with ClassGeneratedBy '/Game/StarterContent/Maps/Minimal_Default.Minimal_Default:PersistentLevel.Minimal_Default'
[2019.04.29-21.40.47:132][  2]LogPlayLevel: PlayLevel: No blueprints needed recompiling
[2019.04.29-21.40.47:134][  2]PIE: New page: PIE session: Minimal_Default (Apr 29, 2019, 1:40:47 PM)
[2019.04.29-21.40.47:148][  2]LogPlayLevel: Creating play world package: /Game/StarterContent/Maps/UEDPIE_0_Minimal_Default
[2019.04.29-21.40.47:273][  2]LogPlayLevel: PIE: StaticDuplicateObject took: (0.124523s)
[2019.04.29-21.40.47:274][  2]LogAIModule: Creating AISystem for world Minimal_Default
[2019.04.29-21.40.47:275][  2]LogPlayLevel: PIE: World Init took: (0.001684s)
[2019.04.29-21.40.47:275][  2]LogPlayLevel: PIE: Created PIE world by copying editor world from /Game/StarterContent/Maps/Minimal_Default.Minimal_Default to /Game/StarterContent/Maps/UEDPIE_0_Minimal_Default.Minimal_Default (0.126996s)
[2019.04.29-21.40.47:348][  2]LogInit: XAudio2 using 'Speakers / Headphones (Realtek High Definition Audio)' : 2 channels at 48 kHz using 32 bits per sample (channel mask 0x3)
[2019.04.29-21.40.47:419][  2]LogInit: FAudioDevice initialized.
[2019.04.29-21.40.47:475][  2]LogLoad: Game class is 'HeightFieldPainterGameMode_C'
[2019.04.29-21.40.47:487][  2]LogWorld: Bringing World /Game/StarterContent/Maps/UEDPIE_0_Minimal_Default.Minimal_Default up for play (max tick rate 60) at 2019.04.29-17.40.47
[2019.04.29-21.40.47:487][  2]LogWorld: Bringing up level for play took: 0.009905
[2019.04.29-21.40.47:519][  2]LogContentBrowser: Native class hierarchy updated for 'MovieSceneCapture' in 0.0008 seconds. Added 20 classes and 0 folders.
[2019.04.29-21.40.47:522][  2]PIE: Play in editor start time for /Game/StarterContent/Maps/UEDPIE_0_Minimal_Default 0.697
[2019.04.29-21.40.47:522][  2]LogBlueprintUserMessages: Late PlayInEditor Detection: Level '/Game/StarterContent/Maps/Minimal_Default.Minimal_Default:PersistentLevel' has LevelScriptBlueprint '/Game/StarterContent/Maps/Minimal_Default.Minimal_Default:PersistentLevel.Minimal_Default' with GeneratedClass '/Game/StarterContent/Maps/Minimal_Default.Minimal_Default_C' with ClassGeneratedBy '/Game/StarterContent/Maps/Minimal_Default.Minimal_Default:PersistentLevel.Minimal_Default'
[2019.04.29-21.40.50:822][ 90]LogBlueprintUserMessages: Early EndPlayMap Detection: Level '/Game/StarterContent/Maps/Minimal_Default.Minimal_Default:PersistentLevel' has LevelScriptBlueprint '/Game/StarterContent/Maps/Minimal_Default.Minimal_Default:PersistentLevel.Minimal_Default' with GeneratedClass '/Game/StarterContent/Maps/Minimal_Default.Minimal_Default_C' with ClassGeneratedBy '/Game/StarterContent/Maps/Minimal_Default.Minimal_Default:PersistentLevel.Minimal_Default'
[2019.04.29-21.40.50:823][ 90]LogSlate: Updating window title bar state: overlay mode, drag disabled, window buttons hidden, title bar hidden
[2019.04.29-21.40.50:890][ 90]LogPlayLevel: Display: Shutting down PIE online subsystems
[2019.04.29-21.40.50:890][ 90]LogBlueprintUserMessages: Late EndPlayMap Detection: Level '/Game/StarterContent/Maps/Minimal_Default.Minimal_Default:PersistentLevel' has LevelScriptBlueprint '/Game/StarterContent/Maps/Minimal_Default.Minimal_Default:PersistentLevel.Minimal_Default' with GeneratedClass '/Game/StarterContent/Maps/Minimal_Default.Minimal_Default_C' with ClassGeneratedBy '/Game/StarterContent/Maps/Minimal_Default.Minimal_Default:PersistentLevel.Minimal_Default'
[2019.04.29-21.40.50:959][ 90]LogSlate: Updating window title bar state: overlay mode, drag disabled, window buttons hidden, title bar hidden
[2019.04.29-21.40.51:037][ 91]LogPlayLevel: Display: Destroying online subsystem :Context_4
[2019.04.29-21.47.42:894][249]LogShaderCompilers: Display: Shaders left to compile 86
[2019.04.29-21.49.01:359][992]LogEditorViewport: Clicking on Actor (LMB): StaticMeshActor (HillTree_P2)
[2019.04.29-21.49.02:495][  6]LogEditorViewport: Clicking on Actor (context menu): StaticMeshActor (HillTree_P2)
[2019.04.29-21.49.02:635][  6]LogSlate: FSceneViewport::OnFocusLost() reason 2
[2019.04.29-21.49.05:645][ 51]LogShaderCompilers: Display: Shaders left to compile 76
[2019.04.29-21.49.06:558][ 63]Cmd: DELETE
[2019.04.29-21.49.06:558][ 63]Cmd: ACTOR DELETE
[2019.04.29-21.49.06:629][ 63]LogEditorActor: Deleted Actor: StaticMeshActor
[2019.04.29-21.49.06:691][ 63]LogEditorActor: Deleted 1 Actors (0.122 secs)
[2019.04.29-21.49.34:836][848]LogSlate: FSceneViewport::OnFocusLost() reason 0
[2019.04.29-21.52.17:284][482]LogShaderCompilers: Display: Shaders left to compile 66
[2019.04.29-21.54.37:141][294]LogSlate: FSceneViewport::OnFocusLost() reason 0
[2019.04.29-21.54.48:587][513]LogSlate: Prevented a slow task dialog from being summoned while a context menu was open
[2019.04.29-21.54.48:627][513]LogLinker: Warning: Can't find file '/Game/ExampleContent/ScriptExamples/PivotPainter2/Materials/PivotPainterLight'
[2019.04.29-21.54.48:628][513]LogLinker: Warning: Can't find file for asset '/Game/ExampleContent/ScriptExamples/PivotPainter2/Materials/PivotPainterLight' while loading ../../../../../../Users/Joesph/Documents/Unreal Projects/CSC462/Content/PivotPainter2/Blueprints/PivotPainterLights.uasset.
[2019.04.29-21.54.48:628][513]LoadErrors: Error: /Game/PivotPainter2/Blueprints/PivotPainterLights : Can't find file for asset. /Game/ExampleContent/ScriptExamples/PivotPainter2/Materials/PivotPainterLight
[2019.04.29-21.54.48:629][513]LogLinker: Warning: Can't find file '/Game/DemoRoom/Materials/M_DemoWall_Inst'
[2019.04.29-21.54.48:629][513]LogLinker: Warning: Can't find file for asset '/Game/DemoRoom/Materials/M_DemoWall_Inst' while loading ../../../../../../Users/Joesph/Documents/Unreal Projects/CSC462/Content/PivotPainter2/Blueprints/PivotPainterLights.uasset.
[2019.04.29-21.54.48:629][513]LoadErrors: Error: /Game/PivotPainter2/Blueprints/PivotPainterLights : Can't find file for asset. /Game/DemoRoom/Materials/M_DemoWall_Inst
[2019.04.29-21.54.48:630][513]LogLinker: Warning: Can't find file '/Game/DemoRoom/Materials/M_DemoWall_Inst_NamePlate'
[2019.04.29-21.54.48:631][513]LogLinker: Warning: Can't find file for asset '/Game/DemoRoom/Materials/M_DemoWall_Inst_NamePlate' while loading ../../../../../../Users/Joesph/Documents/Unreal Projects/CSC462/Content/PivotPainter2/Blueprints/PivotPainterLights.uasset.
[2019.04.29-21.54.48:631][513]LoadErrors: Error: /Game/PivotPainter2/Blueprints/PivotPainterLights : Can't find file for asset. /Game/DemoRoom/Materials/M_DemoWall_Inst_NamePlate
[2019.04.29-21.54.48:631][513]LogLinker: Warning: Can't find file '/Game/DemoRoom/Materials/M_DemoWall_Inst'
[2019.04.29-21.54.48:632][513]LogLinker: Warning: Can't find file for asset '/Game/DemoRoom/Materials/M_DemoWall_Inst' while loading ../../../../../../Users/Joesph/Documents/Unreal Projects/CSC462/Content/PivotPainter2/Blueprints/PivotPainterLights.uasset.
[2019.04.29-21.54.48:632][513]LogLinker: Warning: Can't find file '/Game/DemoRoom/Materials/M_DemoWall_Inst_NamePlate'
[2019.04.29-21.54.48:633][513]LogLinker: Warning: Can't find file for asset '/Game/DemoRoom/Materials/M_DemoWall_Inst_NamePlate' while loading ../../../../../../Users/Joesph/Documents/Unreal Projects/CSC462/Content/PivotPainter2/Blueprints/PivotPainterLights.uasset.
[2019.04.29-21.54.48:634][513]LogLinker: Warning: Can't find file '/Game/ExampleContent/ScriptExamples/PivotPainter2/Materials/PivotPainterLight'
[2019.04.29-21.54.48:634][513]LogLinker: Warning: Can't find file for asset '/Game/ExampleContent/ScriptExamples/PivotPainter2/Materials/PivotPainterLight' while loading ../../../../../../Users/Joesph/Documents/Unreal Projects/CSC462/Content/PivotPainter2/Blueprints/PivotPainterLights.uasset.
[2019.04.29-21.54.48:635][513]LogLinker: Warning: Can't find file '/Game/ExampleContent/ScriptExamples/PivotPainter2/StaticMesh/GroundLight_Loft002'
[2019.04.29-21.54.48:636][513]LogLinker: Warning: Can't find file for asset '/Game/ExampleContent/ScriptExamples/PivotPainter2/StaticMesh/GroundLight_Loft002' while loading ../../../../../../Users/Joesph/Documents/Unreal Projects/CSC462/Content/PivotPainter2/Blueprints/PivotPainterLights.uasset.
[2019.04.29-21.54.48:636][513]LoadErrors: Error: /Game/PivotPainter2/Blueprints/PivotPainterLights : Can't find file for asset. /Game/ExampleContent/ScriptExamples/PivotPainter2/StaticMesh/GroundLight_Loft002
[2019.04.29-21.54.48:637][513]LogLinker: Warning: Can't find file '/Game/Unsorted/JW_IES4'
[2019.04.29-21.54.48:637][513]LogLinker: Warning: Can't find file for asset '/Game/Unsorted/JW_IES4' while loading ../../../../../../Users/Joesph/Documents/Unreal Projects/CSC462/Content/PivotPainter2/Blueprints/PivotPainterLights.uasset.
[2019.04.29-21.54.48:637][513]LoadErrors: Error: /Game/PivotPainter2/Blueprints/PivotPainterLights : Can't find file for asset. /Game/Unsorted/JW_IES4
[2019.04.29-21.54.48:638][513]LogLinker: Warning: Can't find file '/Game/ExampleContent/ScriptExamples/PivotPainter2/StaticMesh/GroundLight_Loft002'
[2019.04.29-21.54.48:639][513]LogLinker: Warning: Can't find file for asset '/Game/ExampleContent/ScriptExamples/PivotPainter2/StaticMesh/GroundLight_Loft002' while loading ../../../../../../Users/Joesph/Documents/Unreal Projects/CSC462/Content/PivotPainter2/Blueprints/PivotPainterLights.uasset.
[2019.04.29-21.54.48:639][513]LogLinker: Warning: Can't find file '/Game/Unsorted/JW_IES4'
[2019.04.29-21.54.48:639][513]LogLinker: Warning: Can't find file for asset '/Game/Unsorted/JW_IES4' while loading ../../../../../../Users/Joesph/Documents/Unreal Projects/CSC462/Content/PivotPainter2/Blueprints/PivotPainterLights.uasset.
[2019.04.29-21.54.48:642][513]LogLinker: Warning: Can't find file '/Game/ExampleContent/ScriptExamples/PivotPainter2/Materials/PivotPainterLight'
[2019.04.29-21.54.48:643][513]LogLinker: Warning: Can't find file for asset '/Game/ExampleContent/ScriptExamples/PivotPainter2/Materials/PivotPainterLight' while loading NULL.
[2019.04.29-21.54.48:643][513]LogLinker: Warning: Can't find file '/Game/DemoRoom/Materials/M_DemoWall_Inst'
[2019.04.29-21.54.48:644][513]LogLinker: Warning: Can't find file for asset '/Game/DemoRoom/Materials/M_DemoWall_Inst' while loading NULL.
[2019.04.29-21.54.48:644][513]LogLinker: Warning: Can't find file '/Game/DemoRoom/Materials/M_DemoWall_Inst_NamePlate'
[2019.04.29-21.54.48:645][513]LogLinker: Warning: Can't find file for asset '/Game/DemoRoom/Materials/M_DemoWall_Inst_NamePlate' while loading NULL.
[2019.04.29-21.54.48:645][513]LogLinker: Warning: Can't find file '/Game/DemoRoom/Materials/M_DemoWall_Inst'
[2019.04.29-21.54.48:646][513]LogLinker: Warning: Can't find file for asset '/Game/DemoRoom/Materials/M_DemoWall_Inst' while loading NULL.
[2019.04.29-21.54.48:646][513]LogLinker: Warning: Can't find file '/Game/DemoRoom/Materials/M_DemoWall_Inst_NamePlate'
[2019.04.29-21.54.48:647][513]LogLinker: Warning: Can't find file for asset '/Game/DemoRoom/Materials/M_DemoWall_Inst_NamePlate' while loading NULL.
[2019.04.29-21.54.48:647][513]LogLinker: Warning: Can't find file '/Game/ExampleContent/ScriptExamples/PivotPainter2/Materials/PivotPainterLight'
[2019.04.29-21.54.48:648][513]LogLinker: Warning: Can't find file for asset '/Game/ExampleContent/ScriptExamples/PivotPainter2/Materials/PivotPainterLight' while loading NULL.
[2019.04.29-21.54.48:649][513]LogLinker: Warning: Can't find file '/Game/ExampleContent/ScriptExamples/PivotPainter2/StaticMesh/GroundLight_Loft002'
[2019.04.29-21.54.48:649][513]LogLinker: Warning: Can't find file for asset '/Game/ExampleContent/ScriptExamples/PivotPainter2/StaticMesh/GroundLight_Loft002' while loading NULL.
[2019.04.29-21.54.48:650][513]LogLinker: Warning: Can't find file '/Game/Unsorted/JW_IES4'
[2019.04.29-21.54.48:650][513]LogLinker: Warning: Can't find file for asset '/Game/Unsorted/JW_IES4' while loading NULL.
[2019.04.29-21.54.48:650][513]LogLinker: Warning: Can't find file '/Game/ExampleContent/ScriptExamples/PivotPainter2/StaticMesh/GroundLight_Loft002'
[2019.04.29-21.54.48:651][513]LogLinker: Warning: Can't find file for asset '/Game/ExampleContent/ScriptExamples/PivotPainter2/StaticMesh/GroundLight_Loft002' while loading NULL.
[2019.04.29-21.54.48:651][513]LogLinker: Warning: Can't find file '/Game/Unsorted/JW_IES4'
[2019.04.29-21.54.48:652][513]LogLinker: Warning: Can't find file for asset '/Game/Unsorted/JW_IES4' while loading NULL.
[2019.04.29-21.54.48:655][513]LogLinker: Warning: Can't find file '/Game/ExampleContent/ScriptExamples/PivotPainter2/StaticMesh/GroundLight_Loft002'
[2019.04.29-21.54.48:655][513]LoadErrors: Failed to load /Game/ExampleContent/ScriptExamples/PivotPainter2/StaticMesh/GroundLight_Loft002.GroundLight_Loft002 Referenced by StaticMesh_GEN_VARIABLE
[2019.04.29-21.54.48:656][513]LogLinker: Warning: Can't find file for asset '/Game/ExampleContent/ScriptExamples/PivotPainter2/StaticMesh/GroundLight_Loft002' while loading NULL.
[2019.04.29-21.54.48:657][513]LogLinker: Warning: Can't find file '/Game/DemoRoom/Materials/M_DemoWall_Inst'
[2019.04.29-21.54.48:657][513]LoadErrors: Failed to load /Game/DemoRoom/Materials/M_DemoWall_Inst.M_DemoWall_Inst Referenced by StaticMesh_GEN_VARIABLE
[2019.04.29-21.54.48:658][513]LogLinker: Warning: Can't find file for asset '/Game/DemoRoom/Materials/M_DemoWall_Inst' while loading NULL.
[2019.04.29-21.54.48:658][513]LogLinker: Warning: Can't find file '/Game/ExampleContent/ScriptExamples/PivotPainter2/Materials/PivotPainterLight'
[2019.04.29-21.54.48:658][513]LoadErrors: Failed to load /Game/ExampleContent/ScriptExamples/PivotPainter2/Materials/PivotPainterLight.PivotPainterLight Referenced by StaticMesh_GEN_VARIABLE
[2019.04.29-21.54.48:659][513]LogLinker: Warning: Can't find file for asset '/Game/ExampleContent/ScriptExamples/PivotPainter2/Materials/PivotPainterLight' while loading NULL.
[2019.04.29-21.54.48:659][513]LogLinker: Warning: Can't find file '/Game/DemoRoom/Materials/M_DemoWall_Inst_NamePlate'
[2019.04.29-21.54.48:660][513]LoadErrors: Failed to load /Game/DemoRoom/Materials/M_DemoWall_Inst_NamePlate.M_DemoWall_Inst_NamePlate Referenced by StaticMesh_GEN_VARIABLE
[2019.04.29-21.54.48:660][513]LogLinker: Warning: Can't find file for asset '/Game/DemoRoom/Materials/M_DemoWall_Inst_NamePlate' while loading NULL.
[2019.04.29-21.54.48:661][513]LogLinker: Warning: Can't find file '/Game/Unsorted/JW_IES4'
[2019.04.29-21.54.48:661][513]LoadErrors: Failed to load /Game/Unsorted/JW_IES4.JW_IES4 Referenced by SpotLight_GEN_VARIABLE
[2019.04.29-21.54.48:661][513]LogLinker: Warning: Can't find file for asset '/Game/Unsorted/JW_IES4' while loading NULL.
[2019.04.29-21.54.48:692][513]LogLinker: Warning: Can't find file '/Game/ExampleContent/ScriptExamples/PivotPainter2/Textures/B42_PivPos_SelOrder_IntAsFloat_UV_2'
[2019.04.29-21.54.48:693][513]LogLinker: Warning: Can't find file for asset '/Game/ExampleContent/ScriptExamples/PivotPainter2/Textures/B42_PivPos_SelOrder_IntAsFloat_UV_2' while loading ../../../../../../Users/Joesph/Documents/Unreal Projects/CSC462/Content/PivotPainter2/Materials/BuildHouse.uasset.
[2019.04.29-21.54.48:693][513]LoadErrors: Error: /Game/PivotPainter2/Materials/BuildHouse : Can't find file for asset. /Game/ExampleContent/ScriptExamples/PivotPainter2/Textures/B42_PivPos_SelOrder_IntAsFloat_UV_2
[2019.04.29-21.54.48:693][513]LogLinker: Warning: Can't find file '/Game/ExampleContent/ScriptExamples/PivotPainter2/Textures/Box042_rgb_XVector_a_Random0-1_UV_2'
[2019.04.29-21.54.48:694][513]LogLinker: Warning: Can't find file for asset '/Game/ExampleContent/ScriptExamples/PivotPainter2/Textures/Box042_rgb_XVector_a_Random0-1_UV_2' while loading ../../../../../../Users/Joesph/Documents/Unreal Projects/CSC462/Content/PivotPainter2/Materials/BuildHouse.uasset.
[2019.04.29-21.54.48:694][513]LoadErrors: Error: /Game/PivotPainter2/Materials/BuildHouse : Can't find file for asset. /Game/ExampleContent/ScriptExamples/PivotPainter2/Textures/Box042_rgb_XVector_a_Random0-1_UV_2
[2019.04.29-21.54.48:695][513]LogLinker: Warning: Can't find file '/Game/ExampleContent/ScriptExamples/PivotPainter2/Textures/B42_PivPos_SelOrder_IntAsFloat_UV_2'
[2019.04.29-21.54.48:696][513]LogLinker: Warning: Can't find file for asset '/Game/ExampleContent/ScriptExamples/PivotPainter2/Textures/B42_PivPos_SelOrder_IntAsFloat_UV_2' while loading ../../../../../../Users/Joesph/Documents/Unreal Projects/CSC462/Content/PivotPainter2/Materials/BuildHouse.uasset.
[2019.04.29-21.54.48:696][513]LogLinker: Warning: Can't find file '/Game/ExampleContent/ScriptExamples/PivotPainter2/Textures/Box042_rgb_XVector_a_Random0-1_UV_2'
[2019.04.29-21.54.48:697][513]LogLinker: Warning: Can't find file for asset '/Game/ExampleContent/ScriptExamples/PivotPainter2/Textures/Box042_rgb_XVector_a_Random0-1_UV_2' while loading ../../../../../../Users/Joesph/Documents/Unreal Projects/CSC462/Content/PivotPainter2/Materials/BuildHouse.uasset.
[2019.04.29-21.54.48:705][513]LogLinker: Warning: Can't find file '/Game/ExampleContent/ScriptExamples/PivotPainter2/Textures/Box042_rgb_XVector_a_Random0-1_UV_2'
[2019.04.29-21.54.48:705][513]LoadErrors: Failed to load /Game/ExampleContent/ScriptExamples/PivotPainter2/Textures/Box042_rgb_XVector_a_Random0-1_UV_2.Box042_rgb_XVector_a_Random0-1_UV_2 Referenced by MaterialExpressionTextureSample_1
[2019.04.29-21.54.48:705][513]LogLinker: Warning: Can't find file for asset '/Game/ExampleContent/ScriptExamples/PivotPainter2/Textures/Box042_rgb_XVector_a_Random0-1_UV_2' while loading NULL.
[2019.04.29-21.54.48:706][513]LogLinker: Warning: Can't find file '/Game/ExampleContent/ScriptExamples/PivotPainter2/Textures/B42_PivPos_SelOrder_IntAsFloat_UV_2'
[2019.04.29-21.54.48:707][513]LoadErrors: Failed to load /Game/ExampleContent/ScriptExamples/PivotPainter2/Textures/B42_PivPos_SelOrder_IntAsFloat_UV_2.B42_PivPos_SelOrder_IntAsFloat_UV_2 Referenced by MaterialExpressionTextureSample_3
[2019.04.29-21.54.48:708][513]LogLinker: Warning: Can't find file for asset '/Game/ExampleContent/ScriptExamples/PivotPainter2/Textures/B42_PivPos_SelOrder_IntAsFloat_UV_2' while loading NULL.
[2019.04.29-21.54.48:716][513]LogMaterial: Display: Missing cached shader map for material BuildHouse, compiling. 
[2019.04.29-21.54.48:718][513]LogMaterial: Warning: C:\Users\Joesph\Documents\Unreal Projects\CSC462\Content\PivotPainter2\Materials\BuildHouse.uasset: Failed to compile Material for platform PCD3D_SM5, Default Material will be used in game.
[2019.04.29-21.54.48:718][513]LogMaterial: 	(Node TextureSample) Texture Sample> Missing input texture
[2019.04.29-21.54.49:023][513]LogMaterial: Display: Missing cached shader map for material PivotPainterLight, compiling. 
[2019.04.29-21.54.49:116][513]LogLinker: Warning: Can't find file '/Game/ExampleContent/ScriptExamples/PivotPainter2/Materials/Extreme/HillTree_Leaves_2'
[2019.04.29-21.54.49:117][513]LogLinker: Warning: Can't find file for asset '/Game/ExampleContent/ScriptExamples/PivotPainter2/Materials/Extreme/HillTree_Leaves_2' while loading ../../../../../../Users/Joesph/Documents/Unreal Projects/CSC462/Content/PivotPainter2/Materials/Extreme/HillTree_Branches_2.uasset.
[2019.04.29-21.54.49:118][513]LoadErrors: Error: /Game/PivotPainter2/Materials/Extreme/HillTree_Branches_2 : Can't find file for asset. /Game/ExampleContent/ScriptExamples/PivotPainter2/Materials/Extreme/HillTree_Leaves_2
[2019.04.29-21.54.49:118][513]LogLinker: Warning: Can't find file '/Game/ExampleContent/ScriptExamples/PivotPainter2/Materials/Extreme/HillTree_Leaves_2'
[2019.04.29-21.54.49:119][513]LogLinker: Warning: Can't find file for asset '/Game/ExampleContent/ScriptExamples/PivotPainter2/Materials/Extreme/HillTree_Leaves_2' while loading ../../../../../../Users/Joesph/Documents/Unreal Projects/CSC462/Content/PivotPainter2/Materials/Extreme/HillTree_Branches_2.uasset.
[2019.04.29-21.54.49:120][513]LogLinker: Warning: Can't find file '/Game/ExampleContent/ScriptExamples/PivotPainter2/Materials/Extreme/HillTree_Leaves_2'
[2019.04.29-21.54.49:120][513]LoadErrors: Failed to load /Game/ExampleContent/ScriptExamples/PivotPainter2/Materials/Extreme/HillTree_Leaves_2.HillTree_Leaves_2 Referenced by HillTree_Branches_2
[2019.04.29-21.54.49:121][513]LogLinker: Warning: Can't find file for asset '/Game/ExampleContent/ScriptExamples/PivotPainter2/Materials/Extreme/HillTree_Leaves_2' while loading NULL.
[2019.04.29-21.54.49:152][513]LogLinker: Warning: Can't find file '/Game/ExampleContent/ScriptExamples/PivotPainter2/Materials/Extreme/HillTree_MasterInstance_2'
[2019.04.29-21.54.49:153][513]LogLinker: Warning: Can't find file for asset '/Game/ExampleContent/ScriptExamples/PivotPainter2/Materials/Extreme/HillTree_MasterInstance_2' while loading ../../../../../../Users/Joesph/Documents/Unreal Projects/CSC462/Content/PivotPainter2/Materials/Extreme/HillTree_Leaves_2.uasset.
[2019.04.29-21.54.49:154][513]LoadErrors: Error: /Game/PivotPainter2/Materials/Extreme/HillTree_Leaves_2 : Can't find file for asset. /Game/ExampleContent/ScriptExamples/PivotPainter2/Materials/Extreme/HillTree_MasterInstance_2
[2019.04.29-21.54.49:154][513]LogLinker: Warning: Can't find file '/Game/ExampleContent/ScriptExamples/PivotPainter2/Materials/Extreme/HillTree_MasterInstance_2'
[2019.04.29-21.54.49:155][513]LogLinker: Warning: Can't find file for asset '/Game/ExampleContent/ScriptExamples/PivotPainter2/Materials/Extreme/HillTree_MasterInstance_2' while loading ../../../../../../Users/Joesph/Documents/Unreal Projects/CSC462/Content/PivotPainter2/Materials/Extreme/HillTree_Leaves_2.uasset.
[2019.04.29-21.54.49:156][513]LogLinker: Warning: Can't find file '/Game/ExampleContent/ScriptExamples/PivotPainter2/Materials/Extreme/HillTree_MasterInstance_2'
[2019.04.29-21.54.49:156][513]LoadErrors: Failed to load /Game/ExampleContent/ScriptExamples/PivotPainter2/Materials/Extreme/HillTree_MasterInstance_2.HillTree_MasterInstance_2 Referenced by HillTree_Leaves_2
[2019.04.29-21.54.49:157][513]LogLinker: Warning: Can't find file for asset '/Game/ExampleContent/ScriptExamples/PivotPainter2/Materials/Extreme/HillTree_MasterInstance_2' while loading NULL.
[2019.04.29-21.54.49:175][513]LogLinker: Warning: Can't find file '/Game/ExampleContent/ScriptExamples/PivotPainter2/Materials/HillTree'
[2019.04.29-21.54.49:176][513]LogLinker: Warning: Can't find file for asset '/Game/ExampleContent/ScriptExamples/PivotPainter2/Materials/HillTree' while loading ../../../../../../Users/Joesph/Documents/Unreal Projects/CSC462/Content/PivotPainter2/Materials/Extreme/HillTree_MasterInstance_2.uasset.
[2019.04.29-21.54.49:176][513]LoadErrors: Error: /Game/PivotPainter2/Materials/Extreme/HillTree_MasterInstance_2 : Can't find file for asset. /Game/ExampleContent/ScriptExamples/PivotPainter2/Materials/HillTree
[2019.04.29-21.54.49:177][513]LogLinker: Warning: Can't find file '/Game/ExampleContent/ScriptExamples/PivotPainter2/Materials/HillTree'
[2019.04.29-21.54.49:177][513]LogLinker: Warning: Can't find file for asset '/Game/ExampleContent/ScriptExamples/PivotPainter2/Materials/HillTree' while loading ../../../../../../Users/Joesph/Documents/Unreal Projects/CSC462/Content/PivotPainter2/Materials/Extreme/HillTree_MasterInstance_2.uasset.
[2019.04.29-21.54.49:178][513]LogLinker: Warning: Can't find file '/Game/ExampleContent/ScriptExamples/PivotPainter2/Textures/HillTree_P2_rgb_PivotPos_a_ParentIndexInt_UV_2'
[2019.04.29-21.54.49:179][513]LogLinker: Warning: Can't find file for asset '/Game/ExampleContent/ScriptExamples/PivotPainter2/Textures/HillTree_P2_rgb_PivotPos_a_ParentIndexInt_UV_2' while loading ../../../../../../Users/Joesph/Documents/Unreal Projects/CSC462/Content/PivotPainter2/Materials/Extreme/HillTree_MasterInstance_2.uasset.
[2019.04.29-21.54.49:179][513]LoadErrors: Error: /Game/PivotPainter2/Materials/Extreme/HillTree_MasterInstance_2 : Can't find file for asset. /Game/ExampleContent/ScriptExamples/PivotPainter2/Textures/HillTree_P2_rgb_PivotPos_a_ParentIndexInt_UV_2
[2019.04.29-21.54.49:179][513]LogLinker: Warning: Can't find file '/Game/ExampleContent/ScriptExamples/PivotPainter2/Textures/HT_P2_XVec_XExDiv2048r2048_UV_2'
[2019.04.29-21.54.49:180][513]LogLinker: Warning: Can't find file for asset '/Game/ExampleContent/ScriptExamples/PivotPainter2/Textures/HT_P2_XVec_XExDiv2048r2048_UV_2' while loading ../../../../../../Users/Joesph/Documents/Unreal Projects/CSC462/Content/PivotPainter2/Materials/Extreme/HillTree_MasterInstance_2.uasset.
[2019.04.29-21.54.49:180][513]LoadErrors: Error: /Game/PivotPainter2/Materials/Extreme/HillTree_MasterInstance_2 : Can't find file for asset. /Game/ExampleContent/ScriptExamples/PivotPainter2/Textures/HT_P2_XVec_XExDiv2048r2048_UV_2
[2019.04.29-21.54.49:181][513]LogLinker: Warning: Can't find file '/Game/ExampleContent/ScriptExamples/PivotPainter2/Textures/HillTree_P2_rgb_PivotPos_a_ParentIndexInt_UV_2'
[2019.04.29-21.54.49:182][513]LogLinker: Warning: Can't find file for asset '/Game/ExampleContent/ScriptExamples/PivotPainter2/Textures/HillTree_P2_rgb_PivotPos_a_ParentIndexInt_UV_2' while loading ../../../../../../Users/Joesph/Documents/Unreal Projects/CSC462/Content/PivotPainter2/Materials/Extreme/HillTree_MasterInstance_2.uasset.
[2019.04.29-21.54.49:183][513]LogLinker: Warning: Can't find file '/Game/ExampleContent/ScriptExamples/PivotPainter2/Textures/HT_P2_XVec_XExDiv2048r2048_UV_2'
[2019.04.29-21.54.49:183][513]LogLinker: Warning: Can't find file for asset '/Game/ExampleContent/ScriptExamples/PivotPainter2/Textures/HT_P2_XVec_XExDiv2048r2048_UV_2' while loading ../../../../../../Users/Joesph/Documents/Unreal Projects/CSC462/Content/PivotPainter2/Materials/Extreme/HillTree_MasterInstance_2.uasset.
[2019.04.29-21.54.49:185][513]LogLinker: Warning: Can't find file '/Game/ExampleContent/ScriptExamples/PivotPainter2/Materials/HillTree'
[2019.04.29-21.54.49:185][513]LoadErrors: Failed to load /Game/ExampleContent/ScriptExamples/PivotPainter2/Materials/HillTree.HillTree Referenced by HillTree_MasterInstance_2
[2019.04.29-21.54.49:186][513]LogLinker: Warning: Can't find file for asset '/Game/ExampleContent/ScriptExamples/PivotPainter2/Materials/HillTree' while loading NULL.
[2019.04.29-21.54.49:187][513]LogLinker: Warning: Can't find file '/Game/ExampleContent/ScriptExamples/PivotPainter2/Textures/HillTree_P2_rgb_PivotPos_a_ParentIndexInt_UV_2'
[2019.04.29-21.54.49:187][513]LoadErrors: Failed to load /Game/ExampleContent/ScriptExamples/PivotPainter2/Textures/HillTree_P2_rgb_PivotPos_a_ParentIndexInt_UV_2.HillTree_P2_rgb_PivotPos_a_ParentIndexInt_UV_2 Referenced by HillTree_MasterInstance_2
[2019.04.29-21.54.49:187][513]LogLinker: Warning: Can't find file for asset '/Game/ExampleContent/ScriptExamples/PivotPainter2/Textures/HillTree_P2_rgb_PivotPos_a_ParentIndexInt_UV_2' while loading NULL.
[2019.04.29-21.54.49:188][513]LogLinker: Warning: Can't find file '/Game/ExampleContent/ScriptExamples/PivotPainter2/Textures/HT_P2_XVec_XExDiv2048r2048_UV_2'
[2019.04.29-21.54.49:189][513]LoadErrors: Failed to load /Game/ExampleContent/ScriptExamples/PivotPainter2/Textures/HT_P2_XVec_XExDiv2048r2048_UV_2.HT_P2_XVec_XExDiv2048r2048_UV_2 Referenced by HillTree_MasterInstance_2
[2019.04.29-21.54.49:190][513]LogLinker: Warning: Can't find file for asset '/Game/ExampleContent/ScriptExamples/PivotPainter2/Textures/HT_P2_XVec_XExDiv2048r2048_UV_2' while loading NULL.
[2019.04.29-21.54.49:212][513]LogLinker: Warning: Can't find file '/Game/ExampleContent/ScriptExamples/PivotPainter2/Materials/Extreme/HillTree_Branches_2'
[2019.04.29-21.54.49:212][513]LogLinker: Warning: Can't find file for asset '/Game/ExampleContent/ScriptExamples/PivotPainter2/Materials/Extreme/HillTree_Branches_2' while loading ../../../../../../Users/Joesph/Documents/Unreal Projects/CSC462/Content/PivotPainter2/Materials/Extreme/HillTree_Trunk_Inst_2.uasset.
[2019.04.29-21.54.49:213][513]LoadErrors: Error: /Game/PivotPainter2/Materials/Extreme/HillTree_Trunk_Inst_2 : Can't find file for asset. /Game/ExampleContent/ScriptExamples/PivotPainter2/Materials/Extreme/HillTree_Branches_2
[2019.04.29-21.54.49:214][513]LogLinker: Warning: Can't find file '/Game/ExampleContent/ScriptExamples/PivotPainter2/Materials/Extreme/HillTree_Branches_2'
[2019.04.29-21.54.49:214][513]LogLinker: Warning: Can't find file for asset '/Game/ExampleContent/ScriptExamples/PivotPainter2/Materials/Extreme/HillTree_Branches_2' while loading ../../../../../../Users/Joesph/Documents/Unreal Projects/CSC462/Content/PivotPainter2/Materials/Extreme/HillTree_Trunk_Inst_2.uasset.
[2019.04.29-21.54.49:216][513]LogLinker: Warning: Can't find file '/Game/ExampleContent/ScriptExamples/PivotPainter2/Materials/Extreme/HillTree_Branches_2'
[2019.04.29-21.54.49:216][513]LoadErrors: Failed to load /Game/ExampleContent/ScriptExamples/PivotPainter2/Materials/Extreme/HillTree_Branches_2.HillTree_Branches_2 Referenced by HillTree_Trunk_Inst_2
[2019.04.29-21.54.49:217][513]LogLinker: Warning: Can't find file for asset '/Game/ExampleContent/ScriptExamples/PivotPainter2/Materials/Extreme/HillTree_Branches_2' while loading NULL.
[2019.04.29-21.54.49:316][513]LogStaticMesh: Building static mesh 1x1x1_Box_InvNrm...
[2019.04.29-21.54.49:386][513]LogStaticMesh: Built static mesh [0.10s] /Game/PivotPainter2/StaticMesh/1x1x1_Box_InvNrm.1x1x1_Box_InvNrm
[2019.04.29-21.54.49:444][513]LogStaticMesh: Building static mesh GroundLight_Loft002...
[2019.04.29-21.54.49:492][513]LogStaticMesh: Built static mesh [0.05s] /Game/PivotPainter2/StaticMesh/GroundLight_Loft002.GroundLight_Loft002
[2019.04.29-21.54.49:564][513]LogStaticMesh: Building static mesh House...
[2019.04.29-21.54.49:717][513]LogStaticMesh: Built static mesh [0.15s] /Game/PivotPainter2/StaticMesh/House.House
[2019.04.29-21.54.49:770][513]LogLinker: Warning: Can't find file '/Game/ExampleContent/ScriptExamples/PivotPainter2/Materials/HierarchicalGrowth'
[2019.04.29-21.54.49:771][513]LogLinker: Warning: Can't find file for asset '/Game/ExampleContent/ScriptExamples/PivotPainter2/Materials/HierarchicalGrowth' while loading ../../../../../../Users/Joesph/Documents/Unreal Projects/CSC462/Content/PivotPainter2/StaticMesh/TreeTest.uasset.
[2019.04.29-21.54.49:771][513]LoadErrors: Error: /Game/PivotPainter2/StaticMesh/TreeTest : Can't find file for asset. /Game/ExampleContent/ScriptExamples/PivotPainter2/Materials/HierarchicalGrowth
[2019.04.29-21.54.49:772][513]LogLinker: Warning: Can't find file '/Game/ExampleContent/ScriptExamples/PivotPainter2/Materials/HierarchicalGrowth'
[2019.04.29-21.54.49:773][513]LogLinker: Warning: Can't find file for asset '/Game/ExampleContent/ScriptExamples/PivotPainter2/Materials/HierarchicalGrowth' while loading ../../../../../../Users/Joesph/Documents/Unreal Projects/CSC462/Content/PivotPainter2/StaticMesh/TreeTest.uasset.
[2019.04.29-21.54.49:776][513]LogLinker: Warning: Can't find file '/Game/ExampleContent/ScriptExamples/PivotPainter2/Materials/HierarchicalGrowth'
[2019.04.29-21.54.49:777][513]LoadErrors: Failed to load /Game/ExampleContent/ScriptExamples/PivotPainter2/Materials/HierarchicalGrowth.HierarchicalGrowth Referenced by TreeTest
[2019.04.29-21.54.49:777][513]LogLinker: Warning: Can't find file for asset '/Game/ExampleContent/ScriptExamples/PivotPainter2/Materials/HierarchicalGrowth' while loading NULL.
[2019.04.29-21.54.52:287][513]LogStaticMesh: Building static mesh TreeTest...
[2019.04.29-21.55.35:255][513]LogShaderCompilers: Display: Shaders left to compile 78
[2019.04.29-21.55.35:255][513]LogShaderCompilers: Display: Shaders left to compile 68
[2019.04.29-21.55.35:255][513]LogStaticMesh: Built static mesh [43.00s] /Game/PivotPainter2/StaticMesh/TreeTest.TreeTest
[2019.04.29-21.55.43:291][513]LogTexture: Display: Building textures: B42_PivPos_SelOrder_IntAsFloat_UV_2 (RGBA16F, 30X2)
[2019.04.29-21.55.43:291][513]LogTexture: Display: Building textures: Box042_rgb_XVector_a_Random0-1_UV_2 (BGRA8, 30X2)
[2019.04.29-21.55.43:291][513]LogShaderCompilers: Display: Shaders left to compile 58
[2019.04.29-21.55.43:291][513]LogMaterial: Uniform references updated for custom material expression Custom.
[2019.04.29-21.55.46:965][513]LogMaterial: Display: Missing cached shader map for material 3dParticleOpacity_Mat, compiling. 
[2019.04.29-21.55.47:071][513]LogMaterial: Display: Missing cached shader map for material 3dParticleOpacity_Mat, compiling. 
[2019.04.29-21.55.47:523][513]LogMaterial: Display: Missing cached shader map for material FlowMaps, compiling. 
[2019.04.29-21.55.47:960][513]LogMaterial: Display: Missing cached shader map for material GradientMap_Multi_Example, compiling. 
[2019.04.29-21.55.48:068][513]LogMaterial: Display: Missing cached shader map for material HueShift_Mat, compiling. 
[2019.04.29-21.55.48:306][513]LogMaterial: Display: Missing cached shader map for material ReorientedNormalsDemo, compiling. 
[2019.04.29-21.55.48:493][513]LogMaterial: Display: Missing cached shader map for material StaticMeshDecal, compiling. 
[2019.04.29-21.55.48:573][513]LogMaterial: Display: Missing cached shader map for material testDynamicbranch, compiling. 
[2019.04.29-21.55.48:646][513]LogMaterial: Display: Missing cached shader map for material TestMatrixTransform, compiling. 
[2019.04.29-21.55.48:734][513]LogMaterial: Display: Missing cached shader map for material MacroUVs, compiling. 
[2019.04.29-21.55.48:954][513]LogMaterial: Display: Missing cached shader map for material SimplePivotPainterExampleMat, compiling. 
[2019.04.29-21.55.49:047][513]LogMaterial: Display: Missing cached shader map for material SimplePivotPainterExampleMat, compiling. 
[2019.04.29-21.55.49:762][513]LogMaterial: Display: Missing cached shader map for material TextureBasedMorphDemo, compiling. 
